#
# There is insufficient memory for the Java Runtime Environment to continue.
# Native memory allocation (malloc) failed to allocate 507776 bytes. Error detail: Chunk::new
# Possible reasons:
#   The system is out of physical RAM or swap space
#   This process is running with CompressedOops enabled, and the Java Heap may be blocking the growth of the native heap
# Possible solutions:
#   Reduce memory load on the system
#   Increase physical memory or swap space
#   Check if swap backing store is full
#   Decrease Java heap size (-Xmx/-Xms)
#   Decrease number of Java threads
#   Decrease Java thread stack sizes (-Xss)
#   Set larger code cache with -XX:ReservedCodeCacheSize=
#   JVM is running with Unscaled Compressed Oops mode in which the Java heap is
#     placed in the first 4GB address space. The Java Heap base address is the
#     maximum limit for the native heap growth. Please use -XX:HeapBaseMinAddress
#     to set the Java Heap base and to place the Java Heap above 4GB virtual address.
# This output file may be truncated or incomplete.
#
#  Out of Memory Error (arena.cpp:191), pid=13588, tid=44228
#
# JRE version: OpenJDK Runtime Environment Microsoft-10376486 (17.0.13+11) (build 17.0.13+11-LTS)
# Java VM: OpenJDK 64-Bit Server VM Microsoft-10376486 (17.0.13+11-LTS, mixed mode, sharing, tiered, compressed oops, compressed class ptrs, g1 gc, windows-amd64)
# No core dump will be written. Minidumps are not enabled by default on client versions of Windows
#

---------------  S U M M A R Y ------------

Command Line: --add-opens=java.base/java.lang=ALL-UNNAMED --add-opens=java.base/java.lang.invoke=ALL-UNNAMED --add-opens=java.base/java.util=ALL-UNNAMED --add-opens=java.prefs/java.util.prefs=ALL-UNNAMED --add-exports=jdk.compiler/com.sun.tools.javac.api=ALL-UNNAMED --add-exports=jdk.compiler/com.sun.tools.javac.util=ALL-UNNAMED --add-opens=java.base/java.util=ALL-UNNAMED --add-opens=java.prefs/java.util.prefs=ALL-UNNAMED --add-opens=java.base/java.nio.charset=ALL-UNNAMED --add-opens=java.base/java.net=ALL-UNNAMED --add-opens=java.base/java.util.concurrent.atomic=ALL-UNNAMED --add-opens=java.xml/javax.xml.namespace=ALL-UNNAMED -XX:MaxMetaspaceSize=384m -XX:+HeapDumpOnOutOfMemoryError -Xms256m -Xmx512m -Dfile.encoding=UTF-8 -Duser.country=US -Duser.language=en -Duser.variant -javaagent:C:\Users\DLCH\.gradle\wrapper\dists\gradle-8.12.1-bin\eumc4uhoysa37zql93vfjkxy0\gradle-8.12.1\lib\agents\gradle-instrumentation-agent-8.12.1.jar org.gradle.launcher.daemon.bootstrap.GradleDaemon 8.12.1

Host: AMD Ryzen 5 4600H with Radeon Graphics         , 12 cores, 15G,  Windows 11 , 64 bit Build 26100 (10.0.26100.3037)
Time: Thu Feb 20 16:30:13 2025 SE Asia Standard Time elapsed time: 121.960886 seconds (0d 0h 2m 1s)

---------------  T H R E A D  ---------------

Current thread (0x00000133ac4ccce0):  JavaThread "C2 CompilerThread0" daemon [_thread_in_native, id=44228, stack(0x00000016b2a00000,0x00000016b2b00000)]


Current CompileTask:
C2: 121961 3436       4       org.gradle.launcher.daemon.context.DefaultDaemonContext$Serializer::read (229 bytes)

Stack: [0x00000016b2a00000,0x00000016b2b00000]
Native frames: (J=compiled Java code, j=interpreted, Vv=VM code, C=native code)
V  [jvm.dll+0x687fc9]
V  [jvm.dll+0x83eeb8]
V  [jvm.dll+0x840963]
V  [jvm.dll+0x840fd3]
V  [jvm.dll+0x24951f]
V  [jvm.dll+0xad0c4]
V  [jvm.dll+0xad75c]
V  [jvm.dll+0x36aafe]
V  [jvm.dll+0x1bcd72]
V  [jvm.dll+0x21a8bc]
V  [jvm.dll+0x219b7f]
V  [jvm.dll+0x1a5506]
V  [jvm.dll+0x22a1ca]
V  [jvm.dll+0x22830b]
V  [jvm.dll+0x7f4708]
V  [jvm.dll+0x7eea6c]
V  [jvm.dll+0x686ea7]
C  [ucrtbase.dll+0x37b0]
C  [KERNEL32.DLL+0x2e8d7]
C  [ntdll.dll+0xbbf2c]


---------------  P R O C E S S  ---------------

Threads class SMR info:
_java_thread_list=0x00000133c70b0210, length=29, elements={
0x00000133914d8db0, 0x00000133ac4b1010, 0x00000133ac4b2650, 0x00000133ac4c4580,
0x00000133ac4c8e70, 0x00000133ac4c9740, 0x00000133ac4ca010, 0x00000133ac4ccce0,
0x00000133ac4fc7f0, 0x00000133ac4fd880, 0x00000133ac5da5a0, 0x00000133ac69ce10,
0x00000133c6d5fd70, 0x00000133c6d5e930, 0x00000133c6d5cfe0, 0x00000133c6d5d4f0,
0x00000133c6d60280, 0x00000133c6d5da00, 0x00000133c6d5cad0, 0x00000133c6d5e420,
0x00000133c6d5df10, 0x00000133c6d5f350, 0x00000133c8173400, 0x00000133c8174840,
0x00000133c8174d50, 0x00000133c8175260, 0x00000133c8174330, 0x00000133c81724d0,
0x00000133c81729e0
}

Java Threads: ( => current thread )
  0x00000133914d8db0 JavaThread "main" [_thread_blocked, id=14052, stack(0x00000016b1d00000,0x00000016b1e00000)]
  0x00000133ac4b1010 JavaThread "Reference Handler" daemon [_thread_blocked, id=9272, stack(0x00000016b2400000,0x00000016b2500000)]
  0x00000133ac4b2650 JavaThread "Finalizer" daemon [_thread_blocked, id=45644, stack(0x00000016b2500000,0x00000016b2600000)]
  0x00000133ac4c4580 JavaThread "Signal Dispatcher" daemon [_thread_blocked, id=35832, stack(0x00000016b2600000,0x00000016b2700000)]
  0x00000133ac4c8e70 JavaThread "Attach Listener" daemon [_thread_blocked, id=44808, stack(0x00000016b2700000,0x00000016b2800000)]
  0x00000133ac4c9740 JavaThread "Service Thread" daemon [_thread_blocked, id=7980, stack(0x00000016b2800000,0x00000016b2900000)]
  0x00000133ac4ca010 JavaThread "Monitor Deflation Thread" daemon [_thread_blocked, id=24328, stack(0x00000016b2900000,0x00000016b2a00000)]
=>0x00000133ac4ccce0 JavaThread "C2 CompilerThread0" daemon [_thread_in_native, id=44228, stack(0x00000016b2a00000,0x00000016b2b00000)]
  0x00000133ac4fc7f0 JavaThread "C1 CompilerThread0" daemon [_thread_blocked, id=13172, stack(0x00000016b2b00000,0x00000016b2c00000)]
  0x00000133ac4fd880 JavaThread "Sweeper thread" daemon [_thread_blocked, id=12180, stack(0x00000016b2c00000,0x00000016b2d00000)]
  0x00000133ac5da5a0 JavaThread "Common-Cleaner" daemon [_thread_blocked, id=41596, stack(0x00000016b2d00000,0x00000016b2e00000)]
  0x00000133ac69ce10 JavaThread "Notification Thread" daemon [_thread_blocked, id=8320, stack(0x00000016b2e00000,0x00000016b2f00000)]
  0x00000133c6d5fd70 JavaThread "Daemon health stats" [_thread_blocked, id=17936, stack(0x00000016b3500000,0x00000016b3600000)]
  0x00000133c6d5e930 JavaThread "Incoming local TCP Connector on port 54504" [_thread_in_native, id=44628, stack(0x00000016b3600000,0x00000016b3700000)]
  0x00000133c6d5cfe0 JavaThread "Daemon periodic checks" [_thread_blocked, id=44164, stack(0x00000016b3700000,0x00000016b3800000)]
  0x00000133c6d5d4f0 JavaThread "Daemon" [_thread_blocked, id=132, stack(0x00000016b3800000,0x00000016b3900000)]
  0x00000133c6d60280 JavaThread "Handler for socket connection from /127.0.0.1:54504 to /127.0.0.1:54505" [_thread_in_native, id=10916, stack(0x00000016b3900000,0x00000016b3a00000)]
  0x00000133c6d5da00 JavaThread "Cancel handler" [_thread_blocked, id=13740, stack(0x00000016b3a00000,0x00000016b3b00000)]
  0x00000133c6d5cad0 JavaThread "Daemon worker" [_thread_blocked, id=19280, stack(0x00000016b3b00000,0x00000016b3c00000)]
  0x00000133c6d5e420 JavaThread "Asynchronous log dispatcher for DefaultDaemonConnection: socket connection from /127.0.0.1:54504 to /127.0.0.1:54505" [_thread_blocked, id=24536, stack(0x00000016b3c00000,0x00000016b3d00000)]
  0x00000133c6d5df10 JavaThread "Stdin handler" [_thread_blocked, id=8036, stack(0x00000016b3d00000,0x00000016b3e00000)]
  0x00000133c6d5f350 JavaThread "Daemon client event forwarder" [_thread_blocked, id=17388, stack(0x00000016b3e00000,0x00000016b3f00000)]
  0x00000133c8173400 JavaThread "Cache worker for journal cache (C:\Users\DLCH\.gradle\caches\journal-1)" [_thread_blocked, id=12700, stack(0x00000016b3f00000,0x00000016b4000000)]
  0x00000133c8174840 JavaThread "File lock request listener" [_thread_in_native, id=23532, stack(0x00000016b4000000,0x00000016b4100000)]
  0x00000133c8174d50 JavaThread "Cache worker for file hash cache (C:\Users\DLCH\.gradle\caches\8.12.1\fileHashes)" [_thread_blocked, id=17432, stack(0x00000016b4200000,0x00000016b4300000)]
  0x00000133c8175260 JavaThread "Cache worker for file hash cache (D:\KTPM_CardioTrackPharmacy\CardioTrackBackend\APIGateway\.gradle\8.12.1\fileHashes)" [_thread_blocked, id=10064, stack(0x00000016b4300000,0x00000016b4400000)]
  0x00000133c8174330 JavaThread "Cache worker for Build Output Cleanup Cache (D:\KTPM_CardioTrackPharmacy\CardioTrackBackend\APIGateway\.gradle\buildOutputCleanup)" [_thread_blocked, id=44812, stack(0x00000016b4400000,0x00000016b4500000)]
  0x00000133c81724d0 JavaThread "File watcher server" daemon [_thread_in_native, id=43908, stack(0x00000016b4b00000,0x00000016b4c00000)]
  0x00000133c81729e0 JavaThread "File watcher consumer" daemon [_thread_blocked, id=12272, stack(0x00000016b4c00000,0x00000016b4d00000)]

Other Threads:
  0x00000133ac4abd10 VMThread "VM Thread" [stack: 0x00000016b2300000,0x00000016b2400000] [id=31716]
  0x00000133ac668970 WatcherThread [stack: 0x00000016b2f00000,0x00000016b3000000] [id=34040]
  0x0000013391508c60 GCTaskThread "GC Thread#0" [stack: 0x00000016b1e00000,0x00000016b1f00000] [id=21832]
  0x00000133ac8a3dd0 GCTaskThread "GC Thread#1" [stack: 0x00000016b3000000,0x00000016b3100000] [id=45852]
  0x00000133c62ca0a0 GCTaskThread "GC Thread#2" [stack: 0x00000016b3100000,0x00000016b3200000] [id=44076]
  0x00000133c62ca360 GCTaskThread "GC Thread#3" [stack: 0x00000016b3200000,0x00000016b3300000] [id=26608]
  0x00000133c62ca620 GCTaskThread "GC Thread#4" [stack: 0x00000016b3300000,0x00000016b3400000] [id=19752]
  0x00000133c62ca8e0 GCTaskThread "GC Thread#5" [stack: 0x00000016b3400000,0x00000016b3500000] [id=24860]
  0x00000133c82b54f0 GCTaskThread "GC Thread#6" [stack: 0x00000016b4500000,0x00000016b4600000] [id=9956]
  0x00000133c82b4cb0 GCTaskThread "GC Thread#7" [stack: 0x00000016b4600000,0x00000016b4700000] [id=11512]
  0x00000133c82b4f70 GCTaskThread "GC Thread#8" [stack: 0x00000016b4700000,0x00000016b4800000] [id=44684]
  0x00000133c82b5a70 GCTaskThread "GC Thread#9" [stack: 0x00000016b4800000,0x00000016b4900000] [id=17428]
  0x000001339150dac0 ConcurrentGCThread "G1 Main Marker" [stack: 0x00000016b1f00000,0x00000016b2000000] [id=13384]
  0x000001339150f400 ConcurrentGCThread "G1 Conc#0" [stack: 0x00000016b2000000,0x00000016b2100000] [id=14732]
  0x00000133c82b5230 ConcurrentGCThread "G1 Conc#1" [stack: 0x00000016b4900000,0x00000016b4a00000] [id=44904]
  0x00000133c82b5d30 ConcurrentGCThread "G1 Conc#2" [stack: 0x00000016b4a00000,0x00000016b4b00000] [id=12540]
  0x000001339158df90 ConcurrentGCThread "G1 Refine#0" [stack: 0x00000016b2100000,0x00000016b2200000] [id=33912]
  0x000001339158e8d0 ConcurrentGCThread "G1 Service" [stack: 0x00000016b2200000,0x00000016b2300000] [id=33656]

Threads with active compile tasks:
C2 CompilerThread0   122023 3436       4       org.gradle.launcher.daemon.context.DefaultDaemonContext$Serializer::read (229 bytes)

VM state: not at safepoint (normal execution)

VM Mutex/Monitor currently owned by a thread: None

Heap address: 0x00000000e0000000, size: 512 MB, Compressed Oops mode: 32-bit

CDS archive(s) mapped at: [0x00000133ad000000-0x00000133adbb0000-0x00000133adbb0000), size 12255232, SharedBaseAddress: 0x00000133ad000000, ArchiveRelocationMode: 1.
Compressed class space mapped at: 0x00000133ae000000-0x00000133c2000000, reserved size: 335544320
Narrow klass base: 0x00000133ad000000, Narrow klass shift: 0, Narrow klass range: 0x100000000

GC Precious Log:
 CPUs: 12 total, 12 available
 Memory: 15741M
 Large Page Support: Disabled
 NUMA Support: Disabled
 Compressed Oops: Enabled (32-bit)
 Heap Region Size: 1M
 Heap Min Capacity: 256M
 Heap Initial Capacity: 256M
 Heap Max Capacity: 512M
 Pre-touch: Disabled
 Parallel Workers: 10
 Concurrent Workers: 3
 Concurrent Refinement Workers: 10
 Periodic GC: Disabled

Heap:
 garbage-first heap   total 262144K, used 61415K [0x00000000e0000000, 0x0000000100000000)
  region size 1024K, 49 young (50176K), 12 survivors (12288K)
 Metaspace       used 24523K, committed 24960K, reserved 393216K
  class space    used 3632K, committed 3840K, reserved 327680K

Heap Regions: E=young(eden), S=young(survivor), O=old, HS=humongous(starts), HC=humongous(continues), CS=collection set, F=free, OA=open archive, CA=closed archive, TAMS=top-at-mark-start (previous, next)
|   0|0x00000000e0000000, 0x00000000e0100000, 0x00000000e0100000|100%| O|  |TAMS 0x00000000e0100000, 0x00000000e0000000| Untracked 
|   1|0x00000000e0100000, 0x00000000e0200000, 0x00000000e0200000|100%|HS|  |TAMS 0x00000000e0200000, 0x00000000e0100000| Complete 
|   2|0x00000000e0200000, 0x00000000e0300000, 0x00000000e0300000|100%|HC|  |TAMS 0x00000000e0300000, 0x00000000e0200000| Complete 
|   3|0x00000000e0300000, 0x00000000e0400000, 0x00000000e0400000|100%|HC|  |TAMS 0x00000000e0400000, 0x00000000e0300000| Complete 
|   4|0x00000000e0400000, 0x00000000e0500000, 0x00000000e0500000|100%| O|  |TAMS 0x00000000e0500000, 0x00000000e0400000| Untracked 
|   5|0x00000000e0500000, 0x00000000e0600000, 0x00000000e0600000|100%| O|  |TAMS 0x00000000e0600000, 0x00000000e0500000| Untracked 
|   6|0x00000000e0600000, 0x00000000e0700000, 0x00000000e0700000|100%| O|  |TAMS 0x00000000e0700000, 0x00000000e0600000| Untracked 
|   7|0x00000000e0700000, 0x00000000e0800000, 0x00000000e0800000|100%|HS|  |TAMS 0x00000000e0800000, 0x00000000e0700000| Complete 
|   8|0x00000000e0800000, 0x00000000e0800000, 0x00000000e0900000|  0%| F|  |TAMS 0x00000000e0800000, 0x00000000e0800000| Untracked 
|   9|0x00000000e0900000, 0x00000000e0a00000, 0x00000000e0a00000|100%| O|  |TAMS 0x00000000e0a00000, 0x00000000e0900000| Untracked 
|  10|0x00000000e0a00000, 0x00000000e0b00000, 0x00000000e0b00000|100%| O|  |TAMS 0x00000000e0b00000, 0x00000000e0a00000| Untracked 
|  11|0x00000000e0b00000, 0x00000000e0c00000, 0x00000000e0c00000|100%| O|  |TAMS 0x00000000e0c00000, 0x00000000e0b00000| Untracked 
|  12|0x00000000e0c00000, 0x00000000e0d00000, 0x00000000e0d00000|100%| O|  |TAMS 0x00000000e0d00000, 0x00000000e0c00000| Untracked 
|  13|0x00000000e0d00000, 0x00000000e0d59a00, 0x00000000e0e00000| 35%| O|  |TAMS 0x00000000e0d59a00, 0x00000000e0d00000| Untracked 
|  14|0x00000000e0e00000, 0x00000000e0e00000, 0x00000000e0f00000|  0%| F|  |TAMS 0x00000000e0e00000, 0x00000000e0e00000| Untracked 
|  15|0x00000000e0f00000, 0x00000000e0f00000, 0x00000000e1000000|  0%| F|  |TAMS 0x00000000e0f00000, 0x00000000e0f00000| Untracked 
|  16|0x00000000e1000000, 0x00000000e1000000, 0x00000000e1100000|  0%| F|  |TAMS 0x00000000e1000000, 0x00000000e1000000| Untracked 
|  17|0x00000000e1100000, 0x00000000e1100000, 0x00000000e1200000|  0%| F|  |TAMS 0x00000000e1100000, 0x00000000e1100000| Untracked 
|  18|0x00000000e1200000, 0x00000000e1200000, 0x00000000e1300000|  0%| F|  |TAMS 0x00000000e1200000, 0x00000000e1200000| Untracked 
|  19|0x00000000e1300000, 0x00000000e1300000, 0x00000000e1400000|  0%| F|  |TAMS 0x00000000e1300000, 0x00000000e1300000| Untracked 
|  20|0x00000000e1400000, 0x00000000e1400000, 0x00000000e1500000|  0%| F|  |TAMS 0x00000000e1400000, 0x00000000e1400000| Untracked 
|  21|0x00000000e1500000, 0x00000000e1500000, 0x00000000e1600000|  0%| F|  |TAMS 0x00000000e1500000, 0x00000000e1500000| Untracked 
|  22|0x00000000e1600000, 0x00000000e1600000, 0x00000000e1700000|  0%| F|  |TAMS 0x00000000e1600000, 0x00000000e1600000| Untracked 
|  23|0x00000000e1700000, 0x00000000e1700000, 0x00000000e1800000|  0%| F|  |TAMS 0x00000000e1700000, 0x00000000e1700000| Untracked 
|  24|0x00000000e1800000, 0x00000000e1800000, 0x00000000e1900000|  0%| F|  |TAMS 0x00000000e1800000, 0x00000000e1800000| Untracked 
|  25|0x00000000e1900000, 0x00000000e1900000, 0x00000000e1a00000|  0%| F|  |TAMS 0x00000000e1900000, 0x00000000e1900000| Untracked 
|  26|0x00000000e1a00000, 0x00000000e1a00000, 0x00000000e1b00000|  0%| F|  |TAMS 0x00000000e1a00000, 0x00000000e1a00000| Untracked 
|  27|0x00000000e1b00000, 0x00000000e1b00000, 0x00000000e1c00000|  0%| F|  |TAMS 0x00000000e1b00000, 0x00000000e1b00000| Untracked 
|  28|0x00000000e1c00000, 0x00000000e1c00000, 0x00000000e1d00000|  0%| F|  |TAMS 0x00000000e1c00000, 0x00000000e1c00000| Untracked 
|  29|0x00000000e1d00000, 0x00000000e1d00000, 0x00000000e1e00000|  0%| F|  |TAMS 0x00000000e1d00000, 0x00000000e1d00000| Untracked 
|  30|0x00000000e1e00000, 0x00000000e1e00000, 0x00000000e1f00000|  0%| F|  |TAMS 0x00000000e1e00000, 0x00000000e1e00000| Untracked 
|  31|0x00000000e1f00000, 0x00000000e1f00000, 0x00000000e2000000|  0%| F|  |TAMS 0x00000000e1f00000, 0x00000000e1f00000| Untracked 
|  32|0x00000000e2000000, 0x00000000e2000000, 0x00000000e2100000|  0%| F|  |TAMS 0x00000000e2000000, 0x00000000e2000000| Untracked 
|  33|0x00000000e2100000, 0x00000000e2100000, 0x00000000e2200000|  0%| F|  |TAMS 0x00000000e2100000, 0x00000000e2100000| Untracked 
|  34|0x00000000e2200000, 0x00000000e2200000, 0x00000000e2300000|  0%| F|  |TAMS 0x00000000e2200000, 0x00000000e2200000| Untracked 
|  35|0x00000000e2300000, 0x00000000e2300000, 0x00000000e2400000|  0%| F|  |TAMS 0x00000000e2300000, 0x00000000e2300000| Untracked 
|  36|0x00000000e2400000, 0x00000000e2400000, 0x00000000e2500000|  0%| F|  |TAMS 0x00000000e2400000, 0x00000000e2400000| Untracked 
|  37|0x00000000e2500000, 0x00000000e2500000, 0x00000000e2600000|  0%| F|  |TAMS 0x00000000e2500000, 0x00000000e2500000| Untracked 
|  38|0x00000000e2600000, 0x00000000e2600000, 0x00000000e2700000|  0%| F|  |TAMS 0x00000000e2600000, 0x00000000e2600000| Untracked 
|  39|0x00000000e2700000, 0x00000000e2700000, 0x00000000e2800000|  0%| F|  |TAMS 0x00000000e2700000, 0x00000000e2700000| Untracked 
|  40|0x00000000e2800000, 0x00000000e2800000, 0x00000000e2900000|  0%| F|  |TAMS 0x00000000e2800000, 0x00000000e2800000| Untracked 
|  41|0x00000000e2900000, 0x00000000e2900000, 0x00000000e2a00000|  0%| F|  |TAMS 0x00000000e2900000, 0x00000000e2900000| Untracked 
|  42|0x00000000e2a00000, 0x00000000e2a00000, 0x00000000e2b00000|  0%| F|  |TAMS 0x00000000e2a00000, 0x00000000e2a00000| Untracked 
|  43|0x00000000e2b00000, 0x00000000e2b00000, 0x00000000e2c00000|  0%| F|  |TAMS 0x00000000e2b00000, 0x00000000e2b00000| Untracked 
|  44|0x00000000e2c00000, 0x00000000e2c00000, 0x00000000e2d00000|  0%| F|  |TAMS 0x00000000e2c00000, 0x00000000e2c00000| Untracked 
|  45|0x00000000e2d00000, 0x00000000e2d00000, 0x00000000e2e00000|  0%| F|  |TAMS 0x00000000e2d00000, 0x00000000e2d00000| Untracked 
|  46|0x00000000e2e00000, 0x00000000e2e00000, 0x00000000e2f00000|  0%| F|  |TAMS 0x00000000e2e00000, 0x00000000e2e00000| Untracked 
|  47|0x00000000e2f00000, 0x00000000e2f00000, 0x00000000e3000000|  0%| F|  |TAMS 0x00000000e2f00000, 0x00000000e2f00000| Untracked 
|  48|0x00000000e3000000, 0x00000000e3000000, 0x00000000e3100000|  0%| F|  |TAMS 0x00000000e3000000, 0x00000000e3000000| Untracked 
|  49|0x00000000e3100000, 0x00000000e3100000, 0x00000000e3200000|  0%| F|  |TAMS 0x00000000e3100000, 0x00000000e3100000| Untracked 
|  50|0x00000000e3200000, 0x00000000e3200000, 0x00000000e3300000|  0%| F|  |TAMS 0x00000000e3200000, 0x00000000e3200000| Untracked 
|  51|0x00000000e3300000, 0x00000000e3300000, 0x00000000e3400000|  0%| F|  |TAMS 0x00000000e3300000, 0x00000000e3300000| Untracked 
|  52|0x00000000e3400000, 0x00000000e3400000, 0x00000000e3500000|  0%| F|  |TAMS 0x00000000e3400000, 0x00000000e3400000| Untracked 
|  53|0x00000000e3500000, 0x00000000e3500000, 0x00000000e3600000|  0%| F|  |TAMS 0x00000000e3500000, 0x00000000e3500000| Untracked 
|  54|0x00000000e3600000, 0x00000000e3600000, 0x00000000e3700000|  0%| F|  |TAMS 0x00000000e3600000, 0x00000000e3600000| Untracked 
|  55|0x00000000e3700000, 0x00000000e3700000, 0x00000000e3800000|  0%| F|  |TAMS 0x00000000e3700000, 0x00000000e3700000| Untracked 
|  56|0x00000000e3800000, 0x00000000e3800000, 0x00000000e3900000|  0%| F|  |TAMS 0x00000000e3800000, 0x00000000e3800000| Untracked 
|  57|0x00000000e3900000, 0x00000000e3900000, 0x00000000e3a00000|  0%| F|  |TAMS 0x00000000e3900000, 0x00000000e3900000| Untracked 
|  58|0x00000000e3a00000, 0x00000000e3a00000, 0x00000000e3b00000|  0%| F|  |TAMS 0x00000000e3a00000, 0x00000000e3a00000| Untracked 
|  59|0x00000000e3b00000, 0x00000000e3b00000, 0x00000000e3c00000|  0%| F|  |TAMS 0x00000000e3b00000, 0x00000000e3b00000| Untracked 
|  60|0x00000000e3c00000, 0x00000000e3c00000, 0x00000000e3d00000|  0%| F|  |TAMS 0x00000000e3c00000, 0x00000000e3c00000| Untracked 
|  61|0x00000000e3d00000, 0x00000000e3d00000, 0x00000000e3e00000|  0%| F|  |TAMS 0x00000000e3d00000, 0x00000000e3d00000| Untracked 
|  62|0x00000000e3e00000, 0x00000000e3e00000, 0x00000000e3f00000|  0%| F|  |TAMS 0x00000000e3e00000, 0x00000000e3e00000| Untracked 
|  63|0x00000000e3f00000, 0x00000000e3f00000, 0x00000000e4000000|  0%| F|  |TAMS 0x00000000e3f00000, 0x00000000e3f00000| Untracked 
|  64|0x00000000e4000000, 0x00000000e4000000, 0x00000000e4100000|  0%| F|  |TAMS 0x00000000e4000000, 0x00000000e4000000| Untracked 
|  65|0x00000000e4100000, 0x00000000e4100000, 0x00000000e4200000|  0%| F|  |TAMS 0x00000000e4100000, 0x00000000e4100000| Untracked 
|  66|0x00000000e4200000, 0x00000000e4200000, 0x00000000e4300000|  0%| F|  |TAMS 0x00000000e4200000, 0x00000000e4200000| Untracked 
|  67|0x00000000e4300000, 0x00000000e4300000, 0x00000000e4400000|  0%| F|  |TAMS 0x00000000e4300000, 0x00000000e4300000| Untracked 
|  68|0x00000000e4400000, 0x00000000e4400000, 0x00000000e4500000|  0%| F|  |TAMS 0x00000000e4400000, 0x00000000e4400000| Untracked 
|  69|0x00000000e4500000, 0x00000000e4500000, 0x00000000e4600000|  0%| F|  |TAMS 0x00000000e4500000, 0x00000000e4500000| Untracked 
|  70|0x00000000e4600000, 0x00000000e4600000, 0x00000000e4700000|  0%| F|  |TAMS 0x00000000e4600000, 0x00000000e4600000| Untracked 
|  71|0x00000000e4700000, 0x00000000e4700000, 0x00000000e4800000|  0%| F|  |TAMS 0x00000000e4700000, 0x00000000e4700000| Untracked 
|  72|0x00000000e4800000, 0x00000000e4800000, 0x00000000e4900000|  0%| F|  |TAMS 0x00000000e4800000, 0x00000000e4800000| Untracked 
|  73|0x00000000e4900000, 0x00000000e4900000, 0x00000000e4a00000|  0%| F|  |TAMS 0x00000000e4900000, 0x00000000e4900000| Untracked 
|  74|0x00000000e4a00000, 0x00000000e4a00000, 0x00000000e4b00000|  0%| F|  |TAMS 0x00000000e4a00000, 0x00000000e4a00000| Untracked 
|  75|0x00000000e4b00000, 0x00000000e4b00000, 0x00000000e4c00000|  0%| F|  |TAMS 0x00000000e4b00000, 0x00000000e4b00000| Untracked 
|  76|0x00000000e4c00000, 0x00000000e4c00000, 0x00000000e4d00000|  0%| F|  |TAMS 0x00000000e4c00000, 0x00000000e4c00000| Untracked 
|  77|0x00000000e4d00000, 0x00000000e4d00000, 0x00000000e4e00000|  0%| F|  |TAMS 0x00000000e4d00000, 0x00000000e4d00000| Untracked 
|  78|0x00000000e4e00000, 0x00000000e4e00000, 0x00000000e4f00000|  0%| F|  |TAMS 0x00000000e4e00000, 0x00000000e4e00000| Untracked 
|  79|0x00000000e4f00000, 0x00000000e4f00000, 0x00000000e5000000|  0%| F|  |TAMS 0x00000000e4f00000, 0x00000000e4f00000| Untracked 
|  80|0x00000000e5000000, 0x00000000e5000000, 0x00000000e5100000|  0%| F|  |TAMS 0x00000000e5000000, 0x00000000e5000000| Untracked 
|  81|0x00000000e5100000, 0x00000000e5100000, 0x00000000e5200000|  0%| F|  |TAMS 0x00000000e5100000, 0x00000000e5100000| Untracked 
|  82|0x00000000e5200000, 0x00000000e5200000, 0x00000000e5300000|  0%| F|  |TAMS 0x00000000e5200000, 0x00000000e5200000| Untracked 
|  83|0x00000000e5300000, 0x00000000e5300000, 0x00000000e5400000|  0%| F|  |TAMS 0x00000000e5300000, 0x00000000e5300000| Untracked 
|  84|0x00000000e5400000, 0x00000000e5400000, 0x00000000e5500000|  0%| F|  |TAMS 0x00000000e5400000, 0x00000000e5400000| Untracked 
|  85|0x00000000e5500000, 0x00000000e5500000, 0x00000000e5600000|  0%| F|  |TAMS 0x00000000e5500000, 0x00000000e5500000| Untracked 
|  86|0x00000000e5600000, 0x00000000e5600000, 0x00000000e5700000|  0%| F|  |TAMS 0x00000000e5600000, 0x00000000e5600000| Untracked 
|  87|0x00000000e5700000, 0x00000000e5700000, 0x00000000e5800000|  0%| F|  |TAMS 0x00000000e5700000, 0x00000000e5700000| Untracked 
|  88|0x00000000e5800000, 0x00000000e5800000, 0x00000000e5900000|  0%| F|  |TAMS 0x00000000e5800000, 0x00000000e5800000| Untracked 
|  89|0x00000000e5900000, 0x00000000e5900000, 0x00000000e5a00000|  0%| F|  |TAMS 0x00000000e5900000, 0x00000000e5900000| Untracked 
|  90|0x00000000e5a00000, 0x00000000e5a00000, 0x00000000e5b00000|  0%| F|  |TAMS 0x00000000e5a00000, 0x00000000e5a00000| Untracked 
|  91|0x00000000e5b00000, 0x00000000e5b00000, 0x00000000e5c00000|  0%| F|  |TAMS 0x00000000e5b00000, 0x00000000e5b00000| Untracked 
|  92|0x00000000e5c00000, 0x00000000e5c00000, 0x00000000e5d00000|  0%| F|  |TAMS 0x00000000e5c00000, 0x00000000e5c00000| Untracked 
|  93|0x00000000e5d00000, 0x00000000e5d00000, 0x00000000e5e00000|  0%| F|  |TAMS 0x00000000e5d00000, 0x00000000e5d00000| Untracked 
|  94|0x00000000e5e00000, 0x00000000e5e00000, 0x00000000e5f00000|  0%| F|  |TAMS 0x00000000e5e00000, 0x00000000e5e00000| Untracked 
|  95|0x00000000e5f00000, 0x00000000e5f00000, 0x00000000e6000000|  0%| F|  |TAMS 0x00000000e5f00000, 0x00000000e5f00000| Untracked 
|  96|0x00000000e6000000, 0x00000000e6000000, 0x00000000e6100000|  0%| F|  |TAMS 0x00000000e6000000, 0x00000000e6000000| Untracked 
|  97|0x00000000e6100000, 0x00000000e6100000, 0x00000000e6200000|  0%| F|  |TAMS 0x00000000e6100000, 0x00000000e6100000| Untracked 
|  98|0x00000000e6200000, 0x00000000e6200000, 0x00000000e6300000|  0%| F|  |TAMS 0x00000000e6200000, 0x00000000e6200000| Untracked 
|  99|0x00000000e6300000, 0x00000000e6300000, 0x00000000e6400000|  0%| F|  |TAMS 0x00000000e6300000, 0x00000000e6300000| Untracked 
| 100|0x00000000e6400000, 0x00000000e6400000, 0x00000000e6500000|  0%| F|  |TAMS 0x00000000e6400000, 0x00000000e6400000| Untracked 
| 101|0x00000000e6500000, 0x00000000e6500000, 0x00000000e6600000|  0%| F|  |TAMS 0x00000000e6500000, 0x00000000e6500000| Untracked 
| 102|0x00000000e6600000, 0x00000000e6600000, 0x00000000e6700000|  0%| F|  |TAMS 0x00000000e6600000, 0x00000000e6600000| Untracked 
| 103|0x00000000e6700000, 0x00000000e6700000, 0x00000000e6800000|  0%| F|  |TAMS 0x00000000e6700000, 0x00000000e6700000| Untracked 
| 104|0x00000000e6800000, 0x00000000e6800000, 0x00000000e6900000|  0%| F|  |TAMS 0x00000000e6800000, 0x00000000e6800000| Untracked 
| 105|0x00000000e6900000, 0x00000000e6900000, 0x00000000e6a00000|  0%| F|  |TAMS 0x00000000e6900000, 0x00000000e6900000| Untracked 
| 106|0x00000000e6a00000, 0x00000000e6a00000, 0x00000000e6b00000|  0%| F|  |TAMS 0x00000000e6a00000, 0x00000000e6a00000| Untracked 
| 107|0x00000000e6b00000, 0x00000000e6b00000, 0x00000000e6c00000|  0%| F|  |TAMS 0x00000000e6b00000, 0x00000000e6b00000| Untracked 
| 108|0x00000000e6c00000, 0x00000000e6c00000, 0x00000000e6d00000|  0%| F|  |TAMS 0x00000000e6c00000, 0x00000000e6c00000| Untracked 
| 109|0x00000000e6d00000, 0x00000000e6d00000, 0x00000000e6e00000|  0%| F|  |TAMS 0x00000000e6d00000, 0x00000000e6d00000| Untracked 
| 110|0x00000000e6e00000, 0x00000000e6e00000, 0x00000000e6f00000|  0%| F|  |TAMS 0x00000000e6e00000, 0x00000000e6e00000| Untracked 
| 111|0x00000000e6f00000, 0x00000000e6f00000, 0x00000000e7000000|  0%| F|  |TAMS 0x00000000e6f00000, 0x00000000e6f00000| Untracked 
| 112|0x00000000e7000000, 0x00000000e7000000, 0x00000000e7100000|  0%| F|  |TAMS 0x00000000e7000000, 0x00000000e7000000| Untracked 
| 113|0x00000000e7100000, 0x00000000e7100000, 0x00000000e7200000|  0%| F|  |TAMS 0x00000000e7100000, 0x00000000e7100000| Untracked 
| 114|0x00000000e7200000, 0x00000000e7200000, 0x00000000e7300000|  0%| F|  |TAMS 0x00000000e7200000, 0x00000000e7200000| Untracked 
| 115|0x00000000e7300000, 0x00000000e7300000, 0x00000000e7400000|  0%| F|  |TAMS 0x00000000e7300000, 0x00000000e7300000| Untracked 
| 116|0x00000000e7400000, 0x00000000e7400000, 0x00000000e7500000|  0%| F|  |TAMS 0x00000000e7400000, 0x00000000e7400000| Untracked 
| 117|0x00000000e7500000, 0x00000000e7500000, 0x00000000e7600000|  0%| F|  |TAMS 0x00000000e7500000, 0x00000000e7500000| Untracked 
| 118|0x00000000e7600000, 0x00000000e7600000, 0x00000000e7700000|  0%| F|  |TAMS 0x00000000e7600000, 0x00000000e7600000| Untracked 
| 119|0x00000000e7700000, 0x00000000e7700000, 0x00000000e7800000|  0%| F|  |TAMS 0x00000000e7700000, 0x00000000e7700000| Untracked 
| 120|0x00000000e7800000, 0x00000000e7800000, 0x00000000e7900000|  0%| F|  |TAMS 0x00000000e7800000, 0x00000000e7800000| Untracked 
| 121|0x00000000e7900000, 0x00000000e7900000, 0x00000000e7a00000|  0%| F|  |TAMS 0x00000000e7900000, 0x00000000e7900000| Untracked 
| 122|0x00000000e7a00000, 0x00000000e7a00000, 0x00000000e7b00000|  0%| F|  |TAMS 0x00000000e7a00000, 0x00000000e7a00000| Untracked 
| 123|0x00000000e7b00000, 0x00000000e7b00000, 0x00000000e7c00000|  0%| F|  |TAMS 0x00000000e7b00000, 0x00000000e7b00000| Untracked 
| 124|0x00000000e7c00000, 0x00000000e7c00000, 0x00000000e7d00000|  0%| F|  |TAMS 0x00000000e7c00000, 0x00000000e7c00000| Untracked 
| 125|0x00000000e7d00000, 0x00000000e7d00000, 0x00000000e7e00000|  0%| F|  |TAMS 0x00000000e7d00000, 0x00000000e7d00000| Untracked 
| 126|0x00000000e7e00000, 0x00000000e7e00000, 0x00000000e7f00000|  0%| F|  |TAMS 0x00000000e7e00000, 0x00000000e7e00000| Untracked 
| 127|0x00000000e7f00000, 0x00000000e7f00000, 0x00000000e8000000|  0%| F|  |TAMS 0x00000000e7f00000, 0x00000000e7f00000| Untracked 
| 128|0x00000000e8000000, 0x00000000e8000000, 0x00000000e8100000|  0%| F|  |TAMS 0x00000000e8000000, 0x00000000e8000000| Untracked 
| 129|0x00000000e8100000, 0x00000000e8100000, 0x00000000e8200000|  0%| F|  |TAMS 0x00000000e8100000, 0x00000000e8100000| Untracked 
| 130|0x00000000e8200000, 0x00000000e8200000, 0x00000000e8300000|  0%| F|  |TAMS 0x00000000e8200000, 0x00000000e8200000| Untracked 
| 131|0x00000000e8300000, 0x00000000e8300000, 0x00000000e8400000|  0%| F|  |TAMS 0x00000000e8300000, 0x00000000e8300000| Untracked 
| 132|0x00000000e8400000, 0x00000000e84a05d8, 0x00000000e8500000| 62%| S|CS|TAMS 0x00000000e8400000, 0x00000000e8400000| Complete 
| 133|0x00000000e8500000, 0x00000000e8600000, 0x00000000e8600000|100%| S|CS|TAMS 0x00000000e8500000, 0x00000000e8500000| Complete 
| 134|0x00000000e8600000, 0x00000000e8700000, 0x00000000e8700000|100%| S|CS|TAMS 0x00000000e8600000, 0x00000000e8600000| Complete 
| 135|0x00000000e8700000, 0x00000000e8800000, 0x00000000e8800000|100%| S|CS|TAMS 0x00000000e8700000, 0x00000000e8700000| Complete 
| 136|0x00000000e8800000, 0x00000000e8900000, 0x00000000e8900000|100%| S|CS|TAMS 0x00000000e8800000, 0x00000000e8800000| Complete 
| 137|0x00000000e8900000, 0x00000000e8a00000, 0x00000000e8a00000|100%| S|CS|TAMS 0x00000000e8900000, 0x00000000e8900000| Complete 
| 138|0x00000000e8a00000, 0x00000000e8b00000, 0x00000000e8b00000|100%| S|CS|TAMS 0x00000000e8a00000, 0x00000000e8a00000| Complete 
| 139|0x00000000e8b00000, 0x00000000e8c00000, 0x00000000e8c00000|100%| S|CS|TAMS 0x00000000e8b00000, 0x00000000e8b00000| Complete 
| 140|0x00000000e8c00000, 0x00000000e8d00000, 0x00000000e8d00000|100%| S|CS|TAMS 0x00000000e8c00000, 0x00000000e8c00000| Complete 
| 141|0x00000000e8d00000, 0x00000000e8e00000, 0x00000000e8e00000|100%| S|CS|TAMS 0x00000000e8d00000, 0x00000000e8d00000| Complete 
| 142|0x00000000e8e00000, 0x00000000e8f00000, 0x00000000e8f00000|100%| S|CS|TAMS 0x00000000e8e00000, 0x00000000e8e00000| Complete 
| 143|0x00000000e8f00000, 0x00000000e9000000, 0x00000000e9000000|100%| S|CS|TAMS 0x00000000e8f00000, 0x00000000e8f00000| Complete 
| 144|0x00000000e9000000, 0x00000000e9000000, 0x00000000e9100000|  0%| F|  |TAMS 0x00000000e9000000, 0x00000000e9000000| Untracked 
| 145|0x00000000e9100000, 0x00000000e9100000, 0x00000000e9200000|  0%| F|  |TAMS 0x00000000e9100000, 0x00000000e9100000| Untracked 
| 146|0x00000000e9200000, 0x00000000e9200000, 0x00000000e9300000|  0%| F|  |TAMS 0x00000000e9200000, 0x00000000e9200000| Untracked 
| 147|0x00000000e9300000, 0x00000000e9300000, 0x00000000e9400000|  0%| F|  |TAMS 0x00000000e9300000, 0x00000000e9300000| Untracked 
| 148|0x00000000e9400000, 0x00000000e9400000, 0x00000000e9500000|  0%| F|  |TAMS 0x00000000e9400000, 0x00000000e9400000| Untracked 
| 149|0x00000000e9500000, 0x00000000e9500000, 0x00000000e9600000|  0%| F|  |TAMS 0x00000000e9500000, 0x00000000e9500000| Untracked 
| 150|0x00000000e9600000, 0x00000000e9600000, 0x00000000e9700000|  0%| F|  |TAMS 0x00000000e9600000, 0x00000000e9600000| Untracked 
| 151|0x00000000e9700000, 0x00000000e9700000, 0x00000000e9800000|  0%| F|  |TAMS 0x00000000e9700000, 0x00000000e9700000| Untracked 
| 152|0x00000000e9800000, 0x00000000e9800000, 0x00000000e9900000|  0%| F|  |TAMS 0x00000000e9800000, 0x00000000e9800000| Untracked 
| 153|0x00000000e9900000, 0x00000000e9900000, 0x00000000e9a00000|  0%| F|  |TAMS 0x00000000e9900000, 0x00000000e9900000| Untracked 
| 154|0x00000000e9a00000, 0x00000000e9a00000, 0x00000000e9b00000|  0%| F|  |TAMS 0x00000000e9a00000, 0x00000000e9a00000| Untracked 
| 155|0x00000000e9b00000, 0x00000000e9b00000, 0x00000000e9c00000|  0%| F|  |TAMS 0x00000000e9b00000, 0x00000000e9b00000| Untracked 
| 156|0x00000000e9c00000, 0x00000000e9c00000, 0x00000000e9d00000|  0%| F|  |TAMS 0x00000000e9c00000, 0x00000000e9c00000| Untracked 
| 157|0x00000000e9d00000, 0x00000000e9d00000, 0x00000000e9e00000|  0%| F|  |TAMS 0x00000000e9d00000, 0x00000000e9d00000| Untracked 
| 158|0x00000000e9e00000, 0x00000000e9e00000, 0x00000000e9f00000|  0%| F|  |TAMS 0x00000000e9e00000, 0x00000000e9e00000| Untracked 
| 159|0x00000000e9f00000, 0x00000000e9f00000, 0x00000000ea000000|  0%| F|  |TAMS 0x00000000e9f00000, 0x00000000e9f00000| Untracked 
| 160|0x00000000ea000000, 0x00000000ea000000, 0x00000000ea100000|  0%| F|  |TAMS 0x00000000ea000000, 0x00000000ea000000| Untracked 
| 161|0x00000000ea100000, 0x00000000ea100000, 0x00000000ea200000|  0%| F|  |TAMS 0x00000000ea100000, 0x00000000ea100000| Untracked 
| 162|0x00000000ea200000, 0x00000000ea200000, 0x00000000ea300000|  0%| F|  |TAMS 0x00000000ea200000, 0x00000000ea200000| Untracked 
| 163|0x00000000ea300000, 0x00000000ea300000, 0x00000000ea400000|  0%| F|  |TAMS 0x00000000ea300000, 0x00000000ea300000| Untracked 
| 164|0x00000000ea400000, 0x00000000ea400000, 0x00000000ea500000|  0%| F|  |TAMS 0x00000000ea400000, 0x00000000ea400000| Untracked 
| 165|0x00000000ea500000, 0x00000000ea500000, 0x00000000ea600000|  0%| F|  |TAMS 0x00000000ea500000, 0x00000000ea500000| Untracked 
| 166|0x00000000ea600000, 0x00000000ea600000, 0x00000000ea700000|  0%| F|  |TAMS 0x00000000ea600000, 0x00000000ea600000| Untracked 
| 167|0x00000000ea700000, 0x00000000ea700000, 0x00000000ea800000|  0%| F|  |TAMS 0x00000000ea700000, 0x00000000ea700000| Untracked 
| 168|0x00000000ea800000, 0x00000000ea800000, 0x00000000ea900000|  0%| F|  |TAMS 0x00000000ea800000, 0x00000000ea800000| Untracked 
| 169|0x00000000ea900000, 0x00000000ea900000, 0x00000000eaa00000|  0%| F|  |TAMS 0x00000000ea900000, 0x00000000ea900000| Untracked 
| 170|0x00000000eaa00000, 0x00000000eaa00000, 0x00000000eab00000|  0%| F|  |TAMS 0x00000000eaa00000, 0x00000000eaa00000| Untracked 
| 171|0x00000000eab00000, 0x00000000eab00000, 0x00000000eac00000|  0%| F|  |TAMS 0x00000000eab00000, 0x00000000eab00000| Untracked 
| 172|0x00000000eac00000, 0x00000000eac00000, 0x00000000ead00000|  0%| F|  |TAMS 0x00000000eac00000, 0x00000000eac00000| Untracked 
| 173|0x00000000ead00000, 0x00000000ead00000, 0x00000000eae00000|  0%| F|  |TAMS 0x00000000ead00000, 0x00000000ead00000| Untracked 
| 174|0x00000000eae00000, 0x00000000eae00000, 0x00000000eaf00000|  0%| F|  |TAMS 0x00000000eae00000, 0x00000000eae00000| Untracked 
| 175|0x00000000eaf00000, 0x00000000eaf00000, 0x00000000eb000000|  0%| F|  |TAMS 0x00000000eaf00000, 0x00000000eaf00000| Untracked 
| 176|0x00000000eb000000, 0x00000000eb000000, 0x00000000eb100000|  0%| F|  |TAMS 0x00000000eb000000, 0x00000000eb000000| Untracked 
| 177|0x00000000eb100000, 0x00000000eb100000, 0x00000000eb200000|  0%| F|  |TAMS 0x00000000eb100000, 0x00000000eb100000| Untracked 
| 178|0x00000000eb200000, 0x00000000eb200000, 0x00000000eb300000|  0%| F|  |TAMS 0x00000000eb200000, 0x00000000eb200000| Untracked 
| 179|0x00000000eb300000, 0x00000000eb300000, 0x00000000eb400000|  0%| F|  |TAMS 0x00000000eb300000, 0x00000000eb300000| Untracked 
| 180|0x00000000eb400000, 0x00000000eb400000, 0x00000000eb500000|  0%| F|  |TAMS 0x00000000eb400000, 0x00000000eb400000| Untracked 
| 181|0x00000000eb500000, 0x00000000eb500000, 0x00000000eb600000|  0%| F|  |TAMS 0x00000000eb500000, 0x00000000eb500000| Untracked 
| 182|0x00000000eb600000, 0x00000000eb600000, 0x00000000eb700000|  0%| F|  |TAMS 0x00000000eb600000, 0x00000000eb600000| Untracked 
| 183|0x00000000eb700000, 0x00000000eb700000, 0x00000000eb800000|  0%| F|  |TAMS 0x00000000eb700000, 0x00000000eb700000| Untracked 
| 184|0x00000000eb800000, 0x00000000eb800000, 0x00000000eb900000|  0%| F|  |TAMS 0x00000000eb800000, 0x00000000eb800000| Untracked 
| 185|0x00000000eb900000, 0x00000000eb900000, 0x00000000eba00000|  0%| F|  |TAMS 0x00000000eb900000, 0x00000000eb900000| Untracked 
| 186|0x00000000eba00000, 0x00000000eba00000, 0x00000000ebb00000|  0%| F|  |TAMS 0x00000000eba00000, 0x00000000eba00000| Untracked 
| 187|0x00000000ebb00000, 0x00000000ebb00000, 0x00000000ebc00000|  0%| F|  |TAMS 0x00000000ebb00000, 0x00000000ebb00000| Untracked 
| 188|0x00000000ebc00000, 0x00000000ebc00000, 0x00000000ebd00000|  0%| F|  |TAMS 0x00000000ebc00000, 0x00000000ebc00000| Untracked 
| 189|0x00000000ebd00000, 0x00000000ebd00000, 0x00000000ebe00000|  0%| F|  |TAMS 0x00000000ebd00000, 0x00000000ebd00000| Untracked 
| 190|0x00000000ebe00000, 0x00000000ebe00000, 0x00000000ebf00000|  0%| F|  |TAMS 0x00000000ebe00000, 0x00000000ebe00000| Untracked 
| 191|0x00000000ebf00000, 0x00000000ebf00000, 0x00000000ec000000|  0%| F|  |TAMS 0x00000000ebf00000, 0x00000000ebf00000| Untracked 
| 192|0x00000000ec000000, 0x00000000ec000000, 0x00000000ec100000|  0%| F|  |TAMS 0x00000000ec000000, 0x00000000ec000000| Untracked 
| 193|0x00000000ec100000, 0x00000000ec100000, 0x00000000ec200000|  0%| F|  |TAMS 0x00000000ec100000, 0x00000000ec100000| Untracked 
| 194|0x00000000ec200000, 0x00000000ec200000, 0x00000000ec300000|  0%| F|  |TAMS 0x00000000ec200000, 0x00000000ec200000| Untracked 
| 195|0x00000000ec300000, 0x00000000ec300000, 0x00000000ec400000|  0%| F|  |TAMS 0x00000000ec300000, 0x00000000ec300000| Untracked 
| 196|0x00000000ec400000, 0x00000000ec400000, 0x00000000ec500000|  0%| F|  |TAMS 0x00000000ec400000, 0x00000000ec400000| Untracked 
| 197|0x00000000ec500000, 0x00000000ec500000, 0x00000000ec600000|  0%| F|  |TAMS 0x00000000ec500000, 0x00000000ec500000| Untracked 
| 198|0x00000000ec600000, 0x00000000ec600000, 0x00000000ec700000|  0%| F|  |TAMS 0x00000000ec600000, 0x00000000ec600000| Untracked 
| 199|0x00000000ec700000, 0x00000000ec700000, 0x00000000ec800000|  0%| F|  |TAMS 0x00000000ec700000, 0x00000000ec700000| Untracked 
| 200|0x00000000ec800000, 0x00000000ec800000, 0x00000000ec900000|  0%| F|  |TAMS 0x00000000ec800000, 0x00000000ec800000| Untracked 
| 201|0x00000000ec900000, 0x00000000ec900000, 0x00000000eca00000|  0%| F|  |TAMS 0x00000000ec900000, 0x00000000ec900000| Untracked 
| 202|0x00000000eca00000, 0x00000000eca00000, 0x00000000ecb00000|  0%| F|  |TAMS 0x00000000eca00000, 0x00000000eca00000| Untracked 
| 203|0x00000000ecb00000, 0x00000000ecb00000, 0x00000000ecc00000|  0%| F|  |TAMS 0x00000000ecb00000, 0x00000000ecb00000| Untracked 
| 204|0x00000000ecc00000, 0x00000000ecc00000, 0x00000000ecd00000|  0%| F|  |TAMS 0x00000000ecc00000, 0x00000000ecc00000| Untracked 
| 205|0x00000000ecd00000, 0x00000000ecd00000, 0x00000000ece00000|  0%| F|  |TAMS 0x00000000ecd00000, 0x00000000ecd00000| Untracked 
| 206|0x00000000ece00000, 0x00000000ece00000, 0x00000000ecf00000|  0%| F|  |TAMS 0x00000000ece00000, 0x00000000ece00000| Untracked 
| 207|0x00000000ecf00000, 0x00000000ecf00000, 0x00000000ed000000|  0%| F|  |TAMS 0x00000000ecf00000, 0x00000000ecf00000| Untracked 
| 208|0x00000000ed000000, 0x00000000ed000000, 0x00000000ed100000|  0%| F|  |TAMS 0x00000000ed000000, 0x00000000ed000000| Untracked 
| 209|0x00000000ed100000, 0x00000000ed100000, 0x00000000ed200000|  0%| F|  |TAMS 0x00000000ed100000, 0x00000000ed100000| Untracked 
| 210|0x00000000ed200000, 0x00000000ed200000, 0x00000000ed300000|  0%| F|  |TAMS 0x00000000ed200000, 0x00000000ed200000| Untracked 
| 211|0x00000000ed300000, 0x00000000ed300000, 0x00000000ed400000|  0%| F|  |TAMS 0x00000000ed300000, 0x00000000ed300000| Untracked 
| 212|0x00000000ed400000, 0x00000000ed400000, 0x00000000ed500000|  0%| F|  |TAMS 0x00000000ed400000, 0x00000000ed400000| Untracked 
| 213|0x00000000ed500000, 0x00000000ed500000, 0x00000000ed600000|  0%| F|  |TAMS 0x00000000ed500000, 0x00000000ed500000| Untracked 
| 214|0x00000000ed600000, 0x00000000ed600000, 0x00000000ed700000|  0%| F|  |TAMS 0x00000000ed600000, 0x00000000ed600000| Untracked 
| 215|0x00000000ed700000, 0x00000000ed700000, 0x00000000ed800000|  0%| F|  |TAMS 0x00000000ed700000, 0x00000000ed700000| Untracked 
| 216|0x00000000ed800000, 0x00000000ed800000, 0x00000000ed900000|  0%| F|  |TAMS 0x00000000ed800000, 0x00000000ed800000| Untracked 
| 217|0x00000000ed900000, 0x00000000ed900000, 0x00000000eda00000|  0%| F|  |TAMS 0x00000000ed900000, 0x00000000ed900000| Untracked 
| 218|0x00000000eda00000, 0x00000000eda00000, 0x00000000edb00000|  0%| F|  |TAMS 0x00000000eda00000, 0x00000000eda00000| Untracked 
| 219|0x00000000edb00000, 0x00000000edb3cfc0, 0x00000000edc00000| 23%| E|  |TAMS 0x00000000edb00000, 0x00000000edb00000| Complete 
| 220|0x00000000edc00000, 0x00000000edd00000, 0x00000000edd00000|100%| E|CS|TAMS 0x00000000edc00000, 0x00000000edc00000| Complete 
| 221|0x00000000edd00000, 0x00000000ede00000, 0x00000000ede00000|100%| E|CS|TAMS 0x00000000edd00000, 0x00000000edd00000| Complete 
| 222|0x00000000ede00000, 0x00000000edf00000, 0x00000000edf00000|100%| E|CS|TAMS 0x00000000ede00000, 0x00000000ede00000| Complete 
| 223|0x00000000edf00000, 0x00000000ee000000, 0x00000000ee000000|100%| E|CS|TAMS 0x00000000edf00000, 0x00000000edf00000| Complete 
| 224|0x00000000ee000000, 0x00000000ee100000, 0x00000000ee100000|100%| E|CS|TAMS 0x00000000ee000000, 0x00000000ee000000| Complete 
| 225|0x00000000ee100000, 0x00000000ee200000, 0x00000000ee200000|100%| E|CS|TAMS 0x00000000ee100000, 0x00000000ee100000| Complete 
| 226|0x00000000ee200000, 0x00000000ee300000, 0x00000000ee300000|100%| E|CS|TAMS 0x00000000ee200000, 0x00000000ee200000| Complete 
| 227|0x00000000ee300000, 0x00000000ee400000, 0x00000000ee400000|100%| E|CS|TAMS 0x00000000ee300000, 0x00000000ee300000| Complete 
| 228|0x00000000ee400000, 0x00000000ee500000, 0x00000000ee500000|100%| E|CS|TAMS 0x00000000ee400000, 0x00000000ee400000| Complete 
| 229|0x00000000ee500000, 0x00000000ee600000, 0x00000000ee600000|100%| E|CS|TAMS 0x00000000ee500000, 0x00000000ee500000| Complete 
| 230|0x00000000ee600000, 0x00000000ee700000, 0x00000000ee700000|100%| E|CS|TAMS 0x00000000ee600000, 0x00000000ee600000| Complete 
| 231|0x00000000ee700000, 0x00000000ee800000, 0x00000000ee800000|100%| E|CS|TAMS 0x00000000ee700000, 0x00000000ee700000| Complete 
| 232|0x00000000ee800000, 0x00000000ee900000, 0x00000000ee900000|100%| E|CS|TAMS 0x00000000ee800000, 0x00000000ee800000| Complete 
| 233|0x00000000ee900000, 0x00000000eea00000, 0x00000000eea00000|100%| E|CS|TAMS 0x00000000ee900000, 0x00000000ee900000| Complete 
| 234|0x00000000eea00000, 0x00000000eeb00000, 0x00000000eeb00000|100%| E|CS|TAMS 0x00000000eea00000, 0x00000000eea00000| Complete 
| 235|0x00000000eeb00000, 0x00000000eec00000, 0x00000000eec00000|100%| E|CS|TAMS 0x00000000eeb00000, 0x00000000eeb00000| Complete 
| 236|0x00000000eec00000, 0x00000000eed00000, 0x00000000eed00000|100%| E|CS|TAMS 0x00000000eec00000, 0x00000000eec00000| Complete 
| 237|0x00000000eed00000, 0x00000000eee00000, 0x00000000eee00000|100%| E|CS|TAMS 0x00000000eed00000, 0x00000000eed00000| Complete 
| 238|0x00000000eee00000, 0x00000000eef00000, 0x00000000eef00000|100%| E|CS|TAMS 0x00000000eee00000, 0x00000000eee00000| Complete 
| 239|0x00000000eef00000, 0x00000000ef000000, 0x00000000ef000000|100%| E|CS|TAMS 0x00000000eef00000, 0x00000000eef00000| Complete 
| 240|0x00000000ef000000, 0x00000000ef100000, 0x00000000ef100000|100%| E|CS|TAMS 0x00000000ef000000, 0x00000000ef000000| Complete 
| 241|0x00000000ef100000, 0x00000000ef200000, 0x00000000ef200000|100%| E|CS|TAMS 0x00000000ef100000, 0x00000000ef100000| Complete 
| 242|0x00000000ef200000, 0x00000000ef300000, 0x00000000ef300000|100%| E|CS|TAMS 0x00000000ef200000, 0x00000000ef200000| Complete 
| 243|0x00000000ef300000, 0x00000000ef400000, 0x00000000ef400000|100%| E|CS|TAMS 0x00000000ef300000, 0x00000000ef300000| Complete 
| 244|0x00000000ef400000, 0x00000000ef500000, 0x00000000ef500000|100%| E|CS|TAMS 0x00000000ef400000, 0x00000000ef400000| Complete 
| 245|0x00000000ef500000, 0x00000000ef600000, 0x00000000ef600000|100%| E|CS|TAMS 0x00000000ef500000, 0x00000000ef500000| Complete 
| 246|0x00000000ef600000, 0x00000000ef700000, 0x00000000ef700000|100%| E|CS|TAMS 0x00000000ef600000, 0x00000000ef600000| Complete 
| 247|0x00000000ef700000, 0x00000000ef800000, 0x00000000ef800000|100%| E|CS|TAMS 0x00000000ef700000, 0x00000000ef700000| Complete 
| 248|0x00000000ef800000, 0x00000000ef900000, 0x00000000ef900000|100%| E|CS|TAMS 0x00000000ef800000, 0x00000000ef800000| Complete 
| 249|0x00000000ef900000, 0x00000000efa00000, 0x00000000efa00000|100%| E|CS|TAMS 0x00000000ef900000, 0x00000000ef900000| Complete 
| 250|0x00000000efa00000, 0x00000000efb00000, 0x00000000efb00000|100%| E|CS|TAMS 0x00000000efa00000, 0x00000000efa00000| Complete 
| 251|0x00000000efb00000, 0x00000000efc00000, 0x00000000efc00000|100%| E|CS|TAMS 0x00000000efb00000, 0x00000000efb00000| Complete 
| 252|0x00000000efc00000, 0x00000000efd00000, 0x00000000efd00000|100%| E|CS|TAMS 0x00000000efc00000, 0x00000000efc00000| Complete 
| 253|0x00000000efd00000, 0x00000000efe00000, 0x00000000efe00000|100%| E|CS|TAMS 0x00000000efd00000, 0x00000000efd00000| Complete 
| 254|0x00000000efe00000, 0x00000000eff00000, 0x00000000eff00000|100%| E|CS|TAMS 0x00000000efe00000, 0x00000000efe00000| Complete 
| 255|0x00000000eff00000, 0x00000000f0000000, 0x00000000f0000000|100%| E|CS|TAMS 0x00000000eff00000, 0x00000000eff00000| Complete 

Card table byte_map: [0x00000133a8660000,0x00000133a8760000] _byte_map_base: 0x00000133a7f60000

Marking Bits (Prev, Next): (CMBitMap*) 0x00000133915091d0, (CMBitMap*) 0x0000013391509190
 Prev Bits: [0x00000133a9060000, 0x00000133a9860000)
 Next Bits: [0x00000133a8860000, 0x00000133a9060000)

Polling page: 0x0000013390b10000

Metaspace:

Usage:
  Non-class:     20.40 MB used.
      Class:      3.55 MB used.
       Both:     23.95 MB used.

Virtual space:
  Non-class space:       64.00 MB reserved,      20.62 MB ( 32%) committed,  1 nodes.
      Class space:      320.00 MB reserved,       3.75 MB (  1%) committed,  1 nodes.
             Both:      384.00 MB reserved,      24.38 MB (  6%) committed. 

Chunk freelists:
   Non-Class:  10.67 MB
       Class:  12.30 MB
        Both:  22.97 MB

MaxMetaspaceSize: 384.00 MB
CompressedClassSpaceSize: 320.00 MB
Initial GC threshold: 21.00 MB
Current GC threshold: 35.31 MB
CDS: on
MetaspaceReclaimPolicy: balanced
 - commit_granule_bytes: 65536.
 - commit_granule_words: 8192.
 - virtual_space_node_default_size: 8388608.
 - enlarge_chunks_in_place: 1.
 - new_chunks_are_fully_committed: 0.
 - uncommit_free_chunks: 1.
 - use_allocation_guard: 0.
 - handle_deallocations: 1.


Internal statistics:

num_allocs_failed_limit: 3.
num_arena_births: 334.
num_arena_deaths: 0.
num_vsnodes_births: 2.
num_vsnodes_deaths: 0.
num_space_committed: 390.
num_space_uncommitted: 0.
num_chunks_returned_to_freelist: 3.
num_chunks_taken_from_freelist: 1285.
num_chunk_merges: 3.
num_chunk_splits: 839.
num_chunks_enlarged: 587.
num_inconsistent_stats: 0.

CodeHeap 'non-profiled nmethods': size=120000Kb used=1993Kb max_used=1993Kb free=118006Kb
 bounds [0x00000133a0ae0000, 0x00000133a0d50000, 0x00000133a8010000]
CodeHeap 'profiled nmethods': size=120000Kb used=6880Kb max_used=6880Kb free=113119Kb
 bounds [0x0000013399010000, 0x00000133996d0000, 0x00000133a0540000]
CodeHeap 'non-nmethods': size=5760Kb used=1250Kb max_used=1289Kb free=4509Kb
 bounds [0x00000133a0540000, 0x00000133a07b0000, 0x00000133a0ae0000]
 total_blobs=3996 nmethods=3436 adapters=472
 compilation: enabled
              stopped_count=0, restarted_count=0
 full_count=0

Compilation events (20 events):
Event: 105.613 Thread 0x00000133ac4fc7f0 nmethod 3432 0x00000133a0cd2090 code [0x00000133a0cd2220, 0x00000133a0cd22d8]
Event: 117.598 Thread 0x00000133ac4fc7f0 3433       3       java.util.stream.ReduceOps$ReduceOp::<init> (10 bytes)
Event: 117.613 Thread 0x00000133ac4fc7f0 nmethod 3433 0x00000133996c5410 code [0x00000133996c55a0, 0x00000133996c5758]
Event: 117.613 Thread 0x00000133ac4fc7f0 3434       3       java.util.stream.ReduceOps$ReduceOp::evaluateSequential (18 bytes)
Event: 117.614 Thread 0x00000133ac4fc7f0 nmethod 3434 0x00000133996c5810 code [0x00000133996c59e0, 0x00000133996c5e68]
Event: 117.614 Thread 0x00000133ac4fc7f0 3435       3       java.util.stream.ReduceOps$Box::<init> (5 bytes)
Event: 117.614 Thread 0x00000133ac4fc7f0 nmethod 3435 0x00000133996c5f90 code [0x00000133996c6120, 0x00000133996c6278]
Event: 118.201 Thread 0x00000133ac4ccce0 3436       4       org.gradle.launcher.daemon.context.DefaultDaemonContext$Serializer::read (229 bytes)
Event: 118.202 Thread 0x00000133ac4fc7f0 3437       3       java.net.InetSocketAddress::getPort (8 bytes)
Event: 118.269 Thread 0x00000133ac4fc7f0 nmethod 3437 0x00000133996c6310 code [0x00000133996c64a0, 0x00000133996c65d8]
Event: 119.022 Thread 0x00000133ac4fc7f0 3438       1       java.util.concurrent.ThreadPoolExecutor::getQueue (5 bytes)
Event: 119.082 Thread 0x00000133ac4fc7f0 nmethod 3438 0x00000133a0cd2390 code [0x00000133a0cd2520, 0x00000133a0cd25f8]
Event: 119.736 Thread 0x00000133ac4fc7f0 3441       3       java.util.stream.ReduceOps::makeRef (42 bytes)
Event: 119.737 Thread 0x00000133ac4fc7f0 nmethod 3441 0x00000133996c6690 code [0x00000133996c68a0, 0x00000133996c70a8]
Event: 119.737 Thread 0x00000133ac4fc7f0 3442       3       java.util.stream.ReduceOps$3::<init> (28 bytes)
Event: 119.737 Thread 0x00000133ac4fc7f0 nmethod 3442 0x00000133996c7390 code [0x00000133996c7540, 0x00000133996c78d8]
Event: 119.737 Thread 0x00000133ac4fc7f0 3443       3       java.util.stream.ReduceOps$3::makeSink (5 bytes)
Event: 119.740 Thread 0x00000133ac4fc7f0 nmethod 3443 0x00000133996c7a10 code [0x00000133996c7bc0, 0x00000133996c7d08]
Event: 120.604 Thread 0x00000133ac4fc7f0 3444       3       java.util.stream.Collectors$CollectorImpl::<init> (32 bytes)
Event: 120.635 Thread 0x00000133ac4fc7f0 nmethod 3444 0x00000133996c7d90 code [0x00000133996c7f40, 0x00000133996c8278]

GC Heap History (8 events):
Event: 0.828 GC heap before
{Heap before GC invocations=0 (full 0):
 garbage-first heap   total 262144K, used 22528K [0x00000000e0000000, 0x0000000100000000)
  region size 1024K, 23 young (23552K), 0 survivors (0K)
 Metaspace       used 1083K, committed 1216K, reserved 393216K
  class space    used 73K, committed 128K, reserved 327680K
}
Event: 0.854 GC heap after
{Heap after GC invocations=1 (full 0):
 garbage-first heap   total 262144K, used 3894K [0x00000000e0000000, 0x0000000100000000)
  region size 1024K, 3 young (3072K), 3 survivors (3072K)
 Metaspace       used 1083K, committed 1216K, reserved 393216K
  class space    used 73K, committed 128K, reserved 327680K
}
Event: 2.104 GC heap before
{Heap before GC invocations=1 (full 0):
 garbage-first heap   total 262144K, used 40758K [0x00000000e0000000, 0x0000000100000000)
  region size 1024K, 36 young (36864K), 3 survivors (3072K)
 Metaspace       used 4383K, committed 4544K, reserved 393216K
  class space    used 545K, committed 640K, reserved 327680K
}
Event: 2.110 GC heap after
{Heap after GC invocations=2 (full 0):
 garbage-first heap   total 262144K, used 11151K [0x00000000e0000000, 0x0000000100000000)
  region size 1024K, 5 young (5120K), 5 survivors (5120K)
 Metaspace       used 4383K, committed 4544K, reserved 393216K
  class space    used 545K, committed 640K, reserved 327680K
}
Event: 3.305 GC heap before
{Heap before GC invocations=2 (full 0):
 garbage-first heap   total 262144K, used 60303K [0x00000000e0000000, 0x0000000100000000)
  region size 1024K, 51 young (52224K), 5 survivors (5120K)
 Metaspace       used 5013K, committed 5248K, reserved 393216K
  class space    used 652K, committed 768K, reserved 327680K
}
Event: 3.312 GC heap after
{Heap after GC invocations=3 (full 0):
 garbage-first heap   total 262144K, used 17325K [0x00000000e0000000, 0x0000000100000000)
  region size 1024K, 5 young (5120K), 5 survivors (5120K)
 Metaspace       used 5013K, committed 5248K, reserved 393216K
  class space    used 652K, committed 768K, reserved 327680K
}
Event: 13.224 GC heap before
{Heap before GC invocations=3 (full 0):
 garbage-first heap   total 262144K, used 125869K [0x00000000e0000000, 0x0000000100000000)
  region size 1024K, 112 young (114688K), 5 survivors (5120K)
 Metaspace       used 21171K, committed 21504K, reserved 393216K
  class space    used 3102K, committed 3264K, reserved 327680K
}
Event: 13.266 GC heap after
{Heap after GC invocations=4 (full 0):
 garbage-first heap   total 262144K, used 24551K [0x00000000e0000000, 0x0000000100000000)
  region size 1024K, 12 young (12288K), 12 survivors (12288K)
 Metaspace       used 21171K, committed 21504K, reserved 393216K
  class space    used 3102K, committed 3264K, reserved 327680K
}

Dll operation events (15 events):
Event: 0.019 Loaded shared library C:\Program Files\Microsoft\jdk-17.0.13.11-hotspot\bin\java.dll
Event: 0.058 Loaded shared library C:\Program Files\Microsoft\jdk-17.0.13.11-hotspot\bin\jsvml.dll
Event: 0.161 Loaded shared library C:\Program Files\Microsoft\jdk-17.0.13.11-hotspot\bin\zip.dll
Event: 0.165 Loaded shared library C:\Program Files\Microsoft\jdk-17.0.13.11-hotspot\bin\instrument.dll
Event: 0.175 Loaded shared library C:\Program Files\Microsoft\jdk-17.0.13.11-hotspot\bin\net.dll
Event: 0.184 Loaded shared library C:\Program Files\Microsoft\jdk-17.0.13.11-hotspot\bin\nio.dll
Event: 0.189 Loaded shared library C:\Program Files\Microsoft\jdk-17.0.13.11-hotspot\bin\zip.dll
Event: 0.663 Loaded shared library C:\Program Files\Microsoft\jdk-17.0.13.11-hotspot\bin\jimage.dll
Event: 0.955 Loaded shared library C:\Program Files\Microsoft\jdk-17.0.13.11-hotspot\bin\verify.dll
Event: 1.256 Loaded shared library C:\Users\DLCH\.gradle\native\1def1411415f61bf3af743bc5b6707747c0891f09f0c88961ee8f79bc544acac\windows-amd64\native-platform.dll
Event: 1.271 Loaded shared library C:\Users\DLCH\.gradle\native\0.2.6\x86_64-windows-gnu\gradle-fileevents.dll
Event: 3.524 Loaded shared library C:\Program Files\Microsoft\jdk-17.0.13.11-hotspot\bin\management.dll
Event: 3.529 Loaded shared library C:\Program Files\Microsoft\jdk-17.0.13.11-hotspot\bin\management_ext.dll
Event: 5.329 Loaded shared library C:\Program Files\Microsoft\jdk-17.0.13.11-hotspot\bin\extnet.dll
Event: 8.131 Loaded shared library C:\Program Files\Microsoft\jdk-17.0.13.11-hotspot\bin\sunmscapi.dll

Deoptimization events (20 events):
Event: 17.721 Thread 0x00000133c8174d50 DEOPT PACKING pc=0x00000133a0bee60c sp=0x00000016b42fe440
Event: 17.721 Thread 0x00000133c8174d50 DEOPT UNPACKING pc=0x00000133a05969a3 sp=0x00000016b42fe3f0 mode 2
Event: 17.990 Thread 0x00000133c6d5cad0 DEOPT PACKING pc=0x00000133994a5da9 sp=0x00000016b3bf8c80
Event: 17.990 Thread 0x00000133c6d5cad0 DEOPT UNPACKING pc=0x00000133a0597143 sp=0x00000016b3bf8190 mode 0
Event: 18.227 Thread 0x00000133c6d5cfe0 Uncommon trap: trap_request=0xffffff45 fr.pc=0x00000133a0b184b0 relative=0x0000000000000290
Event: 18.227 Thread 0x00000133c6d5cfe0 Uncommon trap: reason=unstable_if action=reinterpret pc=0x00000133a0b184b0 method=java.lang.StringLatin1.compareToCI([B[B)I @ 31 c2
Event: 18.227 Thread 0x00000133c6d5cfe0 DEOPT PACKING pc=0x00000133a0b184b0 sp=0x00000016b37fe4e0
Event: 18.227 Thread 0x00000133c6d5cfe0 DEOPT UNPACKING pc=0x00000133a05969a3 sp=0x00000016b37fe488 mode 2
Event: 18.229 Thread 0x00000133c6d5cfe0 DEOPT PACKING pc=0x00000133993d8a38 sp=0x00000016b37fe3f0
Event: 18.229 Thread 0x00000133c6d5cfe0 DEOPT UNPACKING pc=0x00000133a0597143 sp=0x00000016b37fd8f8 mode 0
Event: 18.244 Thread 0x00000133c6d5cfe0 DEOPT PACKING pc=0x00000133993d8a38 sp=0x00000016b37fe560
Event: 18.244 Thread 0x00000133c6d5cfe0 DEOPT UNPACKING pc=0x00000133a0597143 sp=0x00000016b37fda68 mode 0
Event: 28.137 Thread 0x00000133c6d5cfe0 DEOPT PACKING pc=0x00000133993d8a38 sp=0x00000016b37fe3f0
Event: 28.137 Thread 0x00000133c6d5cfe0 DEOPT UNPACKING pc=0x00000133a0597143 sp=0x00000016b37fd8f8 mode 0
Event: 28.142 Thread 0x00000133c6d5cfe0 DEOPT PACKING pc=0x00000133993d8a38 sp=0x00000016b37fe560
Event: 28.142 Thread 0x00000133c6d5cfe0 DEOPT UNPACKING pc=0x00000133a0597143 sp=0x00000016b37fda68 mode 0
Event: 114.130 Thread 0x00000133c6d5cad0 Uncommon trap: trap_request=0xffffff45 fr.pc=0x00000133a0cbd0e4 relative=0x0000000000000164
Event: 114.130 Thread 0x00000133c6d5cad0 Uncommon trap: reason=unstable_if action=reinterpret pc=0x00000133a0cbd0e4 method=java.util.concurrent.locks.ReentrantLock$NonfairSync.initialTryLock()Z @ 25 c2
Event: 114.130 Thread 0x00000133c6d5cad0 DEOPT PACKING pc=0x00000133a0cbd0e4 sp=0x00000016b3bfa050
Event: 114.214 Thread 0x00000133c6d5cad0 DEOPT UNPACKING pc=0x00000133a05969a3 sp=0x00000016b3bf9ff0 mode 2

Classes loaded (20 events):
Event: 17.475 Loading class java/nio/file/FileTreeWalker
Event: 17.477 Loading class java/nio/file/FileTreeWalker done
Event: 17.478 Loading class java/nio/file/FileTreeWalker$DirectoryNode
Event: 17.575 Loading class java/nio/file/FileTreeWalker$DirectoryNode done
Event: 17.576 Loading class java/nio/file/FileTreeWalker$Event
Event: 17.577 Loading class java/nio/file/FileTreeWalker$Event done
Event: 17.577 Loading class java/nio/file/FileTreeWalker$EventType
Event: 17.578 Loading class java/nio/file/FileTreeWalker$EventType done
Event: 17.579 Loading class java/nio/file/Files$3
Event: 17.580 Loading class java/nio/file/Files$3 done
Event: 17.648 Loading class java/nio/file/FileVisitResult
Event: 17.687 Loading class java/nio/file/FileVisitResult done
Event: 17.737 Loading class java/nio/charset/CharacterCodingException
Event: 17.740 Loading class java/nio/charset/CharacterCodingException done
Event: 17.980 Loading class java/util/stream/Streams$RangeIntSpliterator
Event: 17.985 Loading class java/util/stream/Streams$RangeIntSpliterator done
Event: 18.142 Loading class java/util/concurrent/LinkedBlockingDeque$Itr
Event: 18.219 Loading class java/util/concurrent/LinkedBlockingDeque$AbstractItr
Event: 18.223 Loading class java/util/concurrent/LinkedBlockingDeque$AbstractItr done
Event: 18.223 Loading class java/util/concurrent/LinkedBlockingDeque$Itr done

Classes unloaded (0 events):
No events

Classes redefined (0 events):
No events

Internal exceptions (20 events):
Event: 12.841 Thread 0x00000133c6d5cad0 Exception <a 'java/lang/NoSuchMethodError'{0x00000000e977f870}: 'java.lang.Object java.lang.invoke.DirectMethodHandle$Holder.invokeStatic(java.lang.Object, java.lang.Object, java.lang.Object, java.lang.Object, java.lang.Object, java.lang.Object, java.lang.Object, java.lang.Object, java.lang.Object, java.lang.Object, java.lang.Object, java.lang.Object, java.lang.Object, java.lang.Object, java.lang.Object, java.lang.Object, java.lang.Object, java.lang.Object, java.lang.Object)'> (0x00000000e977f870) 
thrown 
Event: 12.844 Thread 0x00000133c6d5cad0 Exception <a 'java/lang/NoSuchMethodError'{0x00000000e97ab590}: 'java.lang.Object java.lang.invoke.DirectMethodHandle$Holder.invokeStatic(java.lang.Object, java.lang.Object, java.lang.Object, java.lang.Object, java.lang.Object, java.lang.Object, java.lang.Object, java.lang.Object, java.lang.Object, java.lang.Object, java.lang.Object, java.lang.Object, java.lang.Object, java.lang.Object, java.lang.Object, java.lang.Object, java.lang.Object, java.lang.Object, java.lang.Object, java.lang.Object)'> (0x00000000
Event: 12.847 Thread 0x00000133c6d5cad0 Exception <a 'java/lang/NoSuchMethodError'{0x00000000e97d7940}: 'java.lang.Object java.lang.invoke.DirectMethodHandle$Holder.invokeStatic(java.lang.Object, java.lang.Object, java.lang.Object, java.lang.Object, java.lang.Object, java.lang.Object, java.lang.Object, java.lang.Object, java.lang.Object, java.lang.Object, java.lang.Object, java.lang.Object, java.lang.Object, java.lang.Object, java.lang.Object, java.lang.Object, java.lang.Object, java.lang.Object, java.lang.Object, java.lang.Object, java.lang.Obj
Event: 12.851 Thread 0x00000133c6d5cad0 Exception <a 'java/lang/NoSuchMethodError'{0x00000000e9605120}: 'java.lang.Object java.lang.invoke.DirectMethodHandle$Holder.invokeStatic(java.lang.Object, java.lang.Object, java.lang.Object, java.lang.Object, java.lang.Object, java.lang.Object, java.lang.Object, java.lang.Object, java.lang.Object, java.lang.Object, java.lang.Object, java.lang.Object, java.lang.Object, java.lang.Object, java.lang.Object, java.lang.Object, java.lang.Object, java.lang.Object, java.lang.Object, java.lang.Object, java.lang.Obj
Event: 12.855 Thread 0x00000133c6d5cad0 Exception <a 'java/lang/NoSuchMethodError'{0x00000000e96338b8}: 'java.lang.Object java.lang.invoke.DirectMethodHandle$Holder.invokeStatic(java.lang.Object, java.lang.Object, java.lang.Object, java.lang.Object, java.lang.Object, java.lang.Object, java.lang.Object, java.lang.Object, java.lang.Object, java.lang.Object, java.lang.Object, java.lang.Object, java.lang.Object, java.lang.Object, java.lang.Object, java.lang.Object, java.lang.Object, java.lang.Object, java.lang.Object, java.lang.Object, java.lang.Obj
Event: 12.857 Thread 0x00000133c6d5cad0 Exception <a 'java/lang/NoSuchMethodError'{0x00000000e96628e8}: 'java.lang.Object java.lang.invoke.DirectMethodHandle$Holder.invokeStatic(java.lang.Object, java.lang.Object, java.lang.Object, java.lang.Object, java.lang.Object, java.lang.Object, java.lang.Object, java.lang.Object, java.lang.Object, java.lang.Object, java.lang.Object, java.lang.Object, java.lang.Object, java.lang.Object, java.lang.Object, java.lang.Object, java.lang.Object, java.lang.Object, java.lang.Object, java.lang.Object, java.lang.Obj
Event: 12.861 Thread 0x00000133c6d5cad0 Exception <a 'java/lang/NoSuchMethodError'{0x00000000e96937d0}: 'java.lang.Object java.lang.invoke.DirectMethodHandle$Holder.invokeStatic(java.lang.Object, java.lang.Object, java.lang.Object, java.lang.Object, java.lang.Object, java.lang.Object, java.lang.Object, java.lang.Object, java.lang.Object, java.lang.Object, java.lang.Object, java.lang.Object, java.lang.Object, java.lang.Object, java.lang.Object, java.lang.Object, java.lang.Object, java.lang.Object, java.lang.Object, java.lang.Object, java.lang.Obj
Event: 12.864 Thread 0x00000133c6d5cad0 Exception <a 'java/lang/NoSuchMethodError'{0x00000000e96c5210}: 'java.lang.Object java.lang.invoke.DirectMethodHandle$Holder.invokeStatic(java.lang.Object, java.lang.Object, java.lang.Object, java.lang.Object, java.lang.Object, java.lang.Object, java.lang.Object, java.lang.Object, java.lang.Object, java.lang.Object, java.lang.Object, java.lang.Object, java.lang.Object, java.lang.Object, java.lang.Object, java.lang.Object, java.lang.Object, java.lang.Object, java.lang.Object, java.lang.Object, java.lang.Obj
Event: 12.948 Thread 0x00000133c6d5cad0 Exception <a 'java/lang/NoSuchMethodError'{0x00000000e9475e50}: 'java.lang.Object java.lang.invoke.DirectMethodHandle$Holder.invokeStaticInit(java.lang.Object, java.lang.Object, java.lang.Object, java.lang.Object)'> (0x00000000e9475e50) 
thrown [s\src\hotspot\share\interpreter\linkResolver.cpp, line 759]
Event: 13.047 Thread 0x00000133c6d5cad0 Exception <a 'java/lang/NoSuchMethodError'{0x00000000e9232c60}: 'java.lang.Object java.lang.invoke.DirectMethodHandle$Holder.newInvokeSpecial(java.lang.Object, java.lang.Object, java.lang.Object, java.lang.Object, java.lang.Object, java.lang.Object, java.lang.Object, java.lang.Object)'> (0x00000000e9232c60) 
thrown [s\src\hotspot\share\interpreter\linkResolver.cpp, line 759]
Event: 13.048 Thread 0x00000133c6d5cad0 Exception <a 'java/lang/NoSuchMethodError'{0x00000000e9238668}: 'java.lang.Object java.lang.invoke.DirectMethodHandle$Holder.invokeSpecial(java.lang.Object, java.lang.Object, java.lang.Object, java.lang.Object, java.lang.Object, java.lang.Object, java.lang.Object, java.lang.Object, java.lang.Object)'> (0x00000000e9238668) 
thrown [s\src\hotspot\share\interpreter\linkResolver.cpp, line 759]
Event: 13.048 Thread 0x00000133c6d5cad0 Exception <a 'java/lang/NoSuchMethodError'{0x00000000e923da18}: 'java.lang.Object java.lang.invoke.Invokers$Holder.linkToTargetMethod(java.lang.Object, java.lang.Object, java.lang.Object, java.lang.Object, java.lang.Object, java.lang.Object, java.lang.Object, java.lang.Object)'> (0x00000000e923da18) 
thrown [s\src\hotspot\share\interpreter\linkResolver.cpp, line 759]
Event: 13.060 Thread 0x00000133c6d5cad0 Exception <a 'java/lang/NoSuchMethodError'{0x00000000e928c408}: 'void java.lang.invoke.DirectMethodHandle$Holder.invokeStatic(java.lang.Object, java.lang.Object, java.lang.Object, java.lang.Object)'> (0x00000000e928c408) 
thrown [s\src\hotspot\share\interpreter\linkResolver.cpp, line 759]
Event: 13.223 Thread 0x00000133c6d5cad0 Exception <a 'java/lang/NoSuchMethodError'{0x00000000e906e2c0}: 'void java.lang.invoke.DirectMethodHandle$Holder.invokeStaticInit(java.lang.Object, java.lang.Object)'> (0x00000000e906e2c0) 
thrown [s\src\hotspot\share\interpreter\linkResolver.cpp, line 759]
Event: 14.705 Thread 0x00000133c6d5cad0 Exception <a 'java/lang/NoSuchMethodError'{0x00000000ef9bc560}: 'int java.lang.invoke.DirectMethodHandle$Holder.invokeVirtual(java.lang.Object, java.lang.Object)'> (0x00000000ef9bc560) 
thrown [s\src\hotspot\share\interpreter\linkResolver.cpp, line 759]
Event: 17.228 Thread 0x00000133c6d5cad0 Exception <a 'java/lang/IncompatibleClassChangeError'{0x00000000eec126e8}: Found class java.lang.Object, but interface was expected> (0x00000000eec126e8) 
thrown [s\src\hotspot\share\interpreter\linkResolver.cpp, line 826]
Event: 17.408 Thread 0x00000133c6d5cad0 Exception <a 'java/lang/NoSuchMethodError'{0x00000000eecfd1f8}: 'java.lang.Object java.lang.invoke.DirectMethodHandle$Holder.newInvokeSpecial(java.lang.Object, java.lang.Object, long)'> (0x00000000eecfd1f8) 
thrown [s\src\hotspot\share\interpreter\linkResolver.cpp, line 759]
Event: 17.409 Thread 0x00000133c6d5cad0 Exception <a 'java/lang/NoSuchMethodError'{0x00000000eebba108}: 'java.lang.Object java.lang.invoke.Invokers$Holder.linkToTargetMethod(java.lang.Object, long, java.lang.Object)'> (0x00000000eebba108) 
thrown [s\src\hotspot\share\interpreter\linkResolver.cpp, line 759]
Event: 17.834 Thread 0x00000133c6d5cad0 Exception <a 'java/lang/NoSuchMethodError'{0x00000000ee9e7060}: 'int java.lang.invoke.DirectMethodHandle$Holder.invokeInterface(java.lang.Object, java.lang.Object)'> (0x00000000ee9e7060) 
thrown [s\src\hotspot\share\interpreter\linkResolver.cpp, line 759]
Event: 17.967 Thread 0x00000133c6d5cad0 Exception <a 'java/lang/NoSuchMethodError'{0x00000000ee878bf0}: 'java.lang.Object java.lang.invoke.DirectMethodHandle$Holder.invokeVirtual(java.lang.Object, java.lang.Object, int)'> (0x00000000ee878bf0) 
thrown [s\src\hotspot\share\interpreter\linkResolver.cpp, line 759]

VM Operations (20 events):
Event: 71.323 Executing VM operation: Cleanup
Event: 71.323 Executing VM operation: Cleanup done
Event: 75.357 Executing VM operation: Cleanup
Event: 75.357 Executing VM operation: Cleanup done
Event: 79.389 Executing VM operation: Cleanup
Event: 79.389 Executing VM operation: Cleanup done
Event: 82.423 Executing VM operation: Cleanup
Event: 82.441 Executing VM operation: Cleanup done
Event: 98.561 Executing VM operation: Cleanup
Event: 98.561 Executing VM operation: Cleanup done
Event: 103.617 Executing VM operation: Cleanup
Event: 103.633 Executing VM operation: Cleanup done
Event: 114.749 Executing VM operation: Cleanup
Event: 114.749 Executing VM operation: Cleanup done
Event: 118.769 Executing VM operation: Cleanup
Event: 119.006 Executing VM operation: Cleanup done
Event: 120.010 Executing VM operation: Cleanup
Event: 120.088 Executing VM operation: Cleanup done
Event: 121.099 Executing VM operation: Cleanup
Event: 121.099 Executing VM operation: Cleanup done

Memory protections (0 events):
No events

Nmethod flushes (0 events):
No events

Events (20 events):
Event: 0.201 Thread 0x00000133914d8db0 Thread added: 0x00000133ac69ce10
Event: 3.595 Thread 0x00000133914d8db0 Thread added: 0x00000133c6d5fd70
Event: 7.650 Thread 0x00000133914d8db0 Thread added: 0x00000133c6d5e930
Event: 8.120 Thread 0x00000133914d8db0 Thread added: 0x00000133c6d5cfe0
Event: 8.207 Thread 0x00000133c6d5e930 Thread added: 0x00000133c6d5d4f0
Event: 8.226 Thread 0x00000133c6d5d4f0 Thread added: 0x00000133c6d60280
Event: 8.396 Thread 0x00000133c6d5d4f0 Thread added: 0x00000133c6d5da00
Event: 8.419 Thread 0x00000133c6d5d4f0 Thread added: 0x00000133c6d5cad0
Event: 8.433 Thread 0x00000133c6d5cad0 Thread added: 0x00000133c6d5e420
Event: 8.438 Thread 0x00000133c6d5cad0 Thread added: 0x00000133c6d5df10
Event: 8.442 Thread 0x00000133c6d5cad0 Thread added: 0x00000133c6d5f350
Event: 9.280 Thread 0x00000133c6d5cad0 Thread added: 0x00000133c8173400
Event: 9.296 Thread 0x00000133c6d5cad0 Thread added: 0x00000133c8174840
Event: 9.496 Thread 0x00000133c8174840 Thread added: 0x00000133c8173910
Event: 9.504 Thread 0x00000133c6d5cad0 Thread added: 0x00000133c8174d50
Event: 12.776 Thread 0x00000133c6d5cad0 Thread added: 0x00000133c8175260
Event: 12.807 Thread 0x00000133c6d5cad0 Thread added: 0x00000133c8174330
Event: 14.584 Thread 0x00000133c6d5cad0 Thread added: 0x00000133c81724d0
Event: 14.701 Thread 0x00000133c6d5cad0 Thread added: 0x00000133c81729e0
Event: 91.658 Thread 0x00000133c8173910 Thread exited: 0x00000133c8173910


Dynamic libraries:
0x00007ff7a2210000 - 0x00007ff7a221e000 	C:\Program Files\Microsoft\jdk-17.0.13.11-hotspot\bin\java.exe
0x00007ffd43f80000 - 0x00007ffd441e3000 	C:\WINDOWS\SYSTEM32\ntdll.dll
0x00007ffd42f00000 - 0x00007ffd42fc7000 	C:\WINDOWS\System32\KERNEL32.DLL
0x00007ffd41660000 - 0x00007ffd41a27000 	C:\WINDOWS\System32\KERNELBASE.dll
0x00007ffd41bb0000 - 0x00007ffd41cfc000 	C:\WINDOWS\System32\ucrtbase.dll
0x00007ffd23dd0000 - 0x00007ffd23de7000 	C:\Program Files\Microsoft\jdk-17.0.13.11-hotspot\bin\jli.dll
0x00007ffd42d10000 - 0x00007ffd42ed9000 	C:\WINDOWS\System32\USER32.dll
0x00007ffd41320000 - 0x00007ffd41347000 	C:\WINDOWS\System32\win32u.dll
0x00007ffd41e50000 - 0x00007ffd41e7a000 	C:\WINDOWS\System32\GDI32.dll
0x00007ffd41350000 - 0x00007ffd4147b000 	C:\WINDOWS\System32\gdi32full.dll
0x00007ffd41480000 - 0x00007ffd41523000 	C:\WINDOWS\System32\msvcp_win.dll
0x00007ffd29440000 - 0x00007ffd296d0000 	C:\WINDOWS\WinSxS\amd64_microsoft.windows.common-controls_6595b64144ccf1df_6.0.26100.3037_none_3e09262ce333c378\COMCTL32.dll
0x00007ffd43d30000 - 0x00007ffd43dd9000 	C:\WINDOWS\System32\msvcrt.dll
0x00007ffd17ed0000 - 0x00007ffd17eed000 	C:\Program Files\Microsoft\jdk-17.0.13.11-hotspot\bin\VCRUNTIME140.dll
0x00007ffd42590000 - 0x00007ffd425bf000 	C:\WINDOWS\System32\IMM32.DLL
0x00007ffd3c510000 - 0x00007ffd3c51c000 	C:\Program Files\Microsoft\jdk-17.0.13.11-hotspot\bin\vcruntime140_1.dll
0x00007ffd0de50000 - 0x00007ffd0dedd000 	C:\Program Files\Microsoft\jdk-17.0.13.11-hotspot\bin\msvcp140.dll
0x00007ffcabfa0000 - 0x00007ffcacc11000 	C:\Program Files\Microsoft\jdk-17.0.13.11-hotspot\bin\server\jvm.dll
0x00007ffd43230000 - 0x00007ffd432e4000 	C:\WINDOWS\System32\ADVAPI32.dll
0x00007ffd42970000 - 0x00007ffd42a16000 	C:\WINDOWS\System32\sechost.dll
0x00007ffd42740000 - 0x00007ffd42856000 	C:\WINDOWS\System32\RPCRT4.dll
0x00007ffd41dd0000 - 0x00007ffd41e44000 	C:\WINDOWS\System32\WS2_32.dll
0x00007ffd3ffe0000 - 0x00007ffd4002e000 	C:\WINDOWS\SYSTEM32\POWRPROF.dll
0x00007ffd30780000 - 0x00007ffd307b6000 	C:\WINDOWS\SYSTEM32\WINMM.dll
0x00007ffd39100000 - 0x00007ffd3910b000 	C:\WINDOWS\SYSTEM32\VERSION.dll
0x00007ffd3ffc0000 - 0x00007ffd3ffd4000 	C:\WINDOWS\SYSTEM32\UMPDC.dll
0x00007ffd40260000 - 0x00007ffd4027a000 	C:\WINDOWS\SYSTEM32\kernel.appcore.dll
0x00007ffd3b520000 - 0x00007ffd3b52a000 	C:\Program Files\Microsoft\jdk-17.0.13.11-hotspot\bin\jimage.dll
0x00007ffd3ec60000 - 0x00007ffd3eea1000 	C:\WINDOWS\SYSTEM32\DBGHELP.DLL
0x00007ffd432f0000 - 0x00007ffd4366e000 	C:\WINDOWS\System32\combase.dll
0x00007ffd42860000 - 0x00007ffd42936000 	C:\WINDOWS\System32\OLEAUT32.dll
0x00007ffd1e760000 - 0x00007ffd1e799000 	C:\WINDOWS\SYSTEM32\dbgcore.DLL
0x00007ffd41530000 - 0x00007ffd415c9000 	C:\WINDOWS\System32\bcryptPrimitives.dll
0x00007ffd3b1e0000 - 0x00007ffd3b1ee000 	C:\Program Files\Microsoft\jdk-17.0.13.11-hotspot\bin\instrument.dll
0x00007ffd163d0000 - 0x00007ffd163f5000 	C:\Program Files\Microsoft\jdk-17.0.13.11-hotspot\bin\java.dll
0x00007ffcf6880000 - 0x00007ffcf6957000 	C:\Program Files\Microsoft\jdk-17.0.13.11-hotspot\bin\jsvml.dll
0x00007ffd41e80000 - 0x00007ffd42584000 	C:\WINDOWS\System32\SHELL32.dll
0x00007ffd3f080000 - 0x00007ffd3f8b7000 	C:\WINDOWS\SYSTEM32\windows.storage.dll
0x00007ffd425d0000 - 0x00007ffd426b9000 	C:\WINDOWS\System32\SHCORE.dll
0x00007ffd42b00000 - 0x00007ffd42b5d000 	C:\WINDOWS\System32\shlwapi.dll
0x00007ffd41230000 - 0x00007ffd4125e000 	C:\WINDOWS\SYSTEM32\profapi.dll
0x00007ffd17eb0000 - 0x00007ffd17ec8000 	C:\Program Files\Microsoft\jdk-17.0.13.11-hotspot\bin\zip.dll
0x00007ffd14bf0000 - 0x00007ffd14c0a000 	C:\Program Files\Microsoft\jdk-17.0.13.11-hotspot\bin\net.dll
0x00007ffd3b9b0000 - 0x00007ffd3bace000 	C:\WINDOWS\SYSTEM32\WINHTTP.dll
0x00007ffd40770000 - 0x00007ffd407da000 	C:\WINDOWS\system32\mswsock.dll
0x00007ffd14bd0000 - 0x00007ffd14be6000 	C:\Program Files\Microsoft\jdk-17.0.13.11-hotspot\bin\nio.dll
0x00007ffd3b170000 - 0x00007ffd3b180000 	C:\Program Files\Microsoft\jdk-17.0.13.11-hotspot\bin\verify.dll
0x00007ffd38230000 - 0x00007ffd38257000 	C:\Users\DLCH\.gradle\native\1def1411415f61bf3af743bc5b6707747c0891f09f0c88961ee8f79bc544acac\windows-amd64\native-platform.dll
0x00007ffd0ddd0000 - 0x00007ffd0de48000 	C:\Users\DLCH\.gradle\native\0.2.6\x86_64-windows-gnu\gradle-fileevents.dll
0x00007ffd396b0000 - 0x00007ffd396ba000 	C:\Program Files\Microsoft\jdk-17.0.13.11-hotspot\bin\management.dll
0x00007ffd39670000 - 0x00007ffd3967b000 	C:\Program Files\Microsoft\jdk-17.0.13.11-hotspot\bin\management_ext.dll
0x00007ffd43780000 - 0x00007ffd43788000 	C:\WINDOWS\System32\PSAPI.DLL
0x00007ffd3fc70000 - 0x00007ffd3fca2000 	C:\WINDOWS\SYSTEM32\IPHLPAPI.DLL
0x00007ffd43840000 - 0x00007ffd4384a000 	C:\WINDOWS\System32\NSI.dll
0x00007ffd3b7a0000 - 0x00007ffd3b7bf000 	C:\WINDOWS\SYSTEM32\dhcpcsvc6.DLL
0x00007ffd3b770000 - 0x00007ffd3b795000 	C:\WINDOWS\SYSTEM32\dhcpcsvc.DLL
0x00007ffd3fd10000 - 0x00007ffd3fe35000 	C:\WINDOWS\SYSTEM32\DNSAPI.dll
0x00007ffd395c0000 - 0x00007ffd395c9000 	C:\Program Files\Microsoft\jdk-17.0.13.11-hotspot\bin\extnet.dll
0x00007ffd40a10000 - 0x00007ffd40a2c000 	C:\WINDOWS\SYSTEM32\CRYPTSP.dll
0x00007ffd401c0000 - 0x00007ffd401f8000 	C:\WINDOWS\system32\rsaenh.dll
0x00007ffd40810000 - 0x00007ffd4083b000 	C:\WINDOWS\SYSTEM32\USERENV.dll
0x00007ffd40c50000 - 0x00007ffd40c76000 	C:\WINDOWS\SYSTEM32\bcrypt.dll
0x00007ffd40a30000 - 0x00007ffd40a3c000 	C:\WINDOWS\SYSTEM32\CRYPTBASE.dll
0x00007ffd383a0000 - 0x00007ffd383ae000 	C:\Program Files\Microsoft\jdk-17.0.13.11-hotspot\bin\sunmscapi.dll
0x00007ffd41a30000 - 0x00007ffd41ba6000 	C:\WINDOWS\System32\CRYPT32.dll
0x00007ffd40c10000 - 0x00007ffd40c40000 	C:\WINDOWS\SYSTEM32\ncrypt.dll
0x00007ffd40bc0000 - 0x00007ffd40bff000 	C:\WINDOWS\SYSTEM32\NTASN1.dll
0x00007ffd03970000 - 0x00007ffd03978000 	C:\WINDOWS\system32\wshunix.dll

dbghelp: loaded successfully - version: 4.0.5 - missing functions: none
symbol engine: initialized successfully - sym options: 0x614 - pdb path: .;C:\Program Files\Microsoft\jdk-17.0.13.11-hotspot\bin;C:\WINDOWS\SYSTEM32;C:\WINDOWS\WinSxS\amd64_microsoft.windows.common-controls_6595b64144ccf1df_6.0.26100.3037_none_3e09262ce333c378;C:\Program Files\Microsoft\jdk-17.0.13.11-hotspot\bin\server;C:\Users\DLCH\.gradle\native\1def1411415f61bf3af743bc5b6707747c0891f09f0c88961ee8f79bc544acac\windows-amd64;C:\Users\DLCH\.gradle\native\0.2.6\x86_64-windows-gnu

VM Arguments:
jvm_args: --add-opens=java.base/java.lang=ALL-UNNAMED --add-opens=java.base/java.lang.invoke=ALL-UNNAMED --add-opens=java.base/java.util=ALL-UNNAMED --add-opens=java.prefs/java.util.prefs=ALL-UNNAMED --add-exports=jdk.compiler/com.sun.tools.javac.api=ALL-UNNAMED --add-exports=jdk.compiler/com.sun.tools.javac.util=ALL-UNNAMED --add-opens=java.base/java.util=ALL-UNNAMED --add-opens=java.prefs/java.util.prefs=ALL-UNNAMED --add-opens=java.base/java.nio.charset=ALL-UNNAMED --add-opens=java.base/java.net=ALL-UNNAMED --add-opens=java.base/java.util.concurrent.atomic=ALL-UNNAMED --add-opens=java.xml/javax.xml.namespace=ALL-UNNAMED -XX:MaxMetaspaceSize=384m -XX:+HeapDumpOnOutOfMemoryError -Xms256m -Xmx512m -Dfile.encoding=UTF-8 -Duser.country=US -Duser.language=en -Duser.variant -javaagent:C:\Users\DLCH\.gradle\wrapper\dists\gradle-8.12.1-bin\eumc4uhoysa37zql93vfjkxy0\gradle-8.12.1\lib\agents\gradle-instrumentation-agent-8.12.1.jar 
java_command: org.gradle.launcher.daemon.bootstrap.GradleDaemon 8.12.1
java_class_path (initial): C:\Users\DLCH\.gradle\wrapper\dists\gradle-8.12.1-bin\eumc4uhoysa37zql93vfjkxy0\gradle-8.12.1\lib\gradle-daemon-main-8.12.1.jar
Launcher Type: SUN_STANDARD

[Global flags]
     intx CICompilerCount                          = 4                                         {product} {ergonomic}
   size_t CompressedClassSpaceSize                 = 335544320                                 {product} {ergonomic}
     uint ConcGCThreads                            = 3                                         {product} {ergonomic}
     uint G1ConcRefinementThreads                  = 10                                        {product} {ergonomic}
   size_t G1HeapRegionSize                         = 1048576                                   {product} {ergonomic}
    uintx GCDrainStackTargetSize                   = 64                                        {product} {ergonomic}
     bool HeapDumpOnOutOfMemoryError               = true                                   {manageable} {command line}
   size_t InitialHeapSize                          = 268435456                                 {product} {command line}
   size_t MarkStackSize                            = 4194304                                   {product} {ergonomic}
   size_t MaxHeapSize                              = 536870912                                 {product} {command line}
   size_t MaxMetaspaceSize                         = 402653184                                 {product} {command line}
   size_t MaxNewSize                               = 321912832                                 {product} {ergonomic}
   size_t MinHeapDeltaBytes                        = 1048576                                   {product} {ergonomic}
   size_t MinHeapSize                              = 268435456                                 {product} {command line}
    uintx NonNMethodCodeHeapSize                   = 5839372                                {pd product} {ergonomic}
    uintx NonProfiledCodeHeapSize                  = 122909434                              {pd product} {ergonomic}
    uintx ProfiledCodeHeapSize                     = 122909434                              {pd product} {ergonomic}
    uintx ReservedCodeCacheSize                    = 251658240                              {pd product} {ergonomic}
     bool SegmentedCodeCache                       = true                                      {product} {ergonomic}
   size_t SoftMaxHeapSize                          = 536870912                              {manageable} {ergonomic}
     bool UseCompressedClassPointers               = true                           {product lp64_product} {ergonomic}
     bool UseCompressedOops                        = true                           {product lp64_product} {ergonomic}
     bool UseG1GC                                  = true                                      {product} {ergonomic}
     bool UseLargePagesIndividualAllocation        = false                                  {pd product} {ergonomic}

Logging:
Log output configuration:
 #0: stdout all=warning uptime,level,tags
 #1: stderr all=off uptime,level,tags

Environment Variables:
JAVA_HOME=C:\Program Files\Microsoft\jdk-17.0.13.11-hotspot\
PATH=C:\Program Files\Microsoft\jdk-17.0.13.11-hotspot\bin;C:\Program Files\Microsoft\jdk-17.0.13.11-hotspot\\bin;C:\Program Files\Common Files\Oracle\Java\javapath;C:\WINDOWS\system32;C:\WINDOWS;C:\WINDOWS\System32\Wbem;C:\WINDOWS\System32\WindowsPowerShell\v1.0\;C:\WINDOWS\System32\OpenSSH\;C:\Program Files\Git\cmd;C:\ProgramData\chocolatey\bin;C:\Program Files\nodejs\;C:\Program Files\Amazon\AWSCLIV2\;C:\Users\DLCH\AppData\Local\Android\Sdk\platform-tools;C:\Users\DLCH\AppData\Local\Android\Sdk\tools;C:\Users\DLCH\AppData\Local\Android\Sdk\cmdline-tools\latest\bin;C:\Users\DLCH\AppData\Local\Programs\Python\Python310\Scripts;C:\Users\DLCH\AppData\Local\Programs\Python\Python310;C:\Users\DLCH\AppData\Local\Programs\Python\Launcher\;C:\Users\DLCH\AppData\Local\Microsoft\WindowsApps;C:\Users\DLCH\AppData\Local\Programs\Microsoft VS Code\bin;C:\Winutils\bin;C:\SPARK\spark-3.4.4-bin-hadoop3\bin;C:\Users\DLCH\AppData\Roaming\npm;C:\Program Files\nodejs\;
USERNAME=DLCH
OS=Windows_NT
PROCESSOR_IDENTIFIER=AMD64 Family 23 Model 96 Stepping 1, AuthenticAMD
TMP=C:\Users\DLCH\AppData\Local\Temp
TEMP=C:\Users\DLCH\AppData\Local\Temp



Periodic native trim disabled


---------------  S Y S T E M  ---------------

OS:
 Windows 11 , 64 bit Build 26100 (10.0.26100.3037)
OS uptime: 0 days 2:18 hours

CPU: total 12 (initial active 12) (12 cores per cpu, 2 threads per core) family 23 model 96 stepping 1 microcode 0x8600106, cx8, cmov, fxsr, ht, mmx, 3dnowpref, sse, sse2, sse3, ssse3, sse4a, sse4.1, sse4.2, popcnt, lzcnt, tsc, tscinvbit, avx, avx2, aes, clmul, bmi1, bmi2, adx, sha, fma, vzeroupper, clflush, clflushopt
Processor Information for the first 12 processors :
  Max Mhz: 3000, Current Mhz: 3000, Mhz Limit: 3000

Memory: 4k page, system-wide physical 15741M (89M free)
TotalPageFile size 64893M (AvailPageFile size 112M)
current process WorkingSet (physical memory assigned to process): 15M, peak: 163M
current process commit charge ("private bytes"): 414M, peak: 432M

vm_info: OpenJDK 64-Bit Server VM (17.0.13+11-LTS) for windows-amd64 JRE (17.0.13+11-LTS), built on Oct 11 2024 23:25:05 by "MicrosoftCorporation" with unknown MS VC++:1939

END.
