#
# There is insufficient memory for the Java Runtime Environment to continue.
# Native memory allocation (malloc) failed to allocate 1213184 bytes. Error detail: Chunk::new
# Possible reasons:
#   The system is out of physical RAM or swap space
#   This process is running with CompressedOops enabled, and the Java Heap may be blocking the growth of the native heap
# Possible solutions:
#   Reduce memory load on the system
#   Increase physical memory or swap space
#   Check if swap backing store is full
#   Decrease Java heap size (-Xmx/-Xms)
#   Decrease number of Java threads
#   Decrease Java thread stack sizes (-Xss)
#   Set larger code cache with -XX:ReservedCodeCacheSize=
#   JVM is running with Unscaled Compressed Oops mode in which the Java heap is
#     placed in the first 4GB address space. The Java Heap base address is the
#     maximum limit for the native heap growth. Please use -XX:HeapBaseMinAddress
#     to set the Java Heap base and to place the Java Heap above 4GB virtual address.
# This output file may be truncated or incomplete.
#
#  Out of Memory Error (arena.cpp:191), pid=41748, tid=41568
#
# JRE version: OpenJDK Runtime Environment Microsoft-10376486 (17.0.13+11) (build 17.0.13+11-LTS)
# Java VM: OpenJDK 64-Bit Server VM Microsoft-10376486 (17.0.13+11-LTS, mixed mode, sharing, tiered, compressed oops, compressed class ptrs, g1 gc, windows-amd64)
# No core dump will be written. Minidumps are not enabled by default on client versions of Windows
#

---------------  S U M M A R Y ------------

Command Line: --add-opens=java.base/java.lang=ALL-UNNAMED --add-opens=java.base/java.lang.invoke=ALL-UNNAMED --add-opens=java.base/java.util=ALL-UNNAMED --add-opens=java.prefs/java.util.prefs=ALL-UNNAMED --add-exports=jdk.compiler/com.sun.tools.javac.api=ALL-UNNAMED --add-exports=jdk.compiler/com.sun.tools.javac.util=ALL-UNNAMED --add-opens=java.base/java.util=ALL-UNNAMED --add-opens=java.prefs/java.util.prefs=ALL-UNNAMED --add-opens=java.base/java.nio.charset=ALL-UNNAMED --add-opens=java.base/java.net=ALL-UNNAMED --add-opens=java.base/java.util.concurrent.atomic=ALL-UNNAMED --add-opens=java.xml/javax.xml.namespace=ALL-UNNAMED -XX:MaxMetaspaceSize=384m -XX:+HeapDumpOnOutOfMemoryError -Xms256m -Xmx512m -Dfile.encoding=UTF-8 -Duser.country=US -Duser.language=en -Duser.variant -javaagent:C:\Users\DLCH\.gradle\wrapper\dists\gradle-8.12.1-bin\eumc4uhoysa37zql93vfjkxy0\gradle-8.12.1\lib\agents\gradle-instrumentation-agent-8.12.1.jar org.gradle.launcher.daemon.bootstrap.GradleDaemon 8.12.1

Host: AMD Ryzen 5 4600H with Radeon Graphics         , 12 cores, 15G,  Windows 11 , 64 bit Build 26100 (10.0.26100.3037)
Time: Thu Feb 20 16:29:43 2025 SE Asia Standard Time elapsed time: 365.601052 seconds (0d 0h 6m 5s)

---------------  T H R E A D  ---------------

Current thread (0x0000025ec80cc690):  JavaThread "C2 CompilerThread0" daemon [_thread_in_native, id=41568, stack(0x000000db90c00000,0x000000db90d00000)]


Current CompileTask:
C2: 365601 3791   !   4       sun.nio.ch.FileChannelImpl::tryLock (238 bytes)

Stack: [0x000000db90c00000,0x000000db90d00000]
Native frames: (J=compiled Java code, j=interpreted, Vv=VM code, C=native code)
V  [jvm.dll+0x687fc9]
V  [jvm.dll+0x83eeb8]
V  [jvm.dll+0x840963]
V  [jvm.dll+0x840fd3]
V  [jvm.dll+0x24951f]
V  [jvm.dll+0xad0c4]
V  [jvm.dll+0xad75c]
V  [jvm.dll+0x36aafe]
V  [jvm.dll+0x335153]
V  [jvm.dll+0x3345ea]
V  [jvm.dll+0x21a748]
V  [jvm.dll+0x219b7f]
V  [jvm.dll+0x1a5506]
V  [jvm.dll+0x22a1ca]
V  [jvm.dll+0x22830b]
V  [jvm.dll+0x7f4708]
V  [jvm.dll+0x7eea6c]
V  [jvm.dll+0x686ea7]
C  [ucrtbase.dll+0x37b0]
C  [KERNEL32.DLL+0x2e8d7]
C  [ntdll.dll+0xbbf2c]


---------------  P R O C E S S  ---------------

Threads class SMR info:
_java_thread_list=0x0000025ee44b90c0, length=30, elements={
0x0000025ead0d99b0, 0x0000025ec80b19c0, 0x0000025ec80b3000, 0x0000025ec80c3f30,
0x0000025ec80c8820, 0x0000025ec80c90f0, 0x0000025ec80c99c0, 0x0000025ec80cc690,
0x0000025ec80ce730, 0x0000025ec80cfbb0, 0x0000025ec8093450, 0x0000025ec82877f0,
0x0000025ec863e420, 0x0000025ee24c3e60, 0x0000025ee2599840, 0x0000025ee25a2bc0,
0x0000025ee232b210, 0x0000025ee23e8ea0, 0x0000025ee23e9dd0, 0x0000025ee23e7040,
0x0000025ee23e93b0, 0x0000025ee23e98c0, 0x0000025ee23ea2e0, 0x0000025ee23e7550,
0x0000025ee23e7f70, 0x0000025ee23e8480, 0x0000025ee34c1fc0, 0x0000025ee34c3400,
0x0000025ee34c1ab0, 0x0000025ee34c3910
}

Java Threads: ( => current thread )
  0x0000025ead0d99b0 JavaThread "main" [_thread_blocked, id=35648, stack(0x000000db8fe00000,0x000000db8ff00000)]
  0x0000025ec80b19c0 JavaThread "Reference Handler" daemon [_thread_blocked, id=30832, stack(0x000000db90600000,0x000000db90700000)]
  0x0000025ec80b3000 JavaThread "Finalizer" daemon [_thread_blocked, id=41564, stack(0x000000db90700000,0x000000db90800000)]
  0x0000025ec80c3f30 JavaThread "Signal Dispatcher" daemon [_thread_blocked, id=41084, stack(0x000000db90800000,0x000000db90900000)]
  0x0000025ec80c8820 JavaThread "Attach Listener" daemon [_thread_blocked, id=41268, stack(0x000000db90900000,0x000000db90a00000)]
  0x0000025ec80c90f0 JavaThread "Service Thread" daemon [_thread_blocked, id=8496, stack(0x000000db90a00000,0x000000db90b00000)]
  0x0000025ec80c99c0 JavaThread "Monitor Deflation Thread" daemon [_thread_blocked, id=41524, stack(0x000000db90b00000,0x000000db90c00000)]
=>0x0000025ec80cc690 JavaThread "C2 CompilerThread0" daemon [_thread_in_native, id=41568, stack(0x000000db90c00000,0x000000db90d00000)]
  0x0000025ec80ce730 JavaThread "C1 CompilerThread0" daemon [_thread_blocked, id=41580, stack(0x000000db90d00000,0x000000db90e00000)]
  0x0000025ec80cfbb0 JavaThread "Sweeper thread" daemon [_thread_blocked, id=41496, stack(0x000000db90e00000,0x000000db90f00000)]
  0x0000025ec8093450 JavaThread "Common-Cleaner" daemon [_thread_blocked, id=41444, stack(0x000000db90f00000,0x000000db91000000)]
  0x0000025ec82877f0 JavaThread "Notification Thread" daemon [_thread_blocked, id=18208, stack(0x000000db91000000,0x000000db91100000)]
  0x0000025ec863e420 JavaThread "Daemon health stats" [_thread_blocked, id=41168, stack(0x000000db91200000,0x000000db91300000)]
  0x0000025ee24c3e60 JavaThread "Incoming local TCP Connector on port 54254" [_thread_in_native, id=29560, stack(0x000000db91800000,0x000000db91900000)]
  0x0000025ee2599840 JavaThread "Daemon periodic checks" [_thread_blocked, id=38996, stack(0x000000db91900000,0x000000db91a00000)]
  0x0000025ee25a2bc0 JavaThread "Daemon" [_thread_blocked, id=34284, stack(0x000000db91a00000,0x000000db91b00000)]
  0x0000025ee232b210 JavaThread "Handler for socket connection from /127.0.0.1:54254 to /127.0.0.1:54256" [_thread_in_native, id=39616, stack(0x000000db91b00000,0x000000db91c00000)]
  0x0000025ee23e8ea0 JavaThread "Cancel handler" [_thread_blocked, id=41548, stack(0x000000db91c00000,0x000000db91d00000)]
  0x0000025ee23e9dd0 JavaThread "Daemon worker" [_thread_blocked, id=10508, stack(0x000000db91d00000,0x000000db91e00000)]
  0x0000025ee23e7040 JavaThread "Asynchronous log dispatcher for DefaultDaemonConnection: socket connection from /127.0.0.1:54254 to /127.0.0.1:54256" [_thread_blocked, id=36728, stack(0x000000db91e00000,0x000000db91f00000)]
  0x0000025ee23e93b0 JavaThread "Stdin handler" [_thread_blocked, id=31232, stack(0x000000db91f00000,0x000000db92000000)]
  0x0000025ee23e98c0 JavaThread "Daemon client event forwarder" [_thread_blocked, id=41288, stack(0x000000db92000000,0x000000db92100000)]
  0x0000025ee23ea2e0 JavaThread "Cache worker for journal cache (C:\Users\DLCH\.gradle\caches\journal-1)" [_thread_blocked, id=26804, stack(0x000000db92200000,0x000000db92300000)]
  0x0000025ee23e7550 JavaThread "File lock request listener" [_thread_in_native, id=6040, stack(0x000000db92300000,0x000000db92400000)]
  0x0000025ee23e7f70 JavaThread "Cache worker for file hash cache (C:\Users\DLCH\.gradle\caches\8.12.1\fileHashes)" [_thread_blocked, id=43036, stack(0x000000db92600000,0x000000db92700000)]
  0x0000025ee23e8480 JavaThread "Cache worker for file hash cache (D:\KTPM_CardioTrackPharmacy\CardioTrackBackend\DiscoveryService\.gradle\8.12.1\fileHashes)" [_thread_blocked, id=39004, stack(0x000000db92700000,0x000000db92800000)]
  0x0000025ee34c1fc0 JavaThread "Cache worker for Build Output Cleanup Cache (D:\KTPM_CardioTrackPharmacy\CardioTrackBackend\DiscoveryService\.gradle\buildOutputCleanup)" [_thread_blocked, id=43320, stack(0x000000db92800000,0x000000db92900000)]
  0x0000025ee34c3400 JavaThread "File watcher server" daemon [_thread_in_native, id=42780, stack(0x000000db92f00000,0x000000db93000000)]
  0x0000025ee34c1ab0 JavaThread "File watcher consumer" daemon [_thread_blocked, id=43844, stack(0x000000db93000000,0x000000db93100000)]
  0x0000025ee34c3910 JavaThread "jar transforms" [_thread_blocked, id=39180, stack(0x000000db8fd00000,0x000000db8fe00000)]

Other Threads:
  0x0000025ec80aafe0 VMThread "VM Thread" [stack: 0x000000db90500000,0x000000db90600000] [id=41920]
  0x0000025ead0da740 WatcherThread [stack: 0x000000db91100000,0x000000db91200000] [id=39820]
  0x0000025ead10a730 GCTaskThread "GC Thread#0" [stack: 0x000000db90000000,0x000000db90100000] [id=19688]
  0x0000025ec83ef700 GCTaskThread "GC Thread#1" [stack: 0x000000db91300000,0x000000db91400000] [id=41588]
  0x0000025ec8690b00 GCTaskThread "GC Thread#2" [stack: 0x000000db91400000,0x000000db91500000] [id=41500]
  0x0000025ec8690dc0 GCTaskThread "GC Thread#3" [stack: 0x000000db91500000,0x000000db91600000] [id=41476]
  0x0000025ec8691080 GCTaskThread "GC Thread#4" [stack: 0x000000db91600000,0x000000db91700000] [id=41304]
  0x0000025ec8691340 GCTaskThread "GC Thread#5" [stack: 0x000000db91700000,0x000000db91800000] [id=41212]
  0x0000025ee2f7dc50 GCTaskThread "GC Thread#6" [stack: 0x000000db92900000,0x000000db92a00000] [id=42112]
  0x0000025ee2fcec00 GCTaskThread "GC Thread#7" [stack: 0x000000db92a00000,0x000000db92b00000] [id=43924]
  0x0000025ee2eefc00 GCTaskThread "GC Thread#8" [stack: 0x000000db92b00000,0x000000db92c00000] [id=38820]
  0x0000025ee3012c50 GCTaskThread "GC Thread#9" [stack: 0x000000db92c00000,0x000000db92d00000] [id=42988]
  0x0000025ead10f590 ConcurrentGCThread "G1 Main Marker" [stack: 0x000000db90100000,0x000000db90200000] [id=22016]
  0x0000025ead110ed0 ConcurrentGCThread "G1 Conc#0" [stack: 0x000000db90200000,0x000000db90300000] [id=41740]
  0x0000025ee388a670 ConcurrentGCThread "G1 Conc#1" [stack: 0x000000db92d00000,0x000000db92e00000] [id=43948]
  0x0000025ee379fc30 ConcurrentGCThread "G1 Conc#2" [stack: 0x000000db92e00000,0x000000db92f00000] [id=29556]
  0x0000025ead18e110 ConcurrentGCThread "G1 Refine#0" [stack: 0x000000db90300000,0x000000db90400000] [id=32088]
  0x0000025ead18ea50 ConcurrentGCThread "G1 Service" [stack: 0x000000db90400000,0x000000db90500000] [id=41628]

Threads with active compile tasks:
C2 CompilerThread0   365968 3791   !   4       sun.nio.ch.FileChannelImpl::tryLock (238 bytes)

VM state: not at safepoint (normal execution)

VM Mutex/Monitor currently owned by a thread: None

Heap address: 0x00000000e0000000, size: 512 MB, Compressed Oops mode: 32-bit

CDS archive(s) mapped at: [0x0000025ec9000000-0x0000025ec9bb0000-0x0000025ec9bb0000), size 12255232, SharedBaseAddress: 0x0000025ec9000000, ArchiveRelocationMode: 1.
Compressed class space mapped at: 0x0000025eca000000-0x0000025ede000000, reserved size: 335544320
Narrow klass base: 0x0000025ec9000000, Narrow klass shift: 0, Narrow klass range: 0x100000000

GC Precious Log:
 CPUs: 12 total, 12 available
 Memory: 15741M
 Large Page Support: Disabled
 NUMA Support: Disabled
 Compressed Oops: Enabled (32-bit)
 Heap Region Size: 1M
 Heap Min Capacity: 256M
 Heap Initial Capacity: 256M
 Heap Max Capacity: 512M
 Pre-touch: Disabled
 Parallel Workers: 10
 Concurrent Workers: 3
 Concurrent Refinement Workers: 10
 Periodic GC: Disabled

Heap:
 garbage-first heap   total 262144K, used 86505K [0x00000000e0000000, 0x0000000100000000)
  region size 1024K, 75 young (76800K), 12 survivors (12288K)
 Metaspace       used 25025K, committed 25408K, reserved 393216K
  class space    used 3689K, committed 3904K, reserved 327680K

Heap Regions: E=young(eden), S=young(survivor), O=old, HS=humongous(starts), HC=humongous(continues), CS=collection set, F=free, OA=open archive, CA=closed archive, TAMS=top-at-mark-start (previous, next)
|   0|0x00000000e0000000, 0x00000000e0100000, 0x00000000e0100000|100%| O|  |TAMS 0x00000000e0100000, 0x00000000e0000000| Complete 
|   1|0x00000000e0100000, 0x00000000e0200000, 0x00000000e0200000|100%|HS|  |TAMS 0x00000000e0200000, 0x00000000e0100000| Complete 
|   2|0x00000000e0200000, 0x00000000e0300000, 0x00000000e0300000|100%|HC|  |TAMS 0x00000000e0300000, 0x00000000e0200000| Complete 
|   3|0x00000000e0300000, 0x00000000e0400000, 0x00000000e0400000|100%|HC|  |TAMS 0x00000000e0400000, 0x00000000e0300000| Complete 
|   4|0x00000000e0400000, 0x00000000e0500000, 0x00000000e0500000|100%| O|  |TAMS 0x00000000e0500000, 0x00000000e0400000| Untracked 
|   5|0x00000000e0500000, 0x00000000e0600000, 0x00000000e0600000|100%| O|  |TAMS 0x00000000e0600000, 0x00000000e0500000| Untracked 
|   6|0x00000000e0600000, 0x00000000e0700000, 0x00000000e0700000|100%| O|  |TAMS 0x00000000e0700000, 0x00000000e0600000| Untracked 
|   7|0x00000000e0700000, 0x00000000e0800000, 0x00000000e0800000|100%|HS|  |TAMS 0x00000000e0800000, 0x00000000e0700000| Complete 
|   8|0x00000000e0800000, 0x00000000e0800000, 0x00000000e0900000|  0%| F|  |TAMS 0x00000000e0800000, 0x00000000e0800000| Untracked 
|   9|0x00000000e0900000, 0x00000000e0a00000, 0x00000000e0a00000|100%| O|  |TAMS 0x00000000e0a00000, 0x00000000e0900000| Untracked 
|  10|0x00000000e0a00000, 0x00000000e0b00000, 0x00000000e0b00000|100%| O|  |TAMS 0x00000000e0b00000, 0x00000000e0a00000| Untracked 
|  11|0x00000000e0b00000, 0x00000000e0c00000, 0x00000000e0c00000|100%| O|  |TAMS 0x00000000e0c00000, 0x00000000e0b00000| Untracked 
|  12|0x00000000e0c00000, 0x00000000e0ccc800, 0x00000000e0d00000| 79%| O|  |TAMS 0x00000000e0ccc800, 0x00000000e0c00000| Untracked 
|  13|0x00000000e0d00000, 0x00000000e0d00000, 0x00000000e0e00000|  0%| F|  |TAMS 0x00000000e0d00000, 0x00000000e0d00000| Untracked 
|  14|0x00000000e0e00000, 0x00000000e0e00000, 0x00000000e0f00000|  0%| F|  |TAMS 0x00000000e0e00000, 0x00000000e0e00000| Untracked 
|  15|0x00000000e0f00000, 0x00000000e0f00000, 0x00000000e1000000|  0%| F|  |TAMS 0x00000000e0f00000, 0x00000000e0f00000| Untracked 
|  16|0x00000000e1000000, 0x00000000e1000000, 0x00000000e1100000|  0%| F|  |TAMS 0x00000000e1000000, 0x00000000e1000000| Untracked 
|  17|0x00000000e1100000, 0x00000000e1100000, 0x00000000e1200000|  0%| F|  |TAMS 0x00000000e1100000, 0x00000000e1100000| Untracked 
|  18|0x00000000e1200000, 0x00000000e1200000, 0x00000000e1300000|  0%| F|  |TAMS 0x00000000e1200000, 0x00000000e1200000| Untracked 
|  19|0x00000000e1300000, 0x00000000e1300000, 0x00000000e1400000|  0%| F|  |TAMS 0x00000000e1300000, 0x00000000e1300000| Untracked 
|  20|0x00000000e1400000, 0x00000000e1400000, 0x00000000e1500000|  0%| F|  |TAMS 0x00000000e1400000, 0x00000000e1400000| Untracked 
|  21|0x00000000e1500000, 0x00000000e1500000, 0x00000000e1600000|  0%| F|  |TAMS 0x00000000e1500000, 0x00000000e1500000| Untracked 
|  22|0x00000000e1600000, 0x00000000e1600000, 0x00000000e1700000|  0%| F|  |TAMS 0x00000000e1600000, 0x00000000e1600000| Untracked 
|  23|0x00000000e1700000, 0x00000000e1700000, 0x00000000e1800000|  0%| F|  |TAMS 0x00000000e1700000, 0x00000000e1700000| Untracked 
|  24|0x00000000e1800000, 0x00000000e1800000, 0x00000000e1900000|  0%| F|  |TAMS 0x00000000e1800000, 0x00000000e1800000| Untracked 
|  25|0x00000000e1900000, 0x00000000e1900000, 0x00000000e1a00000|  0%| F|  |TAMS 0x00000000e1900000, 0x00000000e1900000| Untracked 
|  26|0x00000000e1a00000, 0x00000000e1a00000, 0x00000000e1b00000|  0%| F|  |TAMS 0x00000000e1a00000, 0x00000000e1a00000| Untracked 
|  27|0x00000000e1b00000, 0x00000000e1b00000, 0x00000000e1c00000|  0%| F|  |TAMS 0x00000000e1b00000, 0x00000000e1b00000| Untracked 
|  28|0x00000000e1c00000, 0x00000000e1c00000, 0x00000000e1d00000|  0%| F|  |TAMS 0x00000000e1c00000, 0x00000000e1c00000| Untracked 
|  29|0x00000000e1d00000, 0x00000000e1d00000, 0x00000000e1e00000|  0%| F|  |TAMS 0x00000000e1d00000, 0x00000000e1d00000| Untracked 
|  30|0x00000000e1e00000, 0x00000000e1e00000, 0x00000000e1f00000|  0%| F|  |TAMS 0x00000000e1e00000, 0x00000000e1e00000| Untracked 
|  31|0x00000000e1f00000, 0x00000000e1f00000, 0x00000000e2000000|  0%| F|  |TAMS 0x00000000e1f00000, 0x00000000e1f00000| Untracked 
|  32|0x00000000e2000000, 0x00000000e2000000, 0x00000000e2100000|  0%| F|  |TAMS 0x00000000e2000000, 0x00000000e2000000| Untracked 
|  33|0x00000000e2100000, 0x00000000e2100000, 0x00000000e2200000|  0%| F|  |TAMS 0x00000000e2100000, 0x00000000e2100000| Untracked 
|  34|0x00000000e2200000, 0x00000000e2200000, 0x00000000e2300000|  0%| F|  |TAMS 0x00000000e2200000, 0x00000000e2200000| Untracked 
|  35|0x00000000e2300000, 0x00000000e2300000, 0x00000000e2400000|  0%| F|  |TAMS 0x00000000e2300000, 0x00000000e2300000| Untracked 
|  36|0x00000000e2400000, 0x00000000e2400000, 0x00000000e2500000|  0%| F|  |TAMS 0x00000000e2400000, 0x00000000e2400000| Untracked 
|  37|0x00000000e2500000, 0x00000000e2500000, 0x00000000e2600000|  0%| F|  |TAMS 0x00000000e2500000, 0x00000000e2500000| Untracked 
|  38|0x00000000e2600000, 0x00000000e2600000, 0x00000000e2700000|  0%| F|  |TAMS 0x00000000e2600000, 0x00000000e2600000| Untracked 
|  39|0x00000000e2700000, 0x00000000e2700000, 0x00000000e2800000|  0%| F|  |TAMS 0x00000000e2700000, 0x00000000e2700000| Untracked 
|  40|0x00000000e2800000, 0x00000000e2800000, 0x00000000e2900000|  0%| F|  |TAMS 0x00000000e2800000, 0x00000000e2800000| Untracked 
|  41|0x00000000e2900000, 0x00000000e2900000, 0x00000000e2a00000|  0%| F|  |TAMS 0x00000000e2900000, 0x00000000e2900000| Untracked 
|  42|0x00000000e2a00000, 0x00000000e2a00000, 0x00000000e2b00000|  0%| F|  |TAMS 0x00000000e2a00000, 0x00000000e2a00000| Untracked 
|  43|0x00000000e2b00000, 0x00000000e2b00000, 0x00000000e2c00000|  0%| F|  |TAMS 0x00000000e2b00000, 0x00000000e2b00000| Untracked 
|  44|0x00000000e2c00000, 0x00000000e2c00000, 0x00000000e2d00000|  0%| F|  |TAMS 0x00000000e2c00000, 0x00000000e2c00000| Untracked 
|  45|0x00000000e2d00000, 0x00000000e2d00000, 0x00000000e2e00000|  0%| F|  |TAMS 0x00000000e2d00000, 0x00000000e2d00000| Untracked 
|  46|0x00000000e2e00000, 0x00000000e2e00000, 0x00000000e2f00000|  0%| F|  |TAMS 0x00000000e2e00000, 0x00000000e2e00000| Untracked 
|  47|0x00000000e2f00000, 0x00000000e2f00000, 0x00000000e3000000|  0%| F|  |TAMS 0x00000000e2f00000, 0x00000000e2f00000| Untracked 
|  48|0x00000000e3000000, 0x00000000e3000000, 0x00000000e3100000|  0%| F|  |TAMS 0x00000000e3000000, 0x00000000e3000000| Untracked 
|  49|0x00000000e3100000, 0x00000000e3100000, 0x00000000e3200000|  0%| F|  |TAMS 0x00000000e3100000, 0x00000000e3100000| Untracked 
|  50|0x00000000e3200000, 0x00000000e3200000, 0x00000000e3300000|  0%| F|  |TAMS 0x00000000e3200000, 0x00000000e3200000| Untracked 
|  51|0x00000000e3300000, 0x00000000e3300000, 0x00000000e3400000|  0%| F|  |TAMS 0x00000000e3300000, 0x00000000e3300000| Untracked 
|  52|0x00000000e3400000, 0x00000000e3400000, 0x00000000e3500000|  0%| F|  |TAMS 0x00000000e3400000, 0x00000000e3400000| Untracked 
|  53|0x00000000e3500000, 0x00000000e3500000, 0x00000000e3600000|  0%| F|  |TAMS 0x00000000e3500000, 0x00000000e3500000| Untracked 
|  54|0x00000000e3600000, 0x00000000e3600000, 0x00000000e3700000|  0%| F|  |TAMS 0x00000000e3600000, 0x00000000e3600000| Untracked 
|  55|0x00000000e3700000, 0x00000000e3700000, 0x00000000e3800000|  0%| F|  |TAMS 0x00000000e3700000, 0x00000000e3700000| Untracked 
|  56|0x00000000e3800000, 0x00000000e3800000, 0x00000000e3900000|  0%| F|  |TAMS 0x00000000e3800000, 0x00000000e3800000| Untracked 
|  57|0x00000000e3900000, 0x00000000e3900000, 0x00000000e3a00000|  0%| F|  |TAMS 0x00000000e3900000, 0x00000000e3900000| Untracked 
|  58|0x00000000e3a00000, 0x00000000e3a00000, 0x00000000e3b00000|  0%| F|  |TAMS 0x00000000e3a00000, 0x00000000e3a00000| Untracked 
|  59|0x00000000e3b00000, 0x00000000e3b00000, 0x00000000e3c00000|  0%| F|  |TAMS 0x00000000e3b00000, 0x00000000e3b00000| Untracked 
|  60|0x00000000e3c00000, 0x00000000e3c00000, 0x00000000e3d00000|  0%| F|  |TAMS 0x00000000e3c00000, 0x00000000e3c00000| Untracked 
|  61|0x00000000e3d00000, 0x00000000e3d00000, 0x00000000e3e00000|  0%| F|  |TAMS 0x00000000e3d00000, 0x00000000e3d00000| Untracked 
|  62|0x00000000e3e00000, 0x00000000e3e00000, 0x00000000e3f00000|  0%| F|  |TAMS 0x00000000e3e00000, 0x00000000e3e00000| Untracked 
|  63|0x00000000e3f00000, 0x00000000e3f00000, 0x00000000e4000000|  0%| F|  |TAMS 0x00000000e3f00000, 0x00000000e3f00000| Untracked 
|  64|0x00000000e4000000, 0x00000000e4000000, 0x00000000e4100000|  0%| F|  |TAMS 0x00000000e4000000, 0x00000000e4000000| Untracked 
|  65|0x00000000e4100000, 0x00000000e4100000, 0x00000000e4200000|  0%| F|  |TAMS 0x00000000e4100000, 0x00000000e4100000| Untracked 
|  66|0x00000000e4200000, 0x00000000e4200000, 0x00000000e4300000|  0%| F|  |TAMS 0x00000000e4200000, 0x00000000e4200000| Untracked 
|  67|0x00000000e4300000, 0x00000000e4300000, 0x00000000e4400000|  0%| F|  |TAMS 0x00000000e4300000, 0x00000000e4300000| Untracked 
|  68|0x00000000e4400000, 0x00000000e4400000, 0x00000000e4500000|  0%| F|  |TAMS 0x00000000e4400000, 0x00000000e4400000| Untracked 
|  69|0x00000000e4500000, 0x00000000e4500000, 0x00000000e4600000|  0%| F|  |TAMS 0x00000000e4500000, 0x00000000e4500000| Untracked 
|  70|0x00000000e4600000, 0x00000000e4600000, 0x00000000e4700000|  0%| F|  |TAMS 0x00000000e4600000, 0x00000000e4600000| Untracked 
|  71|0x00000000e4700000, 0x00000000e4700000, 0x00000000e4800000|  0%| F|  |TAMS 0x00000000e4700000, 0x00000000e4700000| Untracked 
|  72|0x00000000e4800000, 0x00000000e4800000, 0x00000000e4900000|  0%| F|  |TAMS 0x00000000e4800000, 0x00000000e4800000| Untracked 
|  73|0x00000000e4900000, 0x00000000e4900000, 0x00000000e4a00000|  0%| F|  |TAMS 0x00000000e4900000, 0x00000000e4900000| Untracked 
|  74|0x00000000e4a00000, 0x00000000e4a00000, 0x00000000e4b00000|  0%| F|  |TAMS 0x00000000e4a00000, 0x00000000e4a00000| Untracked 
|  75|0x00000000e4b00000, 0x00000000e4b00000, 0x00000000e4c00000|  0%| F|  |TAMS 0x00000000e4b00000, 0x00000000e4b00000| Untracked 
|  76|0x00000000e4c00000, 0x00000000e4c00000, 0x00000000e4d00000|  0%| F|  |TAMS 0x00000000e4c00000, 0x00000000e4c00000| Untracked 
|  77|0x00000000e4d00000, 0x00000000e4d00000, 0x00000000e4e00000|  0%| F|  |TAMS 0x00000000e4d00000, 0x00000000e4d00000| Untracked 
|  78|0x00000000e4e00000, 0x00000000e4e00000, 0x00000000e4f00000|  0%| F|  |TAMS 0x00000000e4e00000, 0x00000000e4e00000| Untracked 
|  79|0x00000000e4f00000, 0x00000000e4f00000, 0x00000000e5000000|  0%| F|  |TAMS 0x00000000e4f00000, 0x00000000e4f00000| Untracked 
|  80|0x00000000e5000000, 0x00000000e5000000, 0x00000000e5100000|  0%| F|  |TAMS 0x00000000e5000000, 0x00000000e5000000| Untracked 
|  81|0x00000000e5100000, 0x00000000e5100000, 0x00000000e5200000|  0%| F|  |TAMS 0x00000000e5100000, 0x00000000e5100000| Untracked 
|  82|0x00000000e5200000, 0x00000000e5200000, 0x00000000e5300000|  0%| F|  |TAMS 0x00000000e5200000, 0x00000000e5200000| Untracked 
|  83|0x00000000e5300000, 0x00000000e5300000, 0x00000000e5400000|  0%| F|  |TAMS 0x00000000e5300000, 0x00000000e5300000| Untracked 
|  84|0x00000000e5400000, 0x00000000e5400000, 0x00000000e5500000|  0%| F|  |TAMS 0x00000000e5400000, 0x00000000e5400000| Untracked 
|  85|0x00000000e5500000, 0x00000000e5500000, 0x00000000e5600000|  0%| F|  |TAMS 0x00000000e5500000, 0x00000000e5500000| Untracked 
|  86|0x00000000e5600000, 0x00000000e5600000, 0x00000000e5700000|  0%| F|  |TAMS 0x00000000e5600000, 0x00000000e5600000| Untracked 
|  87|0x00000000e5700000, 0x00000000e5700000, 0x00000000e5800000|  0%| F|  |TAMS 0x00000000e5700000, 0x00000000e5700000| Untracked 
|  88|0x00000000e5800000, 0x00000000e5800000, 0x00000000e5900000|  0%| F|  |TAMS 0x00000000e5800000, 0x00000000e5800000| Untracked 
|  89|0x00000000e5900000, 0x00000000e5900000, 0x00000000e5a00000|  0%| F|  |TAMS 0x00000000e5900000, 0x00000000e5900000| Untracked 
|  90|0x00000000e5a00000, 0x00000000e5a00000, 0x00000000e5b00000|  0%| F|  |TAMS 0x00000000e5a00000, 0x00000000e5a00000| Untracked 
|  91|0x00000000e5b00000, 0x00000000e5b00000, 0x00000000e5c00000|  0%| F|  |TAMS 0x00000000e5b00000, 0x00000000e5b00000| Untracked 
|  92|0x00000000e5c00000, 0x00000000e5c00000, 0x00000000e5d00000|  0%| F|  |TAMS 0x00000000e5c00000, 0x00000000e5c00000| Untracked 
|  93|0x00000000e5d00000, 0x00000000e5d00000, 0x00000000e5e00000|  0%| F|  |TAMS 0x00000000e5d00000, 0x00000000e5d00000| Untracked 
|  94|0x00000000e5e00000, 0x00000000e5e00000, 0x00000000e5f00000|  0%| F|  |TAMS 0x00000000e5e00000, 0x00000000e5e00000| Untracked 
|  95|0x00000000e5f00000, 0x00000000e5f00000, 0x00000000e6000000|  0%| F|  |TAMS 0x00000000e5f00000, 0x00000000e5f00000| Untracked 
|  96|0x00000000e6000000, 0x00000000e6000000, 0x00000000e6100000|  0%| F|  |TAMS 0x00000000e6000000, 0x00000000e6000000| Untracked 
|  97|0x00000000e6100000, 0x00000000e6100000, 0x00000000e6200000|  0%| F|  |TAMS 0x00000000e6100000, 0x00000000e6100000| Untracked 
|  98|0x00000000e6200000, 0x00000000e6200000, 0x00000000e6300000|  0%| F|  |TAMS 0x00000000e6200000, 0x00000000e6200000| Untracked 
|  99|0x00000000e6300000, 0x00000000e6300000, 0x00000000e6400000|  0%| F|  |TAMS 0x00000000e6300000, 0x00000000e6300000| Untracked 
| 100|0x00000000e6400000, 0x00000000e6400000, 0x00000000e6500000|  0%| F|  |TAMS 0x00000000e6400000, 0x00000000e6400000| Untracked 
| 101|0x00000000e6500000, 0x00000000e6500000, 0x00000000e6600000|  0%| F|  |TAMS 0x00000000e6500000, 0x00000000e6500000| Untracked 
| 102|0x00000000e6600000, 0x00000000e6600000, 0x00000000e6700000|  0%| F|  |TAMS 0x00000000e6600000, 0x00000000e6600000| Untracked 
| 103|0x00000000e6700000, 0x00000000e6700000, 0x00000000e6800000|  0%| F|  |TAMS 0x00000000e6700000, 0x00000000e6700000| Untracked 
| 104|0x00000000e6800000, 0x00000000e6800000, 0x00000000e6900000|  0%| F|  |TAMS 0x00000000e6800000, 0x00000000e6800000| Untracked 
| 105|0x00000000e6900000, 0x00000000e6900000, 0x00000000e6a00000|  0%| F|  |TAMS 0x00000000e6900000, 0x00000000e6900000| Untracked 
| 106|0x00000000e6a00000, 0x00000000e6a00000, 0x00000000e6b00000|  0%| F|  |TAMS 0x00000000e6a00000, 0x00000000e6a00000| Untracked 
| 107|0x00000000e6b00000, 0x00000000e6b00000, 0x00000000e6c00000|  0%| F|  |TAMS 0x00000000e6b00000, 0x00000000e6b00000| Untracked 
| 108|0x00000000e6c00000, 0x00000000e6c00000, 0x00000000e6d00000|  0%| F|  |TAMS 0x00000000e6c00000, 0x00000000e6c00000| Untracked 
| 109|0x00000000e6d00000, 0x00000000e6d00000, 0x00000000e6e00000|  0%| F|  |TAMS 0x00000000e6d00000, 0x00000000e6d00000| Untracked 
| 110|0x00000000e6e00000, 0x00000000e6e00000, 0x00000000e6f00000|  0%| F|  |TAMS 0x00000000e6e00000, 0x00000000e6e00000| Untracked 
| 111|0x00000000e6f00000, 0x00000000e6f00000, 0x00000000e7000000|  0%| F|  |TAMS 0x00000000e6f00000, 0x00000000e6f00000| Untracked 
| 112|0x00000000e7000000, 0x00000000e7000000, 0x00000000e7100000|  0%| F|  |TAMS 0x00000000e7000000, 0x00000000e7000000| Untracked 
| 113|0x00000000e7100000, 0x00000000e7100000, 0x00000000e7200000|  0%| F|  |TAMS 0x00000000e7100000, 0x00000000e7100000| Untracked 
| 114|0x00000000e7200000, 0x00000000e7200000, 0x00000000e7300000|  0%| F|  |TAMS 0x00000000e7200000, 0x00000000e7200000| Untracked 
| 115|0x00000000e7300000, 0x00000000e7300000, 0x00000000e7400000|  0%| F|  |TAMS 0x00000000e7300000, 0x00000000e7300000| Untracked 
| 116|0x00000000e7400000, 0x00000000e7400000, 0x00000000e7500000|  0%| F|  |TAMS 0x00000000e7400000, 0x00000000e7400000| Untracked 
| 117|0x00000000e7500000, 0x00000000e7500000, 0x00000000e7600000|  0%| F|  |TAMS 0x00000000e7500000, 0x00000000e7500000| Untracked 
| 118|0x00000000e7600000, 0x00000000e7600000, 0x00000000e7700000|  0%| F|  |TAMS 0x00000000e7600000, 0x00000000e7600000| Untracked 
| 119|0x00000000e7700000, 0x00000000e7700000, 0x00000000e7800000|  0%| F|  |TAMS 0x00000000e7700000, 0x00000000e7700000| Untracked 
| 120|0x00000000e7800000, 0x00000000e7800000, 0x00000000e7900000|  0%| F|  |TAMS 0x00000000e7800000, 0x00000000e7800000| Untracked 
| 121|0x00000000e7900000, 0x00000000e7900000, 0x00000000e7a00000|  0%| F|  |TAMS 0x00000000e7900000, 0x00000000e7900000| Untracked 
| 122|0x00000000e7a00000, 0x00000000e7a00000, 0x00000000e7b00000|  0%| F|  |TAMS 0x00000000e7a00000, 0x00000000e7a00000| Untracked 
| 123|0x00000000e7b00000, 0x00000000e7b00000, 0x00000000e7c00000|  0%| F|  |TAMS 0x00000000e7b00000, 0x00000000e7b00000| Untracked 
| 124|0x00000000e7c00000, 0x00000000e7c00000, 0x00000000e7d00000|  0%| F|  |TAMS 0x00000000e7c00000, 0x00000000e7c00000| Untracked 
| 125|0x00000000e7d00000, 0x00000000e7d00000, 0x00000000e7e00000|  0%| F|  |TAMS 0x00000000e7d00000, 0x00000000e7d00000| Untracked 
| 126|0x00000000e7e00000, 0x00000000e7e00000, 0x00000000e7f00000|  0%| F|  |TAMS 0x00000000e7e00000, 0x00000000e7e00000| Untracked 
| 127|0x00000000e7f00000, 0x00000000e7f00000, 0x00000000e8000000|  0%| F|  |TAMS 0x00000000e7f00000, 0x00000000e7f00000| Untracked 
| 128|0x00000000e8000000, 0x00000000e8000000, 0x00000000e8100000|  0%| F|  |TAMS 0x00000000e8000000, 0x00000000e8000000| Untracked 
| 129|0x00000000e8100000, 0x00000000e81adfe8, 0x00000000e8200000| 67%| S|CS|TAMS 0x00000000e8100000, 0x00000000e8100000| Complete 
| 130|0x00000000e8200000, 0x00000000e8300000, 0x00000000e8300000|100%| S|CS|TAMS 0x00000000e8200000, 0x00000000e8200000| Complete 
| 131|0x00000000e8300000, 0x00000000e8400000, 0x00000000e8400000|100%| S|CS|TAMS 0x00000000e8300000, 0x00000000e8300000| Complete 
| 132|0x00000000e8400000, 0x00000000e8500000, 0x00000000e8500000|100%| S|CS|TAMS 0x00000000e8400000, 0x00000000e8400000| Complete 
| 133|0x00000000e8500000, 0x00000000e8600000, 0x00000000e8600000|100%| S|CS|TAMS 0x00000000e8500000, 0x00000000e8500000| Complete 
| 134|0x00000000e8600000, 0x00000000e8700000, 0x00000000e8700000|100%| S|CS|TAMS 0x00000000e8600000, 0x00000000e8600000| Complete 
| 135|0x00000000e8700000, 0x00000000e8800000, 0x00000000e8800000|100%| S|CS|TAMS 0x00000000e8700000, 0x00000000e8700000| Complete 
| 136|0x00000000e8800000, 0x00000000e8900000, 0x00000000e8900000|100%| S|CS|TAMS 0x00000000e8800000, 0x00000000e8800000| Complete 
| 137|0x00000000e8900000, 0x00000000e8a00000, 0x00000000e8a00000|100%| S|CS|TAMS 0x00000000e8900000, 0x00000000e8900000| Complete 
| 138|0x00000000e8a00000, 0x00000000e8b00000, 0x00000000e8b00000|100%| S|CS|TAMS 0x00000000e8a00000, 0x00000000e8a00000| Complete 
| 139|0x00000000e8b00000, 0x00000000e8c00000, 0x00000000e8c00000|100%| S|CS|TAMS 0x00000000e8b00000, 0x00000000e8b00000| Complete 
| 140|0x00000000e8c00000, 0x00000000e8d00000, 0x00000000e8d00000|100%| S|CS|TAMS 0x00000000e8c00000, 0x00000000e8c00000| Complete 
| 141|0x00000000e8d00000, 0x00000000e8d00000, 0x00000000e8e00000|  0%| F|  |TAMS 0x00000000e8d00000, 0x00000000e8d00000| Untracked 
| 142|0x00000000e8e00000, 0x00000000e8e00000, 0x00000000e8f00000|  0%| F|  |TAMS 0x00000000e8e00000, 0x00000000e8e00000| Untracked 
| 143|0x00000000e8f00000, 0x00000000e8f00000, 0x00000000e9000000|  0%| F|  |TAMS 0x00000000e8f00000, 0x00000000e8f00000| Untracked 
| 144|0x00000000e9000000, 0x00000000e9000000, 0x00000000e9100000|  0%| F|  |TAMS 0x00000000e9000000, 0x00000000e9000000| Untracked 
| 145|0x00000000e9100000, 0x00000000e9100000, 0x00000000e9200000|  0%| F|  |TAMS 0x00000000e9100000, 0x00000000e9100000| Untracked 
| 146|0x00000000e9200000, 0x00000000e9200000, 0x00000000e9300000|  0%| F|  |TAMS 0x00000000e9200000, 0x00000000e9200000| Untracked 
| 147|0x00000000e9300000, 0x00000000e9300000, 0x00000000e9400000|  0%| F|  |TAMS 0x00000000e9300000, 0x00000000e9300000| Untracked 
| 148|0x00000000e9400000, 0x00000000e9400000, 0x00000000e9500000|  0%| F|  |TAMS 0x00000000e9400000, 0x00000000e9400000| Untracked 
| 149|0x00000000e9500000, 0x00000000e9500000, 0x00000000e9600000|  0%| F|  |TAMS 0x00000000e9500000, 0x00000000e9500000| Untracked 
| 150|0x00000000e9600000, 0x00000000e9600000, 0x00000000e9700000|  0%| F|  |TAMS 0x00000000e9600000, 0x00000000e9600000| Untracked 
| 151|0x00000000e9700000, 0x00000000e9700000, 0x00000000e9800000|  0%| F|  |TAMS 0x00000000e9700000, 0x00000000e9700000| Untracked 
| 152|0x00000000e9800000, 0x00000000e9800000, 0x00000000e9900000|  0%| F|  |TAMS 0x00000000e9800000, 0x00000000e9800000| Untracked 
| 153|0x00000000e9900000, 0x00000000e9900000, 0x00000000e9a00000|  0%| F|  |TAMS 0x00000000e9900000, 0x00000000e9900000| Untracked 
| 154|0x00000000e9a00000, 0x00000000e9a00000, 0x00000000e9b00000|  0%| F|  |TAMS 0x00000000e9a00000, 0x00000000e9a00000| Untracked 
| 155|0x00000000e9b00000, 0x00000000e9b00000, 0x00000000e9c00000|  0%| F|  |TAMS 0x00000000e9b00000, 0x00000000e9b00000| Untracked 
| 156|0x00000000e9c00000, 0x00000000e9c00000, 0x00000000e9d00000|  0%| F|  |TAMS 0x00000000e9c00000, 0x00000000e9c00000| Untracked 
| 157|0x00000000e9d00000, 0x00000000e9d00000, 0x00000000e9e00000|  0%| F|  |TAMS 0x00000000e9d00000, 0x00000000e9d00000| Untracked 
| 158|0x00000000e9e00000, 0x00000000e9e00000, 0x00000000e9f00000|  0%| F|  |TAMS 0x00000000e9e00000, 0x00000000e9e00000| Untracked 
| 159|0x00000000e9f00000, 0x00000000e9f00000, 0x00000000ea000000|  0%| F|  |TAMS 0x00000000e9f00000, 0x00000000e9f00000| Untracked 
| 160|0x00000000ea000000, 0x00000000ea000000, 0x00000000ea100000|  0%| F|  |TAMS 0x00000000ea000000, 0x00000000ea000000| Untracked 
| 161|0x00000000ea100000, 0x00000000ea100000, 0x00000000ea200000|  0%| F|  |TAMS 0x00000000ea100000, 0x00000000ea100000| Untracked 
| 162|0x00000000ea200000, 0x00000000ea200000, 0x00000000ea300000|  0%| F|  |TAMS 0x00000000ea200000, 0x00000000ea200000| Untracked 
| 163|0x00000000ea300000, 0x00000000ea300000, 0x00000000ea400000|  0%| F|  |TAMS 0x00000000ea300000, 0x00000000ea300000| Untracked 
| 164|0x00000000ea400000, 0x00000000ea400000, 0x00000000ea500000|  0%| F|  |TAMS 0x00000000ea400000, 0x00000000ea400000| Untracked 
| 165|0x00000000ea500000, 0x00000000ea500000, 0x00000000ea600000|  0%| F|  |TAMS 0x00000000ea500000, 0x00000000ea500000| Untracked 
| 166|0x00000000ea600000, 0x00000000ea600000, 0x00000000ea700000|  0%| F|  |TAMS 0x00000000ea600000, 0x00000000ea600000| Untracked 
| 167|0x00000000ea700000, 0x00000000ea700000, 0x00000000ea800000|  0%| F|  |TAMS 0x00000000ea700000, 0x00000000ea700000| Untracked 
| 168|0x00000000ea800000, 0x00000000ea800000, 0x00000000ea900000|  0%| F|  |TAMS 0x00000000ea800000, 0x00000000ea800000| Untracked 
| 169|0x00000000ea900000, 0x00000000ea900000, 0x00000000eaa00000|  0%| F|  |TAMS 0x00000000ea900000, 0x00000000ea900000| Untracked 
| 170|0x00000000eaa00000, 0x00000000eaa00000, 0x00000000eab00000|  0%| F|  |TAMS 0x00000000eaa00000, 0x00000000eaa00000| Untracked 
| 171|0x00000000eab00000, 0x00000000eab00000, 0x00000000eac00000|  0%| F|  |TAMS 0x00000000eab00000, 0x00000000eab00000| Untracked 
| 172|0x00000000eac00000, 0x00000000eac00000, 0x00000000ead00000|  0%| F|  |TAMS 0x00000000eac00000, 0x00000000eac00000| Untracked 
| 173|0x00000000ead00000, 0x00000000ead00000, 0x00000000eae00000|  0%| F|  |TAMS 0x00000000ead00000, 0x00000000ead00000| Untracked 
| 174|0x00000000eae00000, 0x00000000eae00000, 0x00000000eaf00000|  0%| F|  |TAMS 0x00000000eae00000, 0x00000000eae00000| Untracked 
| 175|0x00000000eaf00000, 0x00000000eaf00000, 0x00000000eb000000|  0%| F|  |TAMS 0x00000000eaf00000, 0x00000000eaf00000| Untracked 
| 176|0x00000000eb000000, 0x00000000eb000000, 0x00000000eb100000|  0%| F|  |TAMS 0x00000000eb000000, 0x00000000eb000000| Untracked 
| 177|0x00000000eb100000, 0x00000000eb100000, 0x00000000eb200000|  0%| F|  |TAMS 0x00000000eb100000, 0x00000000eb100000| Untracked 
| 178|0x00000000eb200000, 0x00000000eb200000, 0x00000000eb300000|  0%| F|  |TAMS 0x00000000eb200000, 0x00000000eb200000| Untracked 
| 179|0x00000000eb300000, 0x00000000eb300000, 0x00000000eb400000|  0%| F|  |TAMS 0x00000000eb300000, 0x00000000eb300000| Untracked 
| 180|0x00000000eb400000, 0x00000000eb400000, 0x00000000eb500000|  0%| F|  |TAMS 0x00000000eb400000, 0x00000000eb400000| Untracked 
| 181|0x00000000eb500000, 0x00000000eb500000, 0x00000000eb600000|  0%| F|  |TAMS 0x00000000eb500000, 0x00000000eb500000| Untracked 
| 182|0x00000000eb600000, 0x00000000eb600000, 0x00000000eb700000|  0%| F|  |TAMS 0x00000000eb600000, 0x00000000eb600000| Untracked 
| 183|0x00000000eb700000, 0x00000000eb700000, 0x00000000eb800000|  0%| F|  |TAMS 0x00000000eb700000, 0x00000000eb700000| Untracked 
| 184|0x00000000eb800000, 0x00000000eb800000, 0x00000000eb900000|  0%| F|  |TAMS 0x00000000eb800000, 0x00000000eb800000| Untracked 
| 185|0x00000000eb900000, 0x00000000eb900000, 0x00000000eba00000|  0%| F|  |TAMS 0x00000000eb900000, 0x00000000eb900000| Untracked 
| 186|0x00000000eba00000, 0x00000000eba00000, 0x00000000ebb00000|  0%| F|  |TAMS 0x00000000eba00000, 0x00000000eba00000| Untracked 
| 187|0x00000000ebb00000, 0x00000000ebb00000, 0x00000000ebc00000|  0%| F|  |TAMS 0x00000000ebb00000, 0x00000000ebb00000| Untracked 
| 188|0x00000000ebc00000, 0x00000000ebc00000, 0x00000000ebd00000|  0%| F|  |TAMS 0x00000000ebc00000, 0x00000000ebc00000| Untracked 
| 189|0x00000000ebd00000, 0x00000000ebd00000, 0x00000000ebe00000|  0%| F|  |TAMS 0x00000000ebd00000, 0x00000000ebd00000| Untracked 
| 190|0x00000000ebe00000, 0x00000000ebe00000, 0x00000000ebf00000|  0%| F|  |TAMS 0x00000000ebe00000, 0x00000000ebe00000| Untracked 
| 191|0x00000000ebf00000, 0x00000000ebf00000, 0x00000000ec000000|  0%| F|  |TAMS 0x00000000ebf00000, 0x00000000ebf00000| Untracked 
| 192|0x00000000ec000000, 0x00000000ec000000, 0x00000000ec100000|  0%| F|  |TAMS 0x00000000ec000000, 0x00000000ec000000| Untracked 
| 193|0x00000000ec100000, 0x00000000ec1c20d8, 0x00000000ec200000| 75%| E|  |TAMS 0x00000000ec100000, 0x00000000ec100000| Complete 
| 194|0x00000000ec200000, 0x00000000ec300000, 0x00000000ec300000|100%| E|CS|TAMS 0x00000000ec200000, 0x00000000ec200000| Complete 
| 195|0x00000000ec300000, 0x00000000ec400000, 0x00000000ec400000|100%| E|CS|TAMS 0x00000000ec300000, 0x00000000ec300000| Complete 
| 196|0x00000000ec400000, 0x00000000ec500000, 0x00000000ec500000|100%| E|CS|TAMS 0x00000000ec400000, 0x00000000ec400000| Complete 
| 197|0x00000000ec500000, 0x00000000ec600000, 0x00000000ec600000|100%| E|CS|TAMS 0x00000000ec500000, 0x00000000ec500000| Complete 
| 198|0x00000000ec600000, 0x00000000ec700000, 0x00000000ec700000|100%| E|CS|TAMS 0x00000000ec600000, 0x00000000ec600000| Complete 
| 199|0x00000000ec700000, 0x00000000ec800000, 0x00000000ec800000|100%| E|CS|TAMS 0x00000000ec700000, 0x00000000ec700000| Complete 
| 200|0x00000000ec800000, 0x00000000ec900000, 0x00000000ec900000|100%| E|CS|TAMS 0x00000000ec800000, 0x00000000ec800000| Complete 
| 201|0x00000000ec900000, 0x00000000eca00000, 0x00000000eca00000|100%| E|CS|TAMS 0x00000000ec900000, 0x00000000ec900000| Complete 
| 202|0x00000000eca00000, 0x00000000ecb00000, 0x00000000ecb00000|100%| E|CS|TAMS 0x00000000eca00000, 0x00000000eca00000| Complete 
| 203|0x00000000ecb00000, 0x00000000ecc00000, 0x00000000ecc00000|100%| E|CS|TAMS 0x00000000ecb00000, 0x00000000ecb00000| Complete 
| 204|0x00000000ecc00000, 0x00000000ecd00000, 0x00000000ecd00000|100%| E|CS|TAMS 0x00000000ecc00000, 0x00000000ecc00000| Complete 
| 205|0x00000000ecd00000, 0x00000000ece00000, 0x00000000ece00000|100%| E|CS|TAMS 0x00000000ecd00000, 0x00000000ecd00000| Complete 
| 206|0x00000000ece00000, 0x00000000ecf00000, 0x00000000ecf00000|100%| E|CS|TAMS 0x00000000ece00000, 0x00000000ece00000| Complete 
| 207|0x00000000ecf00000, 0x00000000ed000000, 0x00000000ed000000|100%| E|CS|TAMS 0x00000000ecf00000, 0x00000000ecf00000| Complete 
| 208|0x00000000ed000000, 0x00000000ed100000, 0x00000000ed100000|100%| E|CS|TAMS 0x00000000ed000000, 0x00000000ed000000| Complete 
| 209|0x00000000ed100000, 0x00000000ed200000, 0x00000000ed200000|100%| E|CS|TAMS 0x00000000ed100000, 0x00000000ed100000| Complete 
| 210|0x00000000ed200000, 0x00000000ed300000, 0x00000000ed300000|100%| E|CS|TAMS 0x00000000ed200000, 0x00000000ed200000| Complete 
| 211|0x00000000ed300000, 0x00000000ed400000, 0x00000000ed400000|100%| E|CS|TAMS 0x00000000ed300000, 0x00000000ed300000| Complete 
| 212|0x00000000ed400000, 0x00000000ed500000, 0x00000000ed500000|100%| E|CS|TAMS 0x00000000ed400000, 0x00000000ed400000| Complete 
| 213|0x00000000ed500000, 0x00000000ed600000, 0x00000000ed600000|100%| E|CS|TAMS 0x00000000ed500000, 0x00000000ed500000| Complete 
| 214|0x00000000ed600000, 0x00000000ed700000, 0x00000000ed700000|100%| E|CS|TAMS 0x00000000ed600000, 0x00000000ed600000| Complete 
| 215|0x00000000ed700000, 0x00000000ed800000, 0x00000000ed800000|100%| E|CS|TAMS 0x00000000ed700000, 0x00000000ed700000| Complete 
| 216|0x00000000ed800000, 0x00000000ed900000, 0x00000000ed900000|100%| E|CS|TAMS 0x00000000ed800000, 0x00000000ed800000| Complete 
| 217|0x00000000ed900000, 0x00000000eda00000, 0x00000000eda00000|100%| E|CS|TAMS 0x00000000ed900000, 0x00000000ed900000| Complete 
| 218|0x00000000eda00000, 0x00000000edb00000, 0x00000000edb00000|100%| E|CS|TAMS 0x00000000eda00000, 0x00000000eda00000| Complete 
| 219|0x00000000edb00000, 0x00000000edc00000, 0x00000000edc00000|100%| E|CS|TAMS 0x00000000edb00000, 0x00000000edb00000| Complete 
| 220|0x00000000edc00000, 0x00000000edd00000, 0x00000000edd00000|100%| E|CS|TAMS 0x00000000edc00000, 0x00000000edc00000| Complete 
| 221|0x00000000edd00000, 0x00000000ede00000, 0x00000000ede00000|100%| E|CS|TAMS 0x00000000edd00000, 0x00000000edd00000| Complete 
| 222|0x00000000ede00000, 0x00000000edf00000, 0x00000000edf00000|100%| E|CS|TAMS 0x00000000ede00000, 0x00000000ede00000| Complete 
| 223|0x00000000edf00000, 0x00000000ee000000, 0x00000000ee000000|100%| E|CS|TAMS 0x00000000edf00000, 0x00000000edf00000| Complete 
| 224|0x00000000ee000000, 0x00000000ee100000, 0x00000000ee100000|100%| E|CS|TAMS 0x00000000ee000000, 0x00000000ee000000| Complete 
| 225|0x00000000ee100000, 0x00000000ee200000, 0x00000000ee200000|100%| E|CS|TAMS 0x00000000ee100000, 0x00000000ee100000| Complete 
| 226|0x00000000ee200000, 0x00000000ee300000, 0x00000000ee300000|100%| E|CS|TAMS 0x00000000ee200000, 0x00000000ee200000| Complete 
| 227|0x00000000ee300000, 0x00000000ee400000, 0x00000000ee400000|100%| E|CS|TAMS 0x00000000ee300000, 0x00000000ee300000| Complete 
| 228|0x00000000ee400000, 0x00000000ee500000, 0x00000000ee500000|100%| E|CS|TAMS 0x00000000ee400000, 0x00000000ee400000| Complete 
| 229|0x00000000ee500000, 0x00000000ee600000, 0x00000000ee600000|100%| E|CS|TAMS 0x00000000ee500000, 0x00000000ee500000| Complete 
| 230|0x00000000ee600000, 0x00000000ee700000, 0x00000000ee700000|100%| E|  |TAMS 0x00000000ee600000, 0x00000000ee600000| Complete 
| 231|0x00000000ee700000, 0x00000000ee800000, 0x00000000ee800000|100%| E|CS|TAMS 0x00000000ee700000, 0x00000000ee700000| Complete 
| 232|0x00000000ee800000, 0x00000000ee900000, 0x00000000ee900000|100%| E|CS|TAMS 0x00000000ee800000, 0x00000000ee800000| Complete 
| 233|0x00000000ee900000, 0x00000000eea00000, 0x00000000eea00000|100%| E|CS|TAMS 0x00000000ee900000, 0x00000000ee900000| Complete 
| 234|0x00000000eea00000, 0x00000000eeb00000, 0x00000000eeb00000|100%| E|CS|TAMS 0x00000000eea00000, 0x00000000eea00000| Complete 
| 235|0x00000000eeb00000, 0x00000000eec00000, 0x00000000eec00000|100%| E|CS|TAMS 0x00000000eeb00000, 0x00000000eeb00000| Complete 
| 236|0x00000000eec00000, 0x00000000eed00000, 0x00000000eed00000|100%| E|CS|TAMS 0x00000000eec00000, 0x00000000eec00000| Complete 
| 237|0x00000000eed00000, 0x00000000eee00000, 0x00000000eee00000|100%| E|CS|TAMS 0x00000000eed00000, 0x00000000eed00000| Complete 
| 238|0x00000000eee00000, 0x00000000eef00000, 0x00000000eef00000|100%| E|CS|TAMS 0x00000000eee00000, 0x00000000eee00000| Complete 
| 239|0x00000000eef00000, 0x00000000ef000000, 0x00000000ef000000|100%| E|CS|TAMS 0x00000000eef00000, 0x00000000eef00000| Complete 
| 240|0x00000000ef000000, 0x00000000ef100000, 0x00000000ef100000|100%| E|CS|TAMS 0x00000000ef000000, 0x00000000ef000000| Complete 
| 241|0x00000000ef100000, 0x00000000ef200000, 0x00000000ef200000|100%| E|CS|TAMS 0x00000000ef100000, 0x00000000ef100000| Complete 
| 242|0x00000000ef200000, 0x00000000ef300000, 0x00000000ef300000|100%| E|CS|TAMS 0x00000000ef200000, 0x00000000ef200000| Complete 
| 243|0x00000000ef300000, 0x00000000ef400000, 0x00000000ef400000|100%| E|CS|TAMS 0x00000000ef300000, 0x00000000ef300000| Complete 
| 244|0x00000000ef400000, 0x00000000ef500000, 0x00000000ef500000|100%| E|CS|TAMS 0x00000000ef400000, 0x00000000ef400000| Complete 
| 245|0x00000000ef500000, 0x00000000ef600000, 0x00000000ef600000|100%| E|CS|TAMS 0x00000000ef500000, 0x00000000ef500000| Complete 
| 246|0x00000000ef600000, 0x00000000ef700000, 0x00000000ef700000|100%| E|CS|TAMS 0x00000000ef600000, 0x00000000ef600000| Complete 
| 247|0x00000000ef700000, 0x00000000ef800000, 0x00000000ef800000|100%| E|CS|TAMS 0x00000000ef700000, 0x00000000ef700000| Complete 
| 248|0x00000000ef800000, 0x00000000ef900000, 0x00000000ef900000|100%| E|CS|TAMS 0x00000000ef800000, 0x00000000ef800000| Complete 
| 249|0x00000000ef900000, 0x00000000efa00000, 0x00000000efa00000|100%| E|CS|TAMS 0x00000000ef900000, 0x00000000ef900000| Complete 
| 250|0x00000000efa00000, 0x00000000efb00000, 0x00000000efb00000|100%| E|CS|TAMS 0x00000000efa00000, 0x00000000efa00000| Complete 
| 251|0x00000000efb00000, 0x00000000efc00000, 0x00000000efc00000|100%| E|CS|TAMS 0x00000000efb00000, 0x00000000efb00000| Complete 
| 252|0x00000000efc00000, 0x00000000efd00000, 0x00000000efd00000|100%| E|CS|TAMS 0x00000000efc00000, 0x00000000efc00000| Complete 
| 253|0x00000000efd00000, 0x00000000efe00000, 0x00000000efe00000|100%| E|CS|TAMS 0x00000000efd00000, 0x00000000efd00000| Complete 
| 254|0x00000000efe00000, 0x00000000eff00000, 0x00000000eff00000|100%| E|CS|TAMS 0x00000000efe00000, 0x00000000efe00000| Complete 
| 255|0x00000000eff00000, 0x00000000f0000000, 0x00000000f0000000|100%| E|CS|TAMS 0x00000000eff00000, 0x00000000eff00000| Complete 

Card table byte_map: [0x0000025ec4260000,0x0000025ec4360000] _byte_map_base: 0x0000025ec3b60000

Marking Bits (Prev, Next): (CMBitMap*) 0x0000025ead10aca0, (CMBitMap*) 0x0000025ead10ac60
 Prev Bits: [0x0000025ec4c60000, 0x0000025ec5460000)
 Next Bits: [0x0000025ec4460000, 0x0000025ec4c60000)

Polling page: 0x0000025eac810000

Metaspace:

Usage:
  Non-class:     20.84 MB used.
      Class:      3.60 MB used.
       Both:     24.44 MB used.

Virtual space:
  Non-class space:       64.00 MB reserved,      21.00 MB ( 33%) committed,  1 nodes.
      Class space:      320.00 MB reserved,       3.81 MB (  1%) committed,  1 nodes.
             Both:      384.00 MB reserved,      24.81 MB (  6%) committed. 

Chunk freelists:
   Non-Class:  10.89 MB
       Class:  12.23 MB
        Both:  23.12 MB

MaxMetaspaceSize: 384.00 MB
CompressedClassSpaceSize: 320.00 MB
Initial GC threshold: 21.00 MB
Current GC threshold: 35.12 MB
CDS: on
MetaspaceReclaimPolicy: balanced
 - commit_granule_bytes: 65536.
 - commit_granule_words: 8192.
 - virtual_space_node_default_size: 8388608.
 - enlarge_chunks_in_place: 1.
 - new_chunks_are_fully_committed: 0.
 - uncommit_free_chunks: 1.
 - use_allocation_guard: 0.
 - handle_deallocations: 1.


Internal statistics:

num_allocs_failed_limit: 3.
num_arena_births: 342.
num_arena_deaths: 0.
num_vsnodes_births: 2.
num_vsnodes_deaths: 0.
num_space_committed: 397.
num_space_uncommitted: 0.
num_chunks_returned_to_freelist: 3.
num_chunks_taken_from_freelist: 1306.
num_chunk_merges: 0.
num_chunk_splits: 853.
num_chunks_enlarged: 594.
num_inconsistent_stats: 0.

CodeHeap 'non-profiled nmethods': size=120000Kb used=2186Kb max_used=2186Kb free=117813Kb
 bounds [0x0000025ebc6e0000, 0x0000025ebc950000, 0x0000025ec3c10000]
CodeHeap 'profiled nmethods': size=120000Kb used=7709Kb max_used=7709Kb free=112290Kb
 bounds [0x0000025eb4c10000, 0x0000025eb53a0000, 0x0000025ebc140000]
CodeHeap 'non-nmethods': size=5760Kb used=1249Kb max_used=1288Kb free=4510Kb
 bounds [0x0000025ebc140000, 0x0000025ebc3b0000, 0x0000025ebc6e0000]
 total_blobs=4340 nmethods=3779 adapters=473
 compilation: enabled
              stopped_count=0, restarted_count=0
 full_count=0

Compilation events (20 events):
Event: 351.275 Thread 0x0000025ec80ce730 nmethod 3779 0x0000025eb5394010 code [0x0000025eb53941a0, 0x0000025eb5394298]
Event: 355.903 Thread 0x0000025ec80ce730 3780   !   3       java.util.concurrent.ScheduledThreadPoolExecutor$DelayedWorkQueue::offer (123 bytes)
Event: 356.184 Thread 0x0000025ec80ce730 nmethod 3780 0x0000025eb5394310 code [0x0000025eb5394600, 0x0000025eb5395a38]
Event: 356.851 Thread 0x0000025ec80ce730 3783       3       java.util.concurrent.ScheduledThreadPoolExecutor$ScheduledFutureTask::setNextRunTime (38 bytes)
Event: 356.853 Thread 0x0000025ec80ce730 nmethod 3783 0x0000025eb5396290 code [0x0000025eb5396440, 0x0000025eb5396668]
Event: 356.853 Thread 0x0000025ec80ce730 3784       3       java.util.concurrent.ScheduledThreadPoolExecutor::reExecutePeriodic (49 bytes)
Event: 356.861 Thread 0x0000025ec80ce730 nmethod 3784 0x0000025eb5396790 code [0x0000025eb53969a0, 0x0000025eb5397008]
Event: 357.815 Thread 0x0000025ec80ce730 3785       3       java.util.concurrent.Executors$RunnableAdapter::call (14 bytes)
Event: 357.815 Thread 0x0000025ec80ce730 nmethod 3785 0x0000025eb5397210 code [0x0000025eb53973c0, 0x0000025eb53975a8]
Event: 362.423 Thread 0x0000025ec80cc690 3786       4       java.util.ArrayList::fastRemove (44 bytes)
Event: 362.424 Thread 0x0000025ec80cc690 nmethod 3786 0x0000025ebc900d90 code [0x0000025ebc900f00, 0x0000025ebc901018]
Event: 362.749 Thread 0x0000025ec80cc690 3787       4       java.util.ArrayList::remove (26 bytes)
Event: 362.751 Thread 0x0000025ec80cc690 nmethod 3787 0x0000025ebc901110 code [0x0000025ebc9012a0, 0x0000025ebc901438]
Event: 363.561 Thread 0x0000025ec80cc690 3788       4       java.nio.channels.FileLock::<init> (86 bytes)
Event: 363.565 Thread 0x0000025ec80cc690 nmethod 3788 0x0000025ebc901610 code [0x0000025ebc901780, 0x0000025ebc9019b8]
Event: 363.565 Thread 0x0000025ec80cc690 3789   !   4       java.io.RandomAccessFile::getChannel (84 bytes)
Event: 363.570 Thread 0x0000025ec80cc690 nmethod 3789 0x0000025ebc901b10 code [0x0000025ebc901ca0, 0x0000025ebc902088]
Event: 364.006 Thread 0x0000025ec80cc690 3790   !   4       sun.nio.ch.FileLockTable::removeStaleEntries (71 bytes)
Event: 364.097 Thread 0x0000025ec80cc690 nmethod 3790 0x0000025ebc902190 code [0x0000025ebc902320, 0x0000025ebc9028e8]
Event: 364.097 Thread 0x0000025ec80cc690 3791   !   4       sun.nio.ch.FileChannelImpl::tryLock (238 bytes)

GC Heap History (8 events):
Event: 3.715 GC heap before
{Heap before GC invocations=0 (full 0):
 garbage-first heap   total 262144K, used 22528K [0x00000000e0000000, 0x0000000100000000)
  region size 1024K, 23 young (23552K), 0 survivors (0K)
 Metaspace       used 1090K, committed 1216K, reserved 393216K
  class space    used 73K, committed 128K, reserved 327680K
}
Event: 3.989 GC heap after
{Heap after GC invocations=1 (full 0):
 garbage-first heap   total 262144K, used 3884K [0x00000000e0000000, 0x0000000100000000)
  region size 1024K, 3 young (3072K), 3 survivors (3072K)
 Metaspace       used 1090K, committed 1216K, reserved 393216K
  class space    used 73K, committed 128K, reserved 327680K
}
Event: 5.728 GC heap before
{Heap before GC invocations=1 (full 0):
 garbage-first heap   total 262144K, used 39724K [0x00000000e0000000, 0x0000000100000000)
  region size 1024K, 35 young (35840K), 3 survivors (3072K)
 Metaspace       used 4377K, committed 4544K, reserved 393216K
  class space    used 546K, committed 640K, reserved 327680K
}
Event: 5.732 GC heap after
{Heap after GC invocations=2 (full 0):
 garbage-first heap   total 262144K, used 10996K [0x00000000e0000000, 0x0000000100000000)
  region size 1024K, 5 young (5120K), 5 survivors (5120K)
 Metaspace       used 4377K, committed 4544K, reserved 393216K
  class space    used 546K, committed 640K, reserved 327680K
}
Event: 7.260 GC heap before
{Heap before GC invocations=2 (full 0):
 garbage-first heap   total 262144K, used 60148K [0x00000000e0000000, 0x0000000100000000)
  region size 1024K, 51 young (52224K), 5 survivors (5120K)
 Metaspace       used 4962K, committed 5248K, reserved 393216K
  class space    used 645K, committed 768K, reserved 327680K
}
Event: 7.264 GC heap after
{Heap after GC invocations=3 (full 0):
 garbage-first heap   total 262144K, used 16623K [0x00000000e0000000, 0x0000000100000000)
  region size 1024K, 5 young (5120K), 5 survivors (5120K)
 Metaspace       used 4962K, committed 5248K, reserved 393216K
  class space    used 645K, committed 768K, reserved 327680K
}
Event: 59.335 GC heap before
{Heap before GC invocations=3 (full 0):
 garbage-first heap   total 262144K, used 128239K [0x00000000e0000000, 0x0000000100000000)
  region size 1024K, 115 young (117760K), 5 survivors (5120K)
 Metaspace       used 21123K, committed 21504K, reserved 393216K
  class space    used 3059K, committed 3264K, reserved 327680K
}
Event: 59.371 GC heap after
{Heap after GC invocations=4 (full 0):
 garbage-first heap   total 262144K, used 24041K [0x00000000e0000000, 0x0000000100000000)
  region size 1024K, 12 young (12288K), 12 survivors (12288K)
 Metaspace       used 21123K, committed 21504K, reserved 393216K
  class space    used 3059K, committed 3264K, reserved 327680K
}

Dll operation events (15 events):
Event: 0.022 Loaded shared library C:\Program Files\Microsoft\jdk-17.0.13.11-hotspot\bin\java.dll
Event: 0.139 Loaded shared library C:\Program Files\Microsoft\jdk-17.0.13.11-hotspot\bin\jsvml.dll
Event: 1.032 Loaded shared library C:\Program Files\Microsoft\jdk-17.0.13.11-hotspot\bin\zip.dll
Event: 1.035 Loaded shared library C:\Program Files\Microsoft\jdk-17.0.13.11-hotspot\bin\instrument.dll
Event: 2.268 Loaded shared library C:\Program Files\Microsoft\jdk-17.0.13.11-hotspot\bin\net.dll
Event: 2.287 Loaded shared library C:\Program Files\Microsoft\jdk-17.0.13.11-hotspot\bin\nio.dll
Event: 2.291 Loaded shared library C:\Program Files\Microsoft\jdk-17.0.13.11-hotspot\bin\zip.dll
Event: 3.319 Loaded shared library C:\Program Files\Microsoft\jdk-17.0.13.11-hotspot\bin\jimage.dll
Event: 4.109 Loaded shared library C:\Program Files\Microsoft\jdk-17.0.13.11-hotspot\bin\verify.dll
Event: 4.425 Loaded shared library C:\Users\DLCH\.gradle\native\1def1411415f61bf3af743bc5b6707747c0891f09f0c88961ee8f79bc544acac\windows-amd64\native-platform.dll
Event: 4.435 Loaded shared library C:\Users\DLCH\.gradle\native\0.2.6\x86_64-windows-gnu\gradle-fileevents.dll
Event: 7.702 Loaded shared library C:\Program Files\Microsoft\jdk-17.0.13.11-hotspot\bin\management.dll
Event: 7.705 Loaded shared library C:\Program Files\Microsoft\jdk-17.0.13.11-hotspot\bin\management_ext.dll
Event: 9.628 Loaded shared library C:\Program Files\Microsoft\jdk-17.0.13.11-hotspot\bin\extnet.dll
Event: 11.240 Loaded shared library C:\Program Files\Microsoft\jdk-17.0.13.11-hotspot\bin\sunmscapi.dll

Deoptimization events (20 events):
Event: 121.708 Thread 0x0000025ee23ea2e0 Uncommon trap: trap_request=0xffffffde fr.pc=0x0000025ebc7ec90c relative=0x000000000000034c
Event: 121.708 Thread 0x0000025ee23ea2e0 Uncommon trap: reason=class_check action=maybe_recompile pc=0x0000025ebc7ec90c method=java.io.DataInputStream.readUnsignedShort()I @ 6 c2
Event: 121.708 Thread 0x0000025ee23ea2e0 DEOPT PACKING pc=0x0000025ebc7ec90c sp=0x000000db922fe240
Event: 121.708 Thread 0x0000025ee23ea2e0 DEOPT UNPACKING pc=0x0000025ebc1969a3 sp=0x000000db922fe1f0 mode 2
Event: 121.711 Thread 0x0000025ee23ea2e0 Uncommon trap: trap_request=0xffffffde fr.pc=0x0000025ebc82768c relative=0x000000000000078c
Event: 121.711 Thread 0x0000025ee23ea2e0 Uncommon trap: reason=class_check action=maybe_recompile pc=0x0000025ebc82768c method=java.io.BufferedInputStream.read([BII)I @ 101 c2
Event: 121.711 Thread 0x0000025ee23ea2e0 DEOPT PACKING pc=0x0000025ebc82768c sp=0x000000db922fe1f0
Event: 121.711 Thread 0x0000025ee23ea2e0 DEOPT UNPACKING pc=0x0000025ebc1969a3 sp=0x000000db922fe1a8 mode 2
Event: 129.774 Thread 0x0000025ee23ea2e0 Uncommon trap: trap_request=0xffffffde fr.pc=0x0000025ebc7ec90c relative=0x000000000000034c
Event: 129.774 Thread 0x0000025ee23ea2e0 Uncommon trap: reason=class_check action=maybe_recompile pc=0x0000025ebc7ec90c method=java.io.DataInputStream.readUnsignedShort()I @ 6 c2
Event: 129.774 Thread 0x0000025ee23ea2e0 DEOPT PACKING pc=0x0000025ebc7ec90c sp=0x000000db922fe240
Event: 129.774 Thread 0x0000025ee23ea2e0 DEOPT UNPACKING pc=0x0000025ebc1969a3 sp=0x000000db922fe1f0 mode 2
Event: 185.718 Thread 0x0000025ee23e7550 Uncommon trap: trap_request=0xffffff45 fr.pc=0x0000025ebc8e1404 relative=0x0000000000000164
Event: 185.718 Thread 0x0000025ee23e7550 Uncommon trap: reason=unstable_if action=reinterpret pc=0x0000025ebc8e1404 method=java.util.concurrent.locks.AbstractQueuedSynchronizer.signalNext(Ljava/util/concurrent/locks/AbstractQueuedSynchronizer$Node;)V @ 17 c2
Event: 185.718 Thread 0x0000025ee23e7550 DEOPT PACKING pc=0x0000025ebc8e1404 sp=0x000000db923fed90
Event: 185.718 Thread 0x0000025ee23e7550 DEOPT UNPACKING pc=0x0000025ebc1969a3 sp=0x000000db923fec90 mode 2
Event: 246.902 Thread 0x0000025ee23e7550 Uncommon trap: trap_request=0xffffff45 fr.pc=0x0000025ebc838394 relative=0x0000000000000074
Event: 246.902 Thread 0x0000025ee23e7550 Uncommon trap: reason=unstable_if action=reinterpret pc=0x0000025ebc838394 method=java.util.concurrent.locks.AbstractQueuedSynchronizer.signalNext(Ljava/util/concurrent/locks/AbstractQueuedSynchronizer$Node;)V @ 17 c2
Event: 246.902 Thread 0x0000025ee23e7550 DEOPT PACKING pc=0x0000025ebc838394 sp=0x000000db923fed70
Event: 246.904 Thread 0x0000025ee23e7550 DEOPT UNPACKING pc=0x0000025ebc1969a3 sp=0x000000db923fed00 mode 2

Classes loaded (20 events):
Event: 60.807 Loading class java/math/MutableBigInteger
Event: 60.809 Loading class java/math/MutableBigInteger done
Event: 61.052 Loading class sun/nio/fs/WindowsPath$1
Event: 61.052 Loading class sun/nio/fs/WindowsPath$1 done
Event: 77.831 Loading class java/nio/file/FileTreeWalker
Event: 77.832 Loading class java/nio/file/FileTreeWalker done
Event: 77.834 Loading class java/nio/file/FileTreeWalker$DirectoryNode
Event: 77.836 Loading class java/nio/file/FileTreeWalker$DirectoryNode done
Event: 77.836 Loading class java/nio/file/FileTreeWalker$Event
Event: 77.837 Loading class java/nio/file/FileTreeWalker$Event done
Event: 77.837 Loading class java/nio/file/FileTreeWalker$EventType
Event: 77.856 Loading class java/nio/file/FileTreeWalker$EventType done
Event: 77.856 Loading class java/nio/file/Files$3
Event: 77.857 Loading class java/nio/file/Files$3 done
Event: 77.887 Loading class java/nio/file/FileVisitResult
Event: 77.931 Loading class java/nio/file/FileVisitResult done
Event: 77.934 Loading class java/nio/charset/CharacterCodingException
Event: 77.936 Loading class java/nio/charset/CharacterCodingException done
Event: 78.241 Loading class java/util/stream/Streams$RangeIntSpliterator
Event: 78.262 Loading class java/util/stream/Streams$RangeIntSpliterator done

Classes unloaded (0 events):
No events

Classes redefined (0 events):
No events

Internal exceptions (20 events):
Event: 59.151 Thread 0x0000025ee23e9dd0 Exception <a 'java/lang/NoSuchMethodError'{0x00000000e91939e0}: 'java.lang.Object java.lang.invoke.DirectMethodHandle$Holder.invokeStatic(java.lang.Object, java.lang.Object, java.lang.Object, java.lang.Object, java.lang.Object, java.lang.Object, java.lang.Object, java.lang.Object, java.lang.Object, java.lang.Object, java.lang.Object, java.lang.Object, java.lang.Object, java.lang.Object, java.lang.Object, java.lang.Object, java.lang.Object, java.lang.Object, java.lang.Object, java.lang.Object, java.lang.Obj
Event: 59.154 Thread 0x0000025ee23e9dd0 Exception <a 'java/lang/NoSuchMethodError'{0x00000000e91c1f98}: 'java.lang.Object java.lang.invoke.DirectMethodHandle$Holder.invokeStatic(java.lang.Object, java.lang.Object, java.lang.Object, java.lang.Object, java.lang.Object, java.lang.Object, java.lang.Object, java.lang.Object, java.lang.Object, java.lang.Object, java.lang.Object, java.lang.Object, java.lang.Object, java.lang.Object, java.lang.Object, java.lang.Object, java.lang.Object, java.lang.Object, java.lang.Object, java.lang.Object, java.lang.Obj
Event: 59.158 Thread 0x0000025ee23e9dd0 Exception <a 'java/lang/NoSuchMethodError'{0x00000000e91f0fc8}: 'java.lang.Object java.lang.invoke.DirectMethodHandle$Holder.invokeStatic(java.lang.Object, java.lang.Object, java.lang.Object, java.lang.Object, java.lang.Object, java.lang.Object, java.lang.Object, java.lang.Object, java.lang.Object, java.lang.Object, java.lang.Object, java.lang.Object, java.lang.Object, java.lang.Object, java.lang.Object, java.lang.Object, java.lang.Object, java.lang.Object, java.lang.Object, java.lang.Object, java.lang.Obj
Event: 59.161 Thread 0x0000025ee23e9dd0 Exception <a 'java/lang/NoSuchMethodError'{0x00000000e9021e68}: 'java.lang.Object java.lang.invoke.DirectMethodHandle$Holder.invokeStatic(java.lang.Object, java.lang.Object, java.lang.Object, java.lang.Object, java.lang.Object, java.lang.Object, java.lang.Object, java.lang.Object, java.lang.Object, java.lang.Object, java.lang.Object, java.lang.Object, java.lang.Object, java.lang.Object, java.lang.Object, java.lang.Object, java.lang.Object, java.lang.Object, java.lang.Object, java.lang.Object, java.lang.Obj
Event: 59.164 Thread 0x0000025ee23e9dd0 Exception <a 'java/lang/NoSuchMethodError'{0x00000000e90538a8}: 'java.lang.Object java.lang.invoke.DirectMethodHandle$Holder.invokeStatic(java.lang.Object, java.lang.Object, java.lang.Object, java.lang.Object, java.lang.Object, java.lang.Object, java.lang.Object, java.lang.Object, java.lang.Object, java.lang.Object, java.lang.Object, java.lang.Object, java.lang.Object, java.lang.Object, java.lang.Object, java.lang.Object, java.lang.Object, java.lang.Object, java.lang.Object, java.lang.Object, java.lang.Obj
Event: 59.287 Thread 0x0000025ee23e9dd0 Exception <a 'java/lang/NoSuchMethodError'{0x00000000e8fffa30}: 'java.lang.Object java.lang.invoke.DirectMethodHandle$Holder.invokeStaticInit(java.lang.Object, java.lang.Object, java.lang.Object, java.lang.Object)'> (0x00000000e8fffa30) 
thrown [s\src\hotspot\share\interpreter\linkResolver.cpp, line 759]
Event: 59.374 Thread 0x0000025ee23e9dd0 Exception <a 'java/lang/NoSuchMethodError'{0x00000000eff00428}: 'java.lang.Object java.lang.invoke.DirectMethodHandle$Holder.newInvokeSpecial(java.lang.Object, java.lang.Object, java.lang.Object, java.lang.Object, java.lang.Object, java.lang.Object, java.lang.Object, java.lang.Object)'> (0x00000000eff00428) 
thrown [s\src\hotspot\share\interpreter\linkResolver.cpp, line 759]
Event: 59.377 Thread 0x0000025ee23e9dd0 Exception <a 'java/lang/NoSuchMethodError'{0x00000000eff05e30}: 'java.lang.Object java.lang.invoke.DirectMethodHandle$Holder.invokeSpecial(java.lang.Object, java.lang.Object, java.lang.Object, java.lang.Object, java.lang.Object, java.lang.Object, java.lang.Object, java.lang.Object, java.lang.Object)'> (0x00000000eff05e30) 
thrown [s\src\hotspot\share\interpreter\linkResolver.cpp, line 759]
Event: 59.378 Thread 0x0000025ee23e9dd0 Exception <a 'java/lang/NoSuchMethodError'{0x00000000eff0b1e0}: 'java.lang.Object java.lang.invoke.Invokers$Holder.linkToTargetMethod(java.lang.Object, java.lang.Object, java.lang.Object, java.lang.Object, java.lang.Object, java.lang.Object, java.lang.Object, java.lang.Object)'> (0x00000000eff0b1e0) 
thrown [s\src\hotspot\share\interpreter\linkResolver.cpp, line 759]
Event: 59.404 Thread 0x0000025ee23e9dd0 Exception <a 'java/lang/NoSuchMethodError'{0x00000000eff58588}: 'void java.lang.invoke.DirectMethodHandle$Holder.invokeStatic(java.lang.Object, java.lang.Object, java.lang.Object, java.lang.Object)'> (0x00000000eff58588) 
thrown [s\src\hotspot\share\interpreter\linkResolver.cpp, line 759]
Event: 59.547 Thread 0x0000025ee23e9dd0 Exception <a 'java/lang/NoSuchMethodError'{0x00000000efdb4da0}: 'void java.lang.invoke.DirectMethodHandle$Holder.invokeStaticInit(java.lang.Object, java.lang.Object)'> (0x00000000efdb4da0) 
thrown [s\src\hotspot\share\interpreter\linkResolver.cpp, line 759]
Event: 59.923 Thread 0x0000025ee23e9dd0 Exception <a 'java/lang/NoSuchMethodError'{0x00000000ef606090}: 'int java.lang.invoke.DirectMethodHandle$Holder.invokeVirtual(java.lang.Object, java.lang.Object)'> (0x00000000ef606090) 
thrown [s\src\hotspot\share\interpreter\linkResolver.cpp, line 759]
Event: 60.951 Thread 0x0000025ee23e9dd0 Exception <a 'java/lang/IncompatibleClassChangeError'{0x00000000eea0d138}: Found class java.lang.Object, but interface was expected> (0x00000000eea0d138) 
thrown [s\src\hotspot\share\interpreter\linkResolver.cpp, line 826]
Event: 77.786 Thread 0x0000025ee23e9dd0 Exception <a 'java/lang/NoSuchMethodError'{0x00000000ee7abe50}: 'java.lang.Object java.lang.invoke.DirectMethodHandle$Holder.newInvokeSpecial(java.lang.Object, java.lang.Object, long)'> (0x00000000ee7abe50) 
thrown [s\src\hotspot\share\interpreter\linkResolver.cpp, line 759]
Event: 77.786 Thread 0x0000025ee23e9dd0 Exception <a 'java/lang/NoSuchMethodError'{0x00000000ee7b0460}: 'java.lang.Object java.lang.invoke.Invokers$Holder.linkToTargetMethod(java.lang.Object, long, java.lang.Object)'> (0x00000000ee7b0460) 
thrown [s\src\hotspot\share\interpreter\linkResolver.cpp, line 759]
Event: 78.068 Thread 0x0000025ee23e9dd0 Exception <a 'java/lang/NoSuchMethodError'{0x00000000ee424a20}: 'int java.lang.invoke.DirectMethodHandle$Holder.invokeInterface(java.lang.Object, java.lang.Object)'> (0x00000000ee424a20) 
thrown [s\src\hotspot\share\interpreter\linkResolver.cpp, line 759]
Event: 78.232 Thread 0x0000025ee23e9dd0 Exception <a 'java/lang/NoSuchMethodError'{0x00000000ee4b9ca0}: 'java.lang.Object java.lang.invoke.DirectMethodHandle$Holder.invokeVirtual(java.lang.Object, java.lang.Object, int)'> (0x00000000ee4b9ca0) 
thrown [s\src\hotspot\share\interpreter\linkResolver.cpp, line 759]
Event: 120.742 Thread 0x0000025ee23e9dd0 Exception <a 'java/lang/NoSuchMethodError'{0x00000000ee0b1960}: 'java.lang.Object java.lang.invoke.DirectMethodHandle$Holder.invokeStatic(java.lang.Object, java.lang.Object, int, java.lang.Object)'> (0x00000000ee0b1960) 
thrown [s\src\hotspot\share\interpreter\linkResolver.cpp, line 759]
Event: 120.744 Thread 0x0000025ee23e9dd0 Exception <a 'java/lang/NoSuchMethodError'{0x00000000ee0b98e0}: 'java.lang.Object java.lang.invoke.DirectMethodHandle$Holder.newInvokeSpecial(java.lang.Object, java.lang.Object, int, java.lang.Object)'> (0x00000000ee0b98e0) 
thrown [s\src\hotspot\share\interpreter\linkResolver.cpp, line 759]
Event: 120.745 Thread 0x0000025ee23e9dd0 Exception <a 'java/lang/NoSuchMethodError'{0x00000000ee0be2c0}: 'java.lang.Object java.lang.invoke.DirectMethodHandle$Holder.invokeSpecial(java.lang.Object, java.lang.Object, java.lang.Object, int, java.lang.Object)'> (0x00000000ee0be2c0) 
thrown [s\src\hotspot\share\interpreter\linkResolver.cpp, line 759]

VM Operations (20 events):
Event: 260.166 Executing VM operation: Cleanup
Event: 260.166 Executing VM operation: Cleanup done
Event: 264.216 Executing VM operation: Cleanup
Event: 264.216 Executing VM operation: Cleanup done
Event: 297.556 Executing VM operation: Cleanup
Event: 297.619 Executing VM operation: Cleanup done
Event: 299.638 Executing VM operation: Cleanup
Event: 299.638 Executing VM operation: Cleanup done
Event: 329.927 Executing VM operation: Cleanup
Event: 330.005 Executing VM operation: Cleanup done
Event: 332.023 Executing VM operation: Cleanup
Event: 332.041 Executing VM operation: Cleanup done
Event: 337.085 Executing VM operation: Cleanup
Event: 337.101 Executing VM operation: Cleanup done
Event: 352.233 Executing VM operation: Cleanup
Event: 352.249 Executing VM operation: Cleanup done
Event: 359.311 Executing VM operation: Cleanup
Event: 359.598 Executing VM operation: Cleanup done
Event: 363.634 Executing VM operation: Cleanup
Event: 363.634 Executing VM operation: Cleanup done

Memory protections (0 events):
No events

Nmethod flushes (0 events):
No events

Events (20 events):
Event: 11.225 Thread 0x0000025ead0d99b0 Thread added: 0x0000025ee2599840
Event: 11.902 Thread 0x0000025ee24c3e60 Thread added: 0x0000025ee25a2bc0
Event: 11.931 Thread 0x0000025ee25a2bc0 Thread added: 0x0000025ee232b210
Event: 12.011 Thread 0x0000025ee25a2bc0 Thread added: 0x0000025ee23e8ea0
Event: 13.187 Thread 0x0000025ee25a2bc0 Thread added: 0x0000025ee23e9dd0
Event: 13.296 Thread 0x0000025ee23e9dd0 Thread added: 0x0000025ee23e7040
Event: 13.300 Thread 0x0000025ee23e9dd0 Thread added: 0x0000025ee23e93b0
Event: 13.307 Thread 0x0000025ee23e9dd0 Thread added: 0x0000025ee23e98c0
Event: 14.335 Thread 0x0000025ec80ce730 Thread added: 0x0000025ee336c670
Event: 14.378 Thread 0x0000025ee23e9dd0 Thread added: 0x0000025ee23ea2e0
Event: 14.392 Thread 0x0000025ee23e9dd0 Thread added: 0x0000025ee23e7550
Event: 14.784 Thread 0x0000025ee336c670 Thread exited: 0x0000025ee336c670
Event: 53.026 Thread 0x0000025ee23e7550 Thread added: 0x0000025ee23e7a60
Event: 53.251 Thread 0x0000025ee23e9dd0 Thread added: 0x0000025ee23e7f70
Event: 59.028 Thread 0x0000025ee23e9dd0 Thread added: 0x0000025ee23e8480
Event: 59.058 Thread 0x0000025ee23e9dd0 Thread added: 0x0000025ee34c1fc0
Event: 59.904 Thread 0x0000025ee23e9dd0 Thread added: 0x0000025ee34c3400
Event: 59.919 Thread 0x0000025ee23e9dd0 Thread added: 0x0000025ee34c1ab0
Event: 120.748 Thread 0x0000025ee23e9dd0 Thread added: 0x0000025ee34c3910
Event: 200.547 Thread 0x0000025ee23e7a60 Thread exited: 0x0000025ee23e7a60


Dynamic libraries:
0x00007ff7a2210000 - 0x00007ff7a221e000 	C:\Program Files\Microsoft\jdk-17.0.13.11-hotspot\bin\java.exe
0x00007ffd43f80000 - 0x00007ffd441e3000 	C:\WINDOWS\SYSTEM32\ntdll.dll
0x00007ffd42f00000 - 0x00007ffd42fc7000 	C:\WINDOWS\System32\KERNEL32.DLL
0x00007ffd41660000 - 0x00007ffd41a27000 	C:\WINDOWS\System32\KERNELBASE.dll
0x00007ffd41bb0000 - 0x00007ffd41cfc000 	C:\WINDOWS\System32\ucrtbase.dll
0x00007ffd23dd0000 - 0x00007ffd23de7000 	C:\Program Files\Microsoft\jdk-17.0.13.11-hotspot\bin\jli.dll
0x00007ffd42d10000 - 0x00007ffd42ed9000 	C:\WINDOWS\System32\USER32.dll
0x00007ffd41320000 - 0x00007ffd41347000 	C:\WINDOWS\System32\win32u.dll
0x00007ffd41e50000 - 0x00007ffd41e7a000 	C:\WINDOWS\System32\GDI32.dll
0x00007ffd41350000 - 0x00007ffd4147b000 	C:\WINDOWS\System32\gdi32full.dll
0x00007ffd41480000 - 0x00007ffd41523000 	C:\WINDOWS\System32\msvcp_win.dll
0x00007ffd17ed0000 - 0x00007ffd17eed000 	C:\Program Files\Microsoft\jdk-17.0.13.11-hotspot\bin\VCRUNTIME140.dll
0x00007ffd29440000 - 0x00007ffd296d0000 	C:\WINDOWS\WinSxS\amd64_microsoft.windows.common-controls_6595b64144ccf1df_6.0.26100.3037_none_3e09262ce333c378\COMCTL32.dll
0x00007ffd43d30000 - 0x00007ffd43dd9000 	C:\WINDOWS\System32\msvcrt.dll
0x00007ffd42590000 - 0x00007ffd425bf000 	C:\WINDOWS\System32\IMM32.DLL
0x00007ffd3c510000 - 0x00007ffd3c51c000 	C:\Program Files\Microsoft\jdk-17.0.13.11-hotspot\bin\vcruntime140_1.dll
0x00007ffd0de50000 - 0x00007ffd0dedd000 	C:\Program Files\Microsoft\jdk-17.0.13.11-hotspot\bin\msvcp140.dll
0x00007ffcabfa0000 - 0x00007ffcacc11000 	C:\Program Files\Microsoft\jdk-17.0.13.11-hotspot\bin\server\jvm.dll
0x00007ffd43230000 - 0x00007ffd432e4000 	C:\WINDOWS\System32\ADVAPI32.dll
0x00007ffd42970000 - 0x00007ffd42a16000 	C:\WINDOWS\System32\sechost.dll
0x00007ffd42740000 - 0x00007ffd42856000 	C:\WINDOWS\System32\RPCRT4.dll
0x00007ffd41dd0000 - 0x00007ffd41e44000 	C:\WINDOWS\System32\WS2_32.dll
0x00007ffd3ffe0000 - 0x00007ffd4002e000 	C:\WINDOWS\SYSTEM32\POWRPROF.dll
0x00007ffd30780000 - 0x00007ffd307b6000 	C:\WINDOWS\SYSTEM32\WINMM.dll
0x00007ffd39100000 - 0x00007ffd3910b000 	C:\WINDOWS\SYSTEM32\VERSION.dll
0x00007ffd3ffc0000 - 0x00007ffd3ffd4000 	C:\WINDOWS\SYSTEM32\UMPDC.dll
0x00007ffd40260000 - 0x00007ffd4027a000 	C:\WINDOWS\SYSTEM32\kernel.appcore.dll
0x00007ffd3b520000 - 0x00007ffd3b52a000 	C:\Program Files\Microsoft\jdk-17.0.13.11-hotspot\bin\jimage.dll
0x00007ffd3ec60000 - 0x00007ffd3eea1000 	C:\WINDOWS\SYSTEM32\DBGHELP.DLL
0x00007ffd432f0000 - 0x00007ffd4366e000 	C:\WINDOWS\System32\combase.dll
0x00007ffd42860000 - 0x00007ffd42936000 	C:\WINDOWS\System32\OLEAUT32.dll
0x00007ffd1e760000 - 0x00007ffd1e799000 	C:\WINDOWS\SYSTEM32\dbgcore.DLL
0x00007ffd41530000 - 0x00007ffd415c9000 	C:\WINDOWS\System32\bcryptPrimitives.dll
0x00007ffd3b1e0000 - 0x00007ffd3b1ee000 	C:\Program Files\Microsoft\jdk-17.0.13.11-hotspot\bin\instrument.dll
0x00007ffd163d0000 - 0x00007ffd163f5000 	C:\Program Files\Microsoft\jdk-17.0.13.11-hotspot\bin\java.dll
0x00007ffcf6880000 - 0x00007ffcf6957000 	C:\Program Files\Microsoft\jdk-17.0.13.11-hotspot\bin\jsvml.dll
0x00007ffd41e80000 - 0x00007ffd42584000 	C:\WINDOWS\System32\SHELL32.dll
0x00007ffd3f080000 - 0x00007ffd3f8b7000 	C:\WINDOWS\SYSTEM32\windows.storage.dll
0x00007ffd425d0000 - 0x00007ffd426b9000 	C:\WINDOWS\System32\SHCORE.dll
0x00007ffd42b00000 - 0x00007ffd42b5d000 	C:\WINDOWS\System32\shlwapi.dll
0x00007ffd41230000 - 0x00007ffd4125e000 	C:\WINDOWS\SYSTEM32\profapi.dll
0x00007ffd17eb0000 - 0x00007ffd17ec8000 	C:\Program Files\Microsoft\jdk-17.0.13.11-hotspot\bin\zip.dll
0x00007ffd14bf0000 - 0x00007ffd14c0a000 	C:\Program Files\Microsoft\jdk-17.0.13.11-hotspot\bin\net.dll
0x00007ffd3b9b0000 - 0x00007ffd3bace000 	C:\WINDOWS\SYSTEM32\WINHTTP.dll
0x00007ffd40770000 - 0x00007ffd407da000 	C:\WINDOWS\system32\mswsock.dll
0x00007ffd14bd0000 - 0x00007ffd14be6000 	C:\Program Files\Microsoft\jdk-17.0.13.11-hotspot\bin\nio.dll
0x00007ffd3b170000 - 0x00007ffd3b180000 	C:\Program Files\Microsoft\jdk-17.0.13.11-hotspot\bin\verify.dll
0x00007ffd38230000 - 0x00007ffd38257000 	C:\Users\DLCH\.gradle\native\1def1411415f61bf3af743bc5b6707747c0891f09f0c88961ee8f79bc544acac\windows-amd64\native-platform.dll
0x00007ffd0ddd0000 - 0x00007ffd0de48000 	C:\Users\DLCH\.gradle\native\0.2.6\x86_64-windows-gnu\gradle-fileevents.dll
0x00007ffd396b0000 - 0x00007ffd396ba000 	C:\Program Files\Microsoft\jdk-17.0.13.11-hotspot\bin\management.dll
0x00007ffd39670000 - 0x00007ffd3967b000 	C:\Program Files\Microsoft\jdk-17.0.13.11-hotspot\bin\management_ext.dll
0x00007ffd43780000 - 0x00007ffd43788000 	C:\WINDOWS\System32\PSAPI.DLL
0x00007ffd3fc70000 - 0x00007ffd3fca2000 	C:\WINDOWS\SYSTEM32\IPHLPAPI.DLL
0x00007ffd43840000 - 0x00007ffd4384a000 	C:\WINDOWS\System32\NSI.dll
0x00007ffd3b7a0000 - 0x00007ffd3b7bf000 	C:\WINDOWS\SYSTEM32\dhcpcsvc6.DLL
0x00007ffd3b770000 - 0x00007ffd3b795000 	C:\WINDOWS\SYSTEM32\dhcpcsvc.DLL
0x00007ffd3fd10000 - 0x00007ffd3fe35000 	C:\WINDOWS\SYSTEM32\DNSAPI.dll
0x00007ffd395c0000 - 0x00007ffd395c9000 	C:\Program Files\Microsoft\jdk-17.0.13.11-hotspot\bin\extnet.dll
0x00007ffd40a10000 - 0x00007ffd40a2c000 	C:\WINDOWS\SYSTEM32\CRYPTSP.dll
0x00007ffd401c0000 - 0x00007ffd401f8000 	C:\WINDOWS\system32\rsaenh.dll
0x00007ffd40810000 - 0x00007ffd4083b000 	C:\WINDOWS\SYSTEM32\USERENV.dll
0x00007ffd40c50000 - 0x00007ffd40c76000 	C:\WINDOWS\SYSTEM32\bcrypt.dll
0x00007ffd40a30000 - 0x00007ffd40a3c000 	C:\WINDOWS\SYSTEM32\CRYPTBASE.dll
0x00007ffd383a0000 - 0x00007ffd383ae000 	C:\Program Files\Microsoft\jdk-17.0.13.11-hotspot\bin\sunmscapi.dll
0x00007ffd41a30000 - 0x00007ffd41ba6000 	C:\WINDOWS\System32\CRYPT32.dll
0x00007ffd40c10000 - 0x00007ffd40c40000 	C:\WINDOWS\SYSTEM32\ncrypt.dll
0x00007ffd40bc0000 - 0x00007ffd40bff000 	C:\WINDOWS\SYSTEM32\NTASN1.dll
0x00007ffd03970000 - 0x00007ffd03978000 	C:\WINDOWS\system32\wshunix.dll

dbghelp: loaded successfully - version: 4.0.5 - missing functions: none
symbol engine: initialized successfully - sym options: 0x614 - pdb path: .;C:\Program Files\Microsoft\jdk-17.0.13.11-hotspot\bin;C:\WINDOWS\SYSTEM32;C:\WINDOWS\WinSxS\amd64_microsoft.windows.common-controls_6595b64144ccf1df_6.0.26100.3037_none_3e09262ce333c378;C:\Program Files\Microsoft\jdk-17.0.13.11-hotspot\bin\server;C:\Users\DLCH\.gradle\native\1def1411415f61bf3af743bc5b6707747c0891f09f0c88961ee8f79bc544acac\windows-amd64;C:\Users\DLCH\.gradle\native\0.2.6\x86_64-windows-gnu

VM Arguments:
jvm_args: --add-opens=java.base/java.lang=ALL-UNNAMED --add-opens=java.base/java.lang.invoke=ALL-UNNAMED --add-opens=java.base/java.util=ALL-UNNAMED --add-opens=java.prefs/java.util.prefs=ALL-UNNAMED --add-exports=jdk.compiler/com.sun.tools.javac.api=ALL-UNNAMED --add-exports=jdk.compiler/com.sun.tools.javac.util=ALL-UNNAMED --add-opens=java.base/java.util=ALL-UNNAMED --add-opens=java.prefs/java.util.prefs=ALL-UNNAMED --add-opens=java.base/java.nio.charset=ALL-UNNAMED --add-opens=java.base/java.net=ALL-UNNAMED --add-opens=java.base/java.util.concurrent.atomic=ALL-UNNAMED --add-opens=java.xml/javax.xml.namespace=ALL-UNNAMED -XX:MaxMetaspaceSize=384m -XX:+HeapDumpOnOutOfMemoryError -Xms256m -Xmx512m -Dfile.encoding=UTF-8 -Duser.country=US -Duser.language=en -Duser.variant -javaagent:C:\Users\DLCH\.gradle\wrapper\dists\gradle-8.12.1-bin\eumc4uhoysa37zql93vfjkxy0\gradle-8.12.1\lib\agents\gradle-instrumentation-agent-8.12.1.jar 
java_command: org.gradle.launcher.daemon.bootstrap.GradleDaemon 8.12.1
java_class_path (initial): C:\Users\DLCH\.gradle\wrapper\dists\gradle-8.12.1-bin\eumc4uhoysa37zql93vfjkxy0\gradle-8.12.1\lib\gradle-daemon-main-8.12.1.jar
Launcher Type: SUN_STANDARD

[Global flags]
     intx CICompilerCount                          = 4                                         {product} {ergonomic}
   size_t CompressedClassSpaceSize                 = 335544320                                 {product} {ergonomic}
     uint ConcGCThreads                            = 3                                         {product} {ergonomic}
     uint G1ConcRefinementThreads                  = 10                                        {product} {ergonomic}
   size_t G1HeapRegionSize                         = 1048576                                   {product} {ergonomic}
    uintx GCDrainStackTargetSize                   = 64                                        {product} {ergonomic}
     bool HeapDumpOnOutOfMemoryError               = true                                   {manageable} {command line}
   size_t InitialHeapSize                          = 268435456                                 {product} {command line}
   size_t MarkStackSize                            = 4194304                                   {product} {ergonomic}
   size_t MaxHeapSize                              = 536870912                                 {product} {command line}
   size_t MaxMetaspaceSize                         = 402653184                                 {product} {command line}
   size_t MaxNewSize                               = 321912832                                 {product} {ergonomic}
   size_t MinHeapDeltaBytes                        = 1048576                                   {product} {ergonomic}
   size_t MinHeapSize                              = 268435456                                 {product} {command line}
    uintx NonNMethodCodeHeapSize                   = 5839372                                {pd product} {ergonomic}
    uintx NonProfiledCodeHeapSize                  = 122909434                              {pd product} {ergonomic}
    uintx ProfiledCodeHeapSize                     = 122909434                              {pd product} {ergonomic}
    uintx ReservedCodeCacheSize                    = 251658240                              {pd product} {ergonomic}
     bool SegmentedCodeCache                       = true                                      {product} {ergonomic}
   size_t SoftMaxHeapSize                          = 536870912                              {manageable} {ergonomic}
     bool UseCompressedClassPointers               = true                           {product lp64_product} {ergonomic}
     bool UseCompressedOops                        = true                           {product lp64_product} {ergonomic}
     bool UseG1GC                                  = true                                      {product} {ergonomic}
     bool UseLargePagesIndividualAllocation        = false                                  {pd product} {ergonomic}

Logging:
Log output configuration:
 #0: stdout all=warning uptime,level,tags
 #1: stderr all=off uptime,level,tags

Environment Variables:
JAVA_HOME=C:\Program Files\Microsoft\jdk-17.0.13.11-hotspot\
PATH=C:\Program Files\Microsoft\jdk-17.0.13.11-hotspot\bin;C:\Program Files\Microsoft\jdk-17.0.13.11-hotspot\\bin;C:\Program Files\Common Files\Oracle\Java\javapath;C:\WINDOWS\system32;C:\WINDOWS;C:\WINDOWS\System32\Wbem;C:\WINDOWS\System32\WindowsPowerShell\v1.0\;C:\WINDOWS\System32\OpenSSH\;C:\Program Files\Git\cmd;C:\ProgramData\chocolatey\bin;C:\Program Files\nodejs\;C:\Program Files\Amazon\AWSCLIV2\;C:\Users\DLCH\AppData\Local\Android\Sdk\platform-tools;C:\Users\DLCH\AppData\Local\Android\Sdk\tools;C:\Users\DLCH\AppData\Local\Android\Sdk\cmdline-tools\latest\bin;C:\Users\DLCH\AppData\Local\Programs\Python\Python310\Scripts;C:\Users\DLCH\AppData\Local\Programs\Python\Python310;C:\Users\DLCH\AppData\Local\Programs\Python\Launcher\;C:\Users\DLCH\AppData\Local\Microsoft\WindowsApps;C:\Users\DLCH\AppData\Local\Programs\Microsoft VS Code\bin;C:\Winutils\bin;C:\SPARK\spark-3.4.4-bin-hadoop3\bin;C:\Users\DLCH\AppData\Roaming\npm;C:\Program Files\nodejs\;
USERNAME=DLCH
OS=Windows_NT
PROCESSOR_IDENTIFIER=AMD64 Family 23 Model 96 Stepping 1, AuthenticAMD
TMP=C:\Users\DLCH\AppData\Local\Temp
TEMP=C:\Users\DLCH\AppData\Local\Temp



Periodic native trim disabled


---------------  S Y S T E M  ---------------

OS:
 Windows 11 , 64 bit Build 26100 (10.0.26100.3037)
OS uptime: 0 days 2:17 hours

CPU: total 12 (initial active 12) (12 cores per cpu, 2 threads per core) family 23 model 96 stepping 1 microcode 0x8600106, cx8, cmov, fxsr, ht, mmx, 3dnowpref, sse, sse2, sse3, ssse3, sse4a, sse4.1, sse4.2, popcnt, lzcnt, tsc, tscinvbit, avx, avx2, aes, clmul, bmi1, bmi2, adx, sha, fma, vzeroupper, clflush, clflushopt
Processor Information for the first 12 processors :
  Max Mhz: 3000, Current Mhz: 3000, Mhz Limit: 3000

Memory: 4k page, system-wide physical 15741M (4M free)
TotalPageFile size 64893M (AvailPageFile size 77M)
current process WorkingSet (physical memory assigned to process): 28M, peak: 188M
current process commit charge ("private bytes"): 417M, peak: 428M

vm_info: OpenJDK 64-Bit Server VM (17.0.13+11-LTS) for windows-amd64 JRE (17.0.13+11-LTS), built on Oct 11 2024 23:25:05 by "MicrosoftCorporation" with unknown MS VC++:1939

END.
