#
# There is insufficient memory for the Java Runtime Environment to continue.
# Native memory allocation (malloc) failed to allocate 1981296 bytes. Error detail: Chunk::new
# Possible reasons:
#   The system is out of physical RAM or swap space
#   This process is running with CompressedOops enabled, and the Java Heap may be blocking the growth of the native heap
# Possible solutions:
#   Reduce memory load on the system
#   Increase physical memory or swap space
#   Check if swap backing store is full
#   Decrease Java heap size (-Xmx/-Xms)
#   Decrease number of Java threads
#   Decrease Java thread stack sizes (-Xss)
#   Set larger code cache with -XX:ReservedCodeCacheSize=
#   JVM is running with Unscaled Compressed Oops mode in which the Java heap is
#     placed in the first 4GB address space. The Java Heap base address is the
#     maximum limit for the native heap growth. Please use -XX:HeapBaseMinAddress
#     to set the Java Heap base and to place the Java Heap above 4GB virtual address.
# This output file may be truncated or incomplete.
#
#  Out of Memory Error (arena.cpp:191), pid=35760, tid=26020
#
# JRE version: OpenJDK Runtime Environment Microsoft-10376486 (17.0.13+11) (build 17.0.13+11-LTS)
# Java VM: OpenJDK 64-Bit Server VM Microsoft-10376486 (17.0.13+11-LTS, mixed mode, sharing, tiered, compressed oops, compressed class ptrs, g1 gc, windows-amd64)
# No core dump will be written. Minidumps are not enabled by default on client versions of Windows
#

---------------  S U M M A R Y ------------

Command Line: --add-opens=java.base/java.lang=ALL-UNNAMED --add-opens=java.base/java.lang.invoke=ALL-UNNAMED --add-opens=java.base/java.util=ALL-UNNAMED --add-opens=java.prefs/java.util.prefs=ALL-UNNAMED --add-exports=jdk.compiler/com.sun.tools.javac.api=ALL-UNNAMED --add-exports=jdk.compiler/com.sun.tools.javac.util=ALL-UNNAMED --add-opens=java.base/java.util=ALL-UNNAMED --add-opens=java.prefs/java.util.prefs=ALL-UNNAMED --add-opens=java.base/java.nio.charset=ALL-UNNAMED --add-opens=java.base/java.net=ALL-UNNAMED --add-opens=java.base/java.util.concurrent.atomic=ALL-UNNAMED --add-opens=java.xml/javax.xml.namespace=ALL-UNNAMED -XX:MaxMetaspaceSize=384m -XX:+HeapDumpOnOutOfMemoryError -Xms256m -Xmx512m -Dfile.encoding=UTF-8 -Duser.country=US -Duser.language=en -Duser.variant -javaagent:C:\Users\DLCH\.gradle\wrapper\dists\gradle-8.12.1-bin\eumc4uhoysa37zql93vfjkxy0\gradle-8.12.1\lib\agents\gradle-instrumentation-agent-8.12.1.jar org.gradle.launcher.daemon.bootstrap.GradleDaemon 8.12.1

Host: AMD Ryzen 5 4600H with Radeon Graphics         , 12 cores, 15G,  Windows 11 , 64 bit Build 26100 (10.0.26100.3037)
Time: Thu Feb 20 16:30:35 2025 SE Asia Standard Time elapsed time: 478.752184 seconds (0d 0h 7m 58s)

---------------  T H R E A D  ---------------

Current thread (0x00000244368eeed0):  JavaThread "C2 CompilerThread0" daemon [_thread_in_native, id=26020, stack(0x000000bb9ff00000,0x000000bba0000000)]


Current CompileTask:
C2: 478752 4647       4       org.codehaus.groovy.runtime.metaclass.MetaMethodIndex::addMethodToList (128 bytes)

Stack: [0x000000bb9ff00000,0x000000bba0000000]
Native frames: (J=compiled Java code, j=interpreted, Vv=VM code, C=native code)
V  [jvm.dll+0x687fc9]
V  [jvm.dll+0x83eeb8]
V  [jvm.dll+0x840963]
V  [jvm.dll+0x840fd3]
V  [jvm.dll+0x24951f]
V  [jvm.dll+0xad0c4]
V  [jvm.dll+0xad75c]
V  [jvm.dll+0x36aaaf]
V  [jvm.dll+0x335153]
V  [jvm.dll+0x3345ea]
V  [jvm.dll+0x21a748]
V  [jvm.dll+0x219b7f]
V  [jvm.dll+0x1a5506]
V  [jvm.dll+0x22a1ca]
V  [jvm.dll+0x22830b]
V  [jvm.dll+0x7f4708]
V  [jvm.dll+0x7eea6c]
V  [jvm.dll+0x686ea7]
C  [ucrtbase.dll+0x37b0]
C  [KERNEL32.DLL+0x2e8d7]
C  [ntdll.dll+0xbbf2c]


---------------  P R O C E S S  ---------------

Threads class SMR info:
_java_thread_list=0x00000244524814d0, length=35, elements={
0x000002441b8e8bc0, 0x00000244368d29c0, 0x00000244368d4000, 0x00000244368e6420,
0x00000244368ead10, 0x00000244368eb5e0, 0x00000244368ebeb0, 0x00000244368eeed0,
0x000002443691ea50, 0x000002443695b700, 0x00000244368b7170, 0x0000024436aecf20,
0x0000024450c554b0, 0x0000024436bd3220, 0x0000024436b05640, 0x00000244508827d0,
0x0000024450977020, 0x0000024436a0d680, 0x0000024436a0b820, 0x0000024436a0c240,
0x0000024436a0c750, 0x0000024436a0efd0, 0x0000024436a0eac0, 0x0000024436a0e5b0,
0x0000024436a0e0a0, 0x0000024436a0db90, 0x0000024451c65ef0, 0x0000024451c64090,
0x0000024451c645a0, 0x0000024451c64ab0, 0x0000024451c64fc0, 0x0000024451c66400,
0x0000024451c63670, 0x0000024451c63160, 0x0000024451c659e0
}

Java Threads: ( => current thread )
  0x000002441b8e8bc0 JavaThread "main" [_thread_blocked, id=29648, stack(0x000000bb9f200000,0x000000bb9f300000)]
  0x00000244368d29c0 JavaThread "Reference Handler" daemon [_thread_blocked, id=36108, stack(0x000000bb9f900000,0x000000bb9fa00000)]
  0x00000244368d4000 JavaThread "Finalizer" daemon [_thread_blocked, id=36316, stack(0x000000bb9fa00000,0x000000bb9fb00000)]
  0x00000244368e6420 JavaThread "Signal Dispatcher" daemon [_thread_blocked, id=36332, stack(0x000000bb9fb00000,0x000000bb9fc00000)]
  0x00000244368ead10 JavaThread "Attach Listener" daemon [_thread_blocked, id=36320, stack(0x000000bb9fc00000,0x000000bb9fd00000)]
  0x00000244368eb5e0 JavaThread "Service Thread" daemon [_thread_blocked, id=36308, stack(0x000000bb9fd00000,0x000000bb9fe00000)]
  0x00000244368ebeb0 JavaThread "Monitor Deflation Thread" daemon [_thread_blocked, id=36296, stack(0x000000bb9fe00000,0x000000bb9ff00000)]
=>0x00000244368eeed0 JavaThread "C2 CompilerThread0" daemon [_thread_in_native, id=26020, stack(0x000000bb9ff00000,0x000000bba0000000)]
  0x000002443691ea50 JavaThread "C1 CompilerThread0" daemon [_thread_blocked, id=34536, stack(0x000000bba0000000,0x000000bba0100000)]
  0x000002443695b700 JavaThread "Sweeper thread" daemon [_thread_blocked, id=20268, stack(0x000000bba0100000,0x000000bba0200000)]
  0x00000244368b7170 JavaThread "Common-Cleaner" daemon [_thread_blocked, id=36288, stack(0x000000bba0200000,0x000000bba0300000)]
  0x0000024436aecf20 JavaThread "Notification Thread" daemon [_thread_blocked, id=27872, stack(0x000000bba0300000,0x000000bba0400000)]
  0x0000024450c554b0 JavaThread "Daemon health stats" [_thread_blocked, id=37416, stack(0x000000bba0a00000,0x000000bba0b00000)]
  0x0000024436bd3220 JavaThread "Incoming local TCP Connector on port 54143" [_thread_in_native, id=24200, stack(0x000000bba0b00000,0x000000bba0c00000)]
  0x0000024436b05640 JavaThread "Daemon periodic checks" [_thread_blocked, id=38676, stack(0x000000bba0c00000,0x000000bba0d00000)]
  0x00000244508827d0 JavaThread "Daemon" [_thread_blocked, id=34088, stack(0x000000bba0d00000,0x000000bba0e00000)]
  0x0000024450977020 JavaThread "Handler for socket connection from /127.0.0.1:54143 to /127.0.0.1:54147" [_thread_in_native, id=38328, stack(0x000000bba0e00000,0x000000bba0f00000)]
  0x0000024436a0d680 JavaThread "Cancel handler" [_thread_blocked, id=25940, stack(0x000000bba0f00000,0x000000bba1000000)]
  0x0000024436a0b820 JavaThread "Daemon worker" [_thread_in_Java, id=31996, stack(0x000000bba1000000,0x000000bba1100000)]
  0x0000024436a0c240 JavaThread "Asynchronous log dispatcher for DefaultDaemonConnection: socket connection from /127.0.0.1:54143 to /127.0.0.1:54147" [_thread_blocked, id=20428, stack(0x000000bba1100000,0x000000bba1200000)]
  0x0000024436a0c750 JavaThread "Stdin handler" [_thread_blocked, id=24516, stack(0x000000bba1200000,0x000000bba1300000)]
  0x0000024436a0efd0 JavaThread "Daemon client event forwarder" [_thread_blocked, id=12296, stack(0x000000bba1300000,0x000000bba1400000)]
  0x0000024436a0eac0 JavaThread "Cache worker for journal cache (C:\Users\DLCH\.gradle\caches\journal-1)" [_thread_blocked, id=32212, stack(0x000000bba1400000,0x000000bba1500000)]
  0x0000024436a0e5b0 JavaThread "File lock request listener" [_thread_in_native, id=37168, stack(0x000000bba1500000,0x000000bba1600000)]
  0x0000024436a0e0a0 JavaThread "Cache worker for file hash cache (C:\Users\DLCH\.gradle\caches\8.12.1\fileHashes)" [_thread_blocked, id=41144, stack(0x000000bb9f000000,0x000000bb9f100000)]
  0x0000024436a0db90 JavaThread "Cache worker for file hash cache (D:\KTPM_CardioTrackPharmacy\CardioTrackBackend\APIGateway\.gradle\8.12.1\fileHashes)" [_thread_blocked, id=37120, stack(0x000000bba1800000,0x000000bba1900000)]
  0x0000024451c65ef0 JavaThread "Cache worker for Build Output Cleanup Cache (D:\KTPM_CardioTrackPharmacy\CardioTrackBackend\APIGateway\.gradle\buildOutputCleanup)" [_thread_blocked, id=37344, stack(0x000000bba1900000,0x000000bba1a00000)]
  0x0000024451c64090 JavaThread "File watcher server" daemon [_thread_in_native, id=35536, stack(0x000000bba1f00000,0x000000bba2000000)]
  0x0000024451c645a0 JavaThread "File watcher consumer" daemon [_thread_blocked, id=42524, stack(0x000000bba2000000,0x000000bba2100000)]
  0x0000024451c64ab0 JavaThread "jar transforms" [_thread_blocked, id=43916, stack(0x000000bba2200000,0x000000bba2300000)]
  0x0000024451c64fc0 JavaThread "jar transforms Thread 2" [_thread_blocked, id=37128, stack(0x000000bba1600000,0x000000bba1700000)]
  0x0000024451c66400 JavaThread "Cache worker for checksums cache (D:\KTPM_CardioTrackPharmacy\CardioTrackBackend\APIGateway\.gradle\8.12.1\checksums)" [_thread_blocked, id=6848, stack(0x000000bba1700000,0x000000bba1800000)]
  0x0000024451c63670 JavaThread "Cache worker for file content cache (C:\Users\DLCH\.gradle\caches\8.12.1\fileContent)" [_thread_blocked, id=27320, stack(0x000000bba2100000,0x000000bba2200000)]
  0x0000024451c63160 JavaThread "File lock release action executor Thread 3" [_thread_blocked, id=34004, stack(0x000000bb9ef00000,0x000000bb9f000000)]
  0x0000024451c659e0 JavaThread "jar transforms Thread 3" [_thread_blocked, id=37692, stack(0x000000bba2300000,0x000000bba2400000)]

Other Threads:
  0x00000244368cea40 VMThread "VM Thread" [stack: 0x000000bb9f800000,0x000000bb9f900000] [id=28040]
  0x000002441b8e9850 WatcherThread [stack: 0x000000bba0400000,0x000000bba0500000] [id=36752]
  0x000002441b9198e0 GCTaskThread "GC Thread#0" [stack: 0x000000bb9f300000,0x000000bb9f400000] [id=34756]
  0x00000244503a04e0 GCTaskThread "GC Thread#1" [stack: 0x000000bba0500000,0x000000bba0600000] [id=37524]
  0x00000244503a07a0 GCTaskThread "GC Thread#2" [stack: 0x000000bba0600000,0x000000bba0700000] [id=37528]
  0x0000024450448710 GCTaskThread "GC Thread#3" [stack: 0x000000bba0700000,0x000000bba0800000] [id=37532]
  0x00000244504489d0 GCTaskThread "GC Thread#4" [stack: 0x000000bba0800000,0x000000bba0900000] [id=37536]
  0x0000024450448c90 GCTaskThread "GC Thread#5" [stack: 0x000000bba0900000,0x000000bba0a00000] [id=37540]
  0x0000024451e11150 GCTaskThread "GC Thread#6" [stack: 0x000000bb9f100000,0x000000bb9f200000] [id=42424]
  0x0000024451e11c50 GCTaskThread "GC Thread#7" [stack: 0x000000bba1a00000,0x000000bba1b00000] [id=42236]
  0x0000024451e11f10 GCTaskThread "GC Thread#8" [stack: 0x000000bba1b00000,0x000000bba1c00000] [id=42520]
  0x0000024451e116d0 GCTaskThread "GC Thread#9" [stack: 0x000000bba1c00000,0x000000bba1d00000] [id=34468]
  0x000002441b91e740 ConcurrentGCThread "G1 Main Marker" [stack: 0x000000bb9f400000,0x000000bb9f500000] [id=31812]
  0x000002441b920080 ConcurrentGCThread "G1 Conc#0" [stack: 0x000000bb9f500000,0x000000bb9f600000] [id=27236]
  0x0000024451e11410 ConcurrentGCThread "G1 Conc#1" [stack: 0x000000bba1d00000,0x000000bba1e00000] [id=31680]
  0x0000024451e10e90 ConcurrentGCThread "G1 Conc#2" [stack: 0x000000bba1e00000,0x000000bba1f00000] [id=26876]
  0x000002441b99e270 ConcurrentGCThread "G1 Refine#0" [stack: 0x000000bb9f600000,0x000000bb9f700000] [id=30412]
  0x000002441b99ebb0 ConcurrentGCThread "G1 Service" [stack: 0x000000bb9f700000,0x000000bb9f800000] [id=29064]

Threads with active compile tasks:
C2 CompilerThread0   478799 4647       4       org.codehaus.groovy.runtime.metaclass.MetaMethodIndex::addMethodToList (128 bytes)

VM state: not at safepoint (normal execution)

VM Mutex/Monitor currently owned by a thread: None

Heap address: 0x00000000e0000000, size: 512 MB, Compressed Oops mode: 32-bit

CDS archive(s) mapped at: [0x0000024437000000-0x0000024437bb0000-0x0000024437bb0000), size 12255232, SharedBaseAddress: 0x0000024437000000, ArchiveRelocationMode: 1.
Compressed class space mapped at: 0x0000024438000000-0x000002444c000000, reserved size: 335544320
Narrow klass base: 0x0000024437000000, Narrow klass shift: 0, Narrow klass range: 0x100000000

GC Precious Log:
 CPUs: 12 total, 12 available
 Memory: 15741M
 Large Page Support: Disabled
 NUMA Support: Disabled
 Compressed Oops: Enabled (32-bit)
 Heap Region Size: 1M
 Heap Min Capacity: 256M
 Heap Initial Capacity: 256M
 Heap Max Capacity: 512M
 Pre-touch: Disabled
 Parallel Workers: 10
 Concurrent Workers: 3
 Concurrent Refinement Workers: 10
 Periodic GC: Disabled

Heap:
 garbage-first heap   total 262144K, used 164271K [0x00000000e0000000, 0x0000000100000000)
  region size 1024K, 146 young (149504K), 12 survivors (12288K)
 Metaspace       used 33308K, committed 33664K, reserved 393216K
  class space    used 4549K, committed 4736K, reserved 327680K

Heap Regions: E=young(eden), S=young(survivor), O=old, HS=humongous(starts), HC=humongous(continues), CS=collection set, F=free, OA=open archive, CA=closed archive, TAMS=top-at-mark-start (previous, next)
|   0|0x00000000e0000000, 0x00000000e0100000, 0x00000000e0100000|100%| O|  |TAMS 0x00000000e0100000, 0x00000000e0000000| Untracked 
|   1|0x00000000e0100000, 0x00000000e0200000, 0x00000000e0200000|100%|HS|  |TAMS 0x00000000e0200000, 0x00000000e0100000| Complete 
|   2|0x00000000e0200000, 0x00000000e0300000, 0x00000000e0300000|100%|HC|  |TAMS 0x00000000e0300000, 0x00000000e0200000| Complete 
|   3|0x00000000e0300000, 0x00000000e0400000, 0x00000000e0400000|100%|HC|  |TAMS 0x00000000e0400000, 0x00000000e0300000| Complete 
|   4|0x00000000e0400000, 0x00000000e0500000, 0x00000000e0500000|100%| O|  |TAMS 0x00000000e0500000, 0x00000000e0400000| Untracked 
|   5|0x00000000e0500000, 0x00000000e0600000, 0x00000000e0600000|100%| O|  |TAMS 0x00000000e0600000, 0x00000000e0500000| Untracked 
|   6|0x00000000e0600000, 0x00000000e0700000, 0x00000000e0700000|100%| O|  |TAMS 0x00000000e0700000, 0x00000000e0600000| Untracked 
|   7|0x00000000e0700000, 0x00000000e0800000, 0x00000000e0800000|100%|HS|  |TAMS 0x00000000e0800000, 0x00000000e0700000| Complete 
|   8|0x00000000e0800000, 0x00000000e0900000, 0x00000000e0900000|100%|HS|  |TAMS 0x00000000e0800000, 0x00000000e0800000| Complete 
|   9|0x00000000e0900000, 0x00000000e0a00000, 0x00000000e0a00000|100%| O|  |TAMS 0x00000000e0a00000, 0x00000000e0900000| Untracked 
|  10|0x00000000e0a00000, 0x00000000e0b00000, 0x00000000e0b00000|100%| O|  |TAMS 0x00000000e0b00000, 0x00000000e0a00000| Untracked 
|  11|0x00000000e0b00000, 0x00000000e0c00000, 0x00000000e0c00000|100%| O|  |TAMS 0x00000000e0c00000, 0x00000000e0b00000| Untracked 
|  12|0x00000000e0c00000, 0x00000000e0cf4c00, 0x00000000e0d00000| 95%| O|  |TAMS 0x00000000e0cf4c00, 0x00000000e0c00000| Untracked 
|  13|0x00000000e0d00000, 0x00000000e0e00000, 0x00000000e0e00000|100%|HS|  |TAMS 0x00000000e0d00000, 0x00000000e0d00000| Complete 
|  14|0x00000000e0e00000, 0x00000000e0f00000, 0x00000000e0f00000|100%|HC|  |TAMS 0x00000000e0e00000, 0x00000000e0e00000| Complete 
|  15|0x00000000e0f00000, 0x00000000e1000000, 0x00000000e1000000|100%|HS|  |TAMS 0x00000000e0f00000, 0x00000000e0f00000| Complete 
|  16|0x00000000e1000000, 0x00000000e1100000, 0x00000000e1100000|100%|HC|  |TAMS 0x00000000e1000000, 0x00000000e1000000| Complete 
|  17|0x00000000e1100000, 0x00000000e1100000, 0x00000000e1200000|  0%| F|  |TAMS 0x00000000e1100000, 0x00000000e1100000| Untracked 
|  18|0x00000000e1200000, 0x00000000e1200000, 0x00000000e1300000|  0%| F|  |TAMS 0x00000000e1200000, 0x00000000e1200000| Untracked 
|  19|0x00000000e1300000, 0x00000000e1300000, 0x00000000e1400000|  0%| F|  |TAMS 0x00000000e1300000, 0x00000000e1300000| Untracked 
|  20|0x00000000e1400000, 0x00000000e1400000, 0x00000000e1500000|  0%| F|  |TAMS 0x00000000e1400000, 0x00000000e1400000| Untracked 
|  21|0x00000000e1500000, 0x00000000e1500000, 0x00000000e1600000|  0%| F|  |TAMS 0x00000000e1500000, 0x00000000e1500000| Untracked 
|  22|0x00000000e1600000, 0x00000000e1600000, 0x00000000e1700000|  0%| F|  |TAMS 0x00000000e1600000, 0x00000000e1600000| Untracked 
|  23|0x00000000e1700000, 0x00000000e1700000, 0x00000000e1800000|  0%| F|  |TAMS 0x00000000e1700000, 0x00000000e1700000| Untracked 
|  24|0x00000000e1800000, 0x00000000e1800000, 0x00000000e1900000|  0%| F|  |TAMS 0x00000000e1800000, 0x00000000e1800000| Untracked 
|  25|0x00000000e1900000, 0x00000000e1900000, 0x00000000e1a00000|  0%| F|  |TAMS 0x00000000e1900000, 0x00000000e1900000| Untracked 
|  26|0x00000000e1a00000, 0x00000000e1a00000, 0x00000000e1b00000|  0%| F|  |TAMS 0x00000000e1a00000, 0x00000000e1a00000| Untracked 
|  27|0x00000000e1b00000, 0x00000000e1b00000, 0x00000000e1c00000|  0%| F|  |TAMS 0x00000000e1b00000, 0x00000000e1b00000| Untracked 
|  28|0x00000000e1c00000, 0x00000000e1c00000, 0x00000000e1d00000|  0%| F|  |TAMS 0x00000000e1c00000, 0x00000000e1c00000| Untracked 
|  29|0x00000000e1d00000, 0x00000000e1d00000, 0x00000000e1e00000|  0%| F|  |TAMS 0x00000000e1d00000, 0x00000000e1d00000| Untracked 
|  30|0x00000000e1e00000, 0x00000000e1e00000, 0x00000000e1f00000|  0%| F|  |TAMS 0x00000000e1e00000, 0x00000000e1e00000| Untracked 
|  31|0x00000000e1f00000, 0x00000000e1f00000, 0x00000000e2000000|  0%| F|  |TAMS 0x00000000e1f00000, 0x00000000e1f00000| Untracked 
|  32|0x00000000e2000000, 0x00000000e2000000, 0x00000000e2100000|  0%| F|  |TAMS 0x00000000e2000000, 0x00000000e2000000| Untracked 
|  33|0x00000000e2100000, 0x00000000e2100000, 0x00000000e2200000|  0%| F|  |TAMS 0x00000000e2100000, 0x00000000e2100000| Untracked 
|  34|0x00000000e2200000, 0x00000000e2200000, 0x00000000e2300000|  0%| F|  |TAMS 0x00000000e2200000, 0x00000000e2200000| Untracked 
|  35|0x00000000e2300000, 0x00000000e2300000, 0x00000000e2400000|  0%| F|  |TAMS 0x00000000e2300000, 0x00000000e2300000| Untracked 
|  36|0x00000000e2400000, 0x00000000e2400000, 0x00000000e2500000|  0%| F|  |TAMS 0x00000000e2400000, 0x00000000e2400000| Untracked 
|  37|0x00000000e2500000, 0x00000000e2500000, 0x00000000e2600000|  0%| F|  |TAMS 0x00000000e2500000, 0x00000000e2500000| Untracked 
|  38|0x00000000e2600000, 0x00000000e2600000, 0x00000000e2700000|  0%| F|  |TAMS 0x00000000e2600000, 0x00000000e2600000| Untracked 
|  39|0x00000000e2700000, 0x00000000e2700000, 0x00000000e2800000|  0%| F|  |TAMS 0x00000000e2700000, 0x00000000e2700000| Untracked 
|  40|0x00000000e2800000, 0x00000000e2800000, 0x00000000e2900000|  0%| F|  |TAMS 0x00000000e2800000, 0x00000000e2800000| Untracked 
|  41|0x00000000e2900000, 0x00000000e2900000, 0x00000000e2a00000|  0%| F|  |TAMS 0x00000000e2900000, 0x00000000e2900000| Untracked 
|  42|0x00000000e2a00000, 0x00000000e2a00000, 0x00000000e2b00000|  0%| F|  |TAMS 0x00000000e2a00000, 0x00000000e2a00000| Untracked 
|  43|0x00000000e2b00000, 0x00000000e2b00000, 0x00000000e2c00000|  0%| F|  |TAMS 0x00000000e2b00000, 0x00000000e2b00000| Untracked 
|  44|0x00000000e2c00000, 0x00000000e2c00000, 0x00000000e2d00000|  0%| F|  |TAMS 0x00000000e2c00000, 0x00000000e2c00000| Untracked 
|  45|0x00000000e2d00000, 0x00000000e2d00000, 0x00000000e2e00000|  0%| F|  |TAMS 0x00000000e2d00000, 0x00000000e2d00000| Untracked 
|  46|0x00000000e2e00000, 0x00000000e2e00000, 0x00000000e2f00000|  0%| F|  |TAMS 0x00000000e2e00000, 0x00000000e2e00000| Untracked 
|  47|0x00000000e2f00000, 0x00000000e2f00000, 0x00000000e3000000|  0%| F|  |TAMS 0x00000000e2f00000, 0x00000000e2f00000| Untracked 
|  48|0x00000000e3000000, 0x00000000e3000000, 0x00000000e3100000|  0%| F|  |TAMS 0x00000000e3000000, 0x00000000e3000000| Untracked 
|  49|0x00000000e3100000, 0x00000000e3100000, 0x00000000e3200000|  0%| F|  |TAMS 0x00000000e3100000, 0x00000000e3100000| Untracked 
|  50|0x00000000e3200000, 0x00000000e3200000, 0x00000000e3300000|  0%| F|  |TAMS 0x00000000e3200000, 0x00000000e3200000| Untracked 
|  51|0x00000000e3300000, 0x00000000e3300000, 0x00000000e3400000|  0%| F|  |TAMS 0x00000000e3300000, 0x00000000e3300000| Untracked 
|  52|0x00000000e3400000, 0x00000000e3400000, 0x00000000e3500000|  0%| F|  |TAMS 0x00000000e3400000, 0x00000000e3400000| Untracked 
|  53|0x00000000e3500000, 0x00000000e3500000, 0x00000000e3600000|  0%| F|  |TAMS 0x00000000e3500000, 0x00000000e3500000| Untracked 
|  54|0x00000000e3600000, 0x00000000e3600000, 0x00000000e3700000|  0%| F|  |TAMS 0x00000000e3600000, 0x00000000e3600000| Untracked 
|  55|0x00000000e3700000, 0x00000000e3700000, 0x00000000e3800000|  0%| F|  |TAMS 0x00000000e3700000, 0x00000000e3700000| Untracked 
|  56|0x00000000e3800000, 0x00000000e3800000, 0x00000000e3900000|  0%| F|  |TAMS 0x00000000e3800000, 0x00000000e3800000| Untracked 
|  57|0x00000000e3900000, 0x00000000e3900000, 0x00000000e3a00000|  0%| F|  |TAMS 0x00000000e3900000, 0x00000000e3900000| Untracked 
|  58|0x00000000e3a00000, 0x00000000e3a00000, 0x00000000e3b00000|  0%| F|  |TAMS 0x00000000e3a00000, 0x00000000e3a00000| Untracked 
|  59|0x00000000e3b00000, 0x00000000e3b00000, 0x00000000e3c00000|  0%| F|  |TAMS 0x00000000e3b00000, 0x00000000e3b00000| Untracked 
|  60|0x00000000e3c00000, 0x00000000e3c00000, 0x00000000e3d00000|  0%| F|  |TAMS 0x00000000e3c00000, 0x00000000e3c00000| Untracked 
|  61|0x00000000e3d00000, 0x00000000e3d00000, 0x00000000e3e00000|  0%| F|  |TAMS 0x00000000e3d00000, 0x00000000e3d00000| Untracked 
|  62|0x00000000e3e00000, 0x00000000e3e00000, 0x00000000e3f00000|  0%| F|  |TAMS 0x00000000e3e00000, 0x00000000e3e00000| Untracked 
|  63|0x00000000e3f00000, 0x00000000e3f00000, 0x00000000e4000000|  0%| F|  |TAMS 0x00000000e3f00000, 0x00000000e3f00000| Untracked 
|  64|0x00000000e4000000, 0x00000000e4000000, 0x00000000e4100000|  0%| F|  |TAMS 0x00000000e4000000, 0x00000000e4000000| Untracked 
|  65|0x00000000e4100000, 0x00000000e4100000, 0x00000000e4200000|  0%| F|  |TAMS 0x00000000e4100000, 0x00000000e4100000| Untracked 
|  66|0x00000000e4200000, 0x00000000e4200000, 0x00000000e4300000|  0%| F|  |TAMS 0x00000000e4200000, 0x00000000e4200000| Untracked 
|  67|0x00000000e4300000, 0x00000000e4300000, 0x00000000e4400000|  0%| F|  |TAMS 0x00000000e4300000, 0x00000000e4300000| Untracked 
|  68|0x00000000e4400000, 0x00000000e4400000, 0x00000000e4500000|  0%| F|  |TAMS 0x00000000e4400000, 0x00000000e4400000| Untracked 
|  69|0x00000000e4500000, 0x00000000e4500000, 0x00000000e4600000|  0%| F|  |TAMS 0x00000000e4500000, 0x00000000e4500000| Untracked 
|  70|0x00000000e4600000, 0x00000000e4600000, 0x00000000e4700000|  0%| F|  |TAMS 0x00000000e4600000, 0x00000000e4600000| Untracked 
|  71|0x00000000e4700000, 0x00000000e4700000, 0x00000000e4800000|  0%| F|  |TAMS 0x00000000e4700000, 0x00000000e4700000| Untracked 
|  72|0x00000000e4800000, 0x00000000e4800000, 0x00000000e4900000|  0%| F|  |TAMS 0x00000000e4800000, 0x00000000e4800000| Untracked 
|  73|0x00000000e4900000, 0x00000000e4900000, 0x00000000e4a00000|  0%| F|  |TAMS 0x00000000e4900000, 0x00000000e4900000| Untracked 
|  74|0x00000000e4a00000, 0x00000000e4a00000, 0x00000000e4b00000|  0%| F|  |TAMS 0x00000000e4a00000, 0x00000000e4a00000| Untracked 
|  75|0x00000000e4b00000, 0x00000000e4b00000, 0x00000000e4c00000|  0%| F|  |TAMS 0x00000000e4b00000, 0x00000000e4b00000| Untracked 
|  76|0x00000000e4c00000, 0x00000000e4c00000, 0x00000000e4d00000|  0%| F|  |TAMS 0x00000000e4c00000, 0x00000000e4c00000| Untracked 
|  77|0x00000000e4d00000, 0x00000000e4d00000, 0x00000000e4e00000|  0%| F|  |TAMS 0x00000000e4d00000, 0x00000000e4d00000| Untracked 
|  78|0x00000000e4e00000, 0x00000000e4e00000, 0x00000000e4f00000|  0%| F|  |TAMS 0x00000000e4e00000, 0x00000000e4e00000| Untracked 
|  79|0x00000000e4f00000, 0x00000000e4f00000, 0x00000000e5000000|  0%| F|  |TAMS 0x00000000e4f00000, 0x00000000e4f00000| Untracked 
|  80|0x00000000e5000000, 0x00000000e5000000, 0x00000000e5100000|  0%| F|  |TAMS 0x00000000e5000000, 0x00000000e5000000| Untracked 
|  81|0x00000000e5100000, 0x00000000e5100000, 0x00000000e5200000|  0%| F|  |TAMS 0x00000000e5100000, 0x00000000e5100000| Untracked 
|  82|0x00000000e5200000, 0x00000000e5200000, 0x00000000e5300000|  0%| F|  |TAMS 0x00000000e5200000, 0x00000000e5200000| Untracked 
|  83|0x00000000e5300000, 0x00000000e5300000, 0x00000000e5400000|  0%| F|  |TAMS 0x00000000e5300000, 0x00000000e5300000| Untracked 
|  84|0x00000000e5400000, 0x00000000e5400000, 0x00000000e5500000|  0%| F|  |TAMS 0x00000000e5400000, 0x00000000e5400000| Untracked 
|  85|0x00000000e5500000, 0x00000000e5500000, 0x00000000e5600000|  0%| F|  |TAMS 0x00000000e5500000, 0x00000000e5500000| Untracked 
|  86|0x00000000e5600000, 0x00000000e5600000, 0x00000000e5700000|  0%| F|  |TAMS 0x00000000e5600000, 0x00000000e5600000| Untracked 
|  87|0x00000000e5700000, 0x00000000e5700000, 0x00000000e5800000|  0%| F|  |TAMS 0x00000000e5700000, 0x00000000e5700000| Untracked 
|  88|0x00000000e5800000, 0x00000000e5800000, 0x00000000e5900000|  0%| F|  |TAMS 0x00000000e5800000, 0x00000000e5800000| Untracked 
|  89|0x00000000e5900000, 0x00000000e5900000, 0x00000000e5a00000|  0%| F|  |TAMS 0x00000000e5900000, 0x00000000e5900000| Untracked 
|  90|0x00000000e5a00000, 0x00000000e5a00000, 0x00000000e5b00000|  0%| F|  |TAMS 0x00000000e5a00000, 0x00000000e5a00000| Untracked 
|  91|0x00000000e5b00000, 0x00000000e5b00000, 0x00000000e5c00000|  0%| F|  |TAMS 0x00000000e5b00000, 0x00000000e5b00000| Untracked 
|  92|0x00000000e5c00000, 0x00000000e5c00000, 0x00000000e5d00000|  0%| F|  |TAMS 0x00000000e5c00000, 0x00000000e5c00000| Untracked 
|  93|0x00000000e5d00000, 0x00000000e5d00000, 0x00000000e5e00000|  0%| F|  |TAMS 0x00000000e5d00000, 0x00000000e5d00000| Untracked 
|  94|0x00000000e5e00000, 0x00000000e5e00000, 0x00000000e5f00000|  0%| F|  |TAMS 0x00000000e5e00000, 0x00000000e5e00000| Untracked 
|  95|0x00000000e5f00000, 0x00000000e5f00000, 0x00000000e6000000|  0%| F|  |TAMS 0x00000000e5f00000, 0x00000000e5f00000| Untracked 
|  96|0x00000000e6000000, 0x00000000e6000000, 0x00000000e6100000|  0%| F|  |TAMS 0x00000000e6000000, 0x00000000e6000000| Untracked 
|  97|0x00000000e6100000, 0x00000000e6100000, 0x00000000e6200000|  0%| F|  |TAMS 0x00000000e6100000, 0x00000000e6100000| Untracked 
|  98|0x00000000e6200000, 0x00000000e6200000, 0x00000000e6300000|  0%| F|  |TAMS 0x00000000e6200000, 0x00000000e6200000| Untracked 
|  99|0x00000000e6300000, 0x00000000e6300000, 0x00000000e6400000|  0%| F|  |TAMS 0x00000000e6300000, 0x00000000e6300000| Untracked 
| 100|0x00000000e6400000, 0x00000000e6400000, 0x00000000e6500000|  0%| F|  |TAMS 0x00000000e6400000, 0x00000000e6400000| Untracked 
| 101|0x00000000e6500000, 0x00000000e6500000, 0x00000000e6600000|  0%| F|  |TAMS 0x00000000e6500000, 0x00000000e6500000| Untracked 
| 102|0x00000000e6600000, 0x00000000e6600000, 0x00000000e6700000|  0%| F|  |TAMS 0x00000000e6600000, 0x00000000e6600000| Untracked 
| 103|0x00000000e6700000, 0x00000000e6700000, 0x00000000e6800000|  0%| F|  |TAMS 0x00000000e6700000, 0x00000000e6700000| Untracked 
| 104|0x00000000e6800000, 0x00000000e6800000, 0x00000000e6900000|  0%| F|  |TAMS 0x00000000e6800000, 0x00000000e6800000| Untracked 
| 105|0x00000000e6900000, 0x00000000e6900000, 0x00000000e6a00000|  0%| F|  |TAMS 0x00000000e6900000, 0x00000000e6900000| Untracked 
| 106|0x00000000e6a00000, 0x00000000e6a00000, 0x00000000e6b00000|  0%| F|  |TAMS 0x00000000e6a00000, 0x00000000e6a00000| Untracked 
| 107|0x00000000e6b00000, 0x00000000e6b00000, 0x00000000e6c00000|  0%| F|  |TAMS 0x00000000e6b00000, 0x00000000e6b00000| Untracked 
| 108|0x00000000e6c00000, 0x00000000e6c00000, 0x00000000e6d00000|  0%| F|  |TAMS 0x00000000e6c00000, 0x00000000e6c00000| Untracked 
| 109|0x00000000e6d00000, 0x00000000e6d00000, 0x00000000e6e00000|  0%| F|  |TAMS 0x00000000e6d00000, 0x00000000e6d00000| Untracked 
| 110|0x00000000e6e00000, 0x00000000e6e80000, 0x00000000e6f00000| 50%| E|  |TAMS 0x00000000e6e00000, 0x00000000e6e00000| Complete 
| 111|0x00000000e6f00000, 0x00000000e7000000, 0x00000000e7000000|100%| E|CS|TAMS 0x00000000e6f00000, 0x00000000e6f00000| Complete 
| 112|0x00000000e7000000, 0x00000000e7100000, 0x00000000e7100000|100%| E|CS|TAMS 0x00000000e7000000, 0x00000000e7000000| Complete 
| 113|0x00000000e7100000, 0x00000000e7200000, 0x00000000e7200000|100%| E|CS|TAMS 0x00000000e7100000, 0x00000000e7100000| Complete 
| 114|0x00000000e7200000, 0x00000000e7300000, 0x00000000e7300000|100%| E|CS|TAMS 0x00000000e7200000, 0x00000000e7200000| Complete 
| 115|0x00000000e7300000, 0x00000000e7400000, 0x00000000e7400000|100%| E|CS|TAMS 0x00000000e7300000, 0x00000000e7300000| Complete 
| 116|0x00000000e7400000, 0x00000000e7500000, 0x00000000e7500000|100%| E|CS|TAMS 0x00000000e7400000, 0x00000000e7400000| Complete 
| 117|0x00000000e7500000, 0x00000000e7600000, 0x00000000e7600000|100%| E|CS|TAMS 0x00000000e7500000, 0x00000000e7500000| Complete 
| 118|0x00000000e7600000, 0x00000000e7700000, 0x00000000e7700000|100%| E|CS|TAMS 0x00000000e7600000, 0x00000000e7600000| Complete 
| 119|0x00000000e7700000, 0x00000000e7800000, 0x00000000e7800000|100%| E|CS|TAMS 0x00000000e7700000, 0x00000000e7700000| Complete 
| 120|0x00000000e7800000, 0x00000000e7900000, 0x00000000e7900000|100%| E|CS|TAMS 0x00000000e7800000, 0x00000000e7800000| Complete 
| 121|0x00000000e7900000, 0x00000000e7a00000, 0x00000000e7a00000|100%| E|CS|TAMS 0x00000000e7900000, 0x00000000e7900000| Complete 
| 122|0x00000000e7a00000, 0x00000000e7b00000, 0x00000000e7b00000|100%| E|CS|TAMS 0x00000000e7a00000, 0x00000000e7a00000| Complete 
| 123|0x00000000e7b00000, 0x00000000e7c00000, 0x00000000e7c00000|100%| E|CS|TAMS 0x00000000e7b00000, 0x00000000e7b00000| Complete 
| 124|0x00000000e7c00000, 0x00000000e7d00000, 0x00000000e7d00000|100%| E|CS|TAMS 0x00000000e7c00000, 0x00000000e7c00000| Complete 
| 125|0x00000000e7d00000, 0x00000000e7e00000, 0x00000000e7e00000|100%| E|CS|TAMS 0x00000000e7d00000, 0x00000000e7d00000| Complete 
| 126|0x00000000e7e00000, 0x00000000e7f00000, 0x00000000e7f00000|100%| E|CS|TAMS 0x00000000e7e00000, 0x00000000e7e00000| Complete 
| 127|0x00000000e7f00000, 0x00000000e8000000, 0x00000000e8000000|100%| E|CS|TAMS 0x00000000e7f00000, 0x00000000e7f00000| Complete 
| 128|0x00000000e8000000, 0x00000000e8100000, 0x00000000e8100000|100%| E|CS|TAMS 0x00000000e8000000, 0x00000000e8000000| Complete 
| 129|0x00000000e8100000, 0x00000000e8200000, 0x00000000e8200000|100%| E|CS|TAMS 0x00000000e8100000, 0x00000000e8100000| Complete 
| 130|0x00000000e8200000, 0x00000000e8300000, 0x00000000e8300000|100%| E|CS|TAMS 0x00000000e8200000, 0x00000000e8200000| Complete 
| 131|0x00000000e8300000, 0x00000000e8377240, 0x00000000e8400000| 46%| S|CS|TAMS 0x00000000e8300000, 0x00000000e8300000| Complete 
| 132|0x00000000e8400000, 0x00000000e8500000, 0x00000000e8500000|100%| S|CS|TAMS 0x00000000e8400000, 0x00000000e8400000| Complete 
| 133|0x00000000e8500000, 0x00000000e8600000, 0x00000000e8600000|100%| S|CS|TAMS 0x00000000e8500000, 0x00000000e8500000| Complete 
| 134|0x00000000e8600000, 0x00000000e8700000, 0x00000000e8700000|100%| S|CS|TAMS 0x00000000e8600000, 0x00000000e8600000| Complete 
| 135|0x00000000e8700000, 0x00000000e8800000, 0x00000000e8800000|100%| S|CS|TAMS 0x00000000e8700000, 0x00000000e8700000| Complete 
| 136|0x00000000e8800000, 0x00000000e8900000, 0x00000000e8900000|100%| S|CS|TAMS 0x00000000e8800000, 0x00000000e8800000| Complete 
| 137|0x00000000e8900000, 0x00000000e8a00000, 0x00000000e8a00000|100%| S|CS|TAMS 0x00000000e8900000, 0x00000000e8900000| Complete 
| 138|0x00000000e8a00000, 0x00000000e8b00000, 0x00000000e8b00000|100%| S|CS|TAMS 0x00000000e8a00000, 0x00000000e8a00000| Complete 
| 139|0x00000000e8b00000, 0x00000000e8c00000, 0x00000000e8c00000|100%| S|CS|TAMS 0x00000000e8b00000, 0x00000000e8b00000| Complete 
| 140|0x00000000e8c00000, 0x00000000e8d00000, 0x00000000e8d00000|100%| S|CS|TAMS 0x00000000e8c00000, 0x00000000e8c00000| Complete 
| 141|0x00000000e8d00000, 0x00000000e8e00000, 0x00000000e8e00000|100%| S|CS|TAMS 0x00000000e8d00000, 0x00000000e8d00000| Complete 
| 142|0x00000000e8e00000, 0x00000000e8f00000, 0x00000000e8f00000|100%| S|CS|TAMS 0x00000000e8e00000, 0x00000000e8e00000| Complete 
| 143|0x00000000e8f00000, 0x00000000e9000000, 0x00000000e9000000|100%| E|CS|TAMS 0x00000000e8f00000, 0x00000000e8f00000| Complete 
| 144|0x00000000e9000000, 0x00000000e9100000, 0x00000000e9100000|100%| E|CS|TAMS 0x00000000e9000000, 0x00000000e9000000| Complete 
| 145|0x00000000e9100000, 0x00000000e9200000, 0x00000000e9200000|100%| E|CS|TAMS 0x00000000e9100000, 0x00000000e9100000| Complete 
| 146|0x00000000e9200000, 0x00000000e9300000, 0x00000000e9300000|100%| E|CS|TAMS 0x00000000e9200000, 0x00000000e9200000| Complete 
| 147|0x00000000e9300000, 0x00000000e9400000, 0x00000000e9400000|100%| E|CS|TAMS 0x00000000e9300000, 0x00000000e9300000| Complete 
| 148|0x00000000e9400000, 0x00000000e9500000, 0x00000000e9500000|100%| E|CS|TAMS 0x00000000e9400000, 0x00000000e9400000| Complete 
| 149|0x00000000e9500000, 0x00000000e9600000, 0x00000000e9600000|100%| E|CS|TAMS 0x00000000e9500000, 0x00000000e9500000| Complete 
| 150|0x00000000e9600000, 0x00000000e9700000, 0x00000000e9700000|100%| E|CS|TAMS 0x00000000e9600000, 0x00000000e9600000| Complete 
| 151|0x00000000e9700000, 0x00000000e9800000, 0x00000000e9800000|100%| E|CS|TAMS 0x00000000e9700000, 0x00000000e9700000| Complete 
| 152|0x00000000e9800000, 0x00000000e9900000, 0x00000000e9900000|100%| E|CS|TAMS 0x00000000e9800000, 0x00000000e9800000| Complete 
| 153|0x00000000e9900000, 0x00000000e9a00000, 0x00000000e9a00000|100%| E|CS|TAMS 0x00000000e9900000, 0x00000000e9900000| Complete 
| 154|0x00000000e9a00000, 0x00000000e9b00000, 0x00000000e9b00000|100%| E|CS|TAMS 0x00000000e9a00000, 0x00000000e9a00000| Complete 
| 155|0x00000000e9b00000, 0x00000000e9c00000, 0x00000000e9c00000|100%| E|CS|TAMS 0x00000000e9b00000, 0x00000000e9b00000| Complete 
| 156|0x00000000e9c00000, 0x00000000e9d00000, 0x00000000e9d00000|100%| E|CS|TAMS 0x00000000e9c00000, 0x00000000e9c00000| Complete 
| 157|0x00000000e9d00000, 0x00000000e9e00000, 0x00000000e9e00000|100%| E|CS|TAMS 0x00000000e9d00000, 0x00000000e9d00000| Complete 
| 158|0x00000000e9e00000, 0x00000000e9f00000, 0x00000000e9f00000|100%| E|CS|TAMS 0x00000000e9e00000, 0x00000000e9e00000| Complete 
| 159|0x00000000e9f00000, 0x00000000ea000000, 0x00000000ea000000|100%| E|CS|TAMS 0x00000000e9f00000, 0x00000000e9f00000| Complete 
| 160|0x00000000ea000000, 0x00000000ea100000, 0x00000000ea100000|100%| E|CS|TAMS 0x00000000ea000000, 0x00000000ea000000| Complete 
| 161|0x00000000ea100000, 0x00000000ea200000, 0x00000000ea200000|100%| E|CS|TAMS 0x00000000ea100000, 0x00000000ea100000| Complete 
| 162|0x00000000ea200000, 0x00000000ea300000, 0x00000000ea300000|100%| E|CS|TAMS 0x00000000ea200000, 0x00000000ea200000| Complete 
| 163|0x00000000ea300000, 0x00000000ea400000, 0x00000000ea400000|100%| E|CS|TAMS 0x00000000ea300000, 0x00000000ea300000| Complete 
| 164|0x00000000ea400000, 0x00000000ea500000, 0x00000000ea500000|100%| E|CS|TAMS 0x00000000ea400000, 0x00000000ea400000| Complete 
| 165|0x00000000ea500000, 0x00000000ea600000, 0x00000000ea600000|100%| E|CS|TAMS 0x00000000ea500000, 0x00000000ea500000| Complete 
| 166|0x00000000ea600000, 0x00000000ea700000, 0x00000000ea700000|100%| E|CS|TAMS 0x00000000ea600000, 0x00000000ea600000| Complete 
| 167|0x00000000ea700000, 0x00000000ea800000, 0x00000000ea800000|100%| E|CS|TAMS 0x00000000ea700000, 0x00000000ea700000| Complete 
| 168|0x00000000ea800000, 0x00000000ea900000, 0x00000000ea900000|100%| E|CS|TAMS 0x00000000ea800000, 0x00000000ea800000| Complete 
| 169|0x00000000ea900000, 0x00000000eaa00000, 0x00000000eaa00000|100%| E|CS|TAMS 0x00000000ea900000, 0x00000000ea900000| Complete 
| 170|0x00000000eaa00000, 0x00000000eab00000, 0x00000000eab00000|100%| E|CS|TAMS 0x00000000eaa00000, 0x00000000eaa00000| Complete 
| 171|0x00000000eab00000, 0x00000000eac00000, 0x00000000eac00000|100%| E|CS|TAMS 0x00000000eab00000, 0x00000000eab00000| Complete 
| 172|0x00000000eac00000, 0x00000000ead00000, 0x00000000ead00000|100%| E|CS|TAMS 0x00000000eac00000, 0x00000000eac00000| Complete 
| 173|0x00000000ead00000, 0x00000000eae00000, 0x00000000eae00000|100%| E|CS|TAMS 0x00000000ead00000, 0x00000000ead00000| Complete 
| 174|0x00000000eae00000, 0x00000000eaf00000, 0x00000000eaf00000|100%| E|CS|TAMS 0x00000000eae00000, 0x00000000eae00000| Complete 
| 175|0x00000000eaf00000, 0x00000000eb000000, 0x00000000eb000000|100%| E|CS|TAMS 0x00000000eaf00000, 0x00000000eaf00000| Complete 
| 176|0x00000000eb000000, 0x00000000eb100000, 0x00000000eb100000|100%| E|CS|TAMS 0x00000000eb000000, 0x00000000eb000000| Complete 
| 177|0x00000000eb100000, 0x00000000eb200000, 0x00000000eb200000|100%| E|CS|TAMS 0x00000000eb100000, 0x00000000eb100000| Complete 
| 178|0x00000000eb200000, 0x00000000eb300000, 0x00000000eb300000|100%| E|CS|TAMS 0x00000000eb200000, 0x00000000eb200000| Complete 
| 179|0x00000000eb300000, 0x00000000eb400000, 0x00000000eb400000|100%| E|CS|TAMS 0x00000000eb300000, 0x00000000eb300000| Complete 
| 180|0x00000000eb400000, 0x00000000eb500000, 0x00000000eb500000|100%| E|CS|TAMS 0x00000000eb400000, 0x00000000eb400000| Complete 
| 181|0x00000000eb500000, 0x00000000eb600000, 0x00000000eb600000|100%| E|CS|TAMS 0x00000000eb500000, 0x00000000eb500000| Complete 
| 182|0x00000000eb600000, 0x00000000eb700000, 0x00000000eb700000|100%| E|CS|TAMS 0x00000000eb600000, 0x00000000eb600000| Complete 
| 183|0x00000000eb700000, 0x00000000eb800000, 0x00000000eb800000|100%| E|CS|TAMS 0x00000000eb700000, 0x00000000eb700000| Complete 
| 184|0x00000000eb800000, 0x00000000eb900000, 0x00000000eb900000|100%| E|CS|TAMS 0x00000000eb800000, 0x00000000eb800000| Complete 
| 185|0x00000000eb900000, 0x00000000eba00000, 0x00000000eba00000|100%| E|CS|TAMS 0x00000000eb900000, 0x00000000eb900000| Complete 
| 186|0x00000000eba00000, 0x00000000ebb00000, 0x00000000ebb00000|100%| E|CS|TAMS 0x00000000eba00000, 0x00000000eba00000| Complete 
| 187|0x00000000ebb00000, 0x00000000ebc00000, 0x00000000ebc00000|100%| E|CS|TAMS 0x00000000ebb00000, 0x00000000ebb00000| Complete 
| 188|0x00000000ebc00000, 0x00000000ebd00000, 0x00000000ebd00000|100%| E|CS|TAMS 0x00000000ebc00000, 0x00000000ebc00000| Complete 
| 189|0x00000000ebd00000, 0x00000000ebe00000, 0x00000000ebe00000|100%| E|CS|TAMS 0x00000000ebd00000, 0x00000000ebd00000| Complete 
| 190|0x00000000ebe00000, 0x00000000ebf00000, 0x00000000ebf00000|100%| E|CS|TAMS 0x00000000ebe00000, 0x00000000ebe00000| Complete 
| 191|0x00000000ebf00000, 0x00000000ec000000, 0x00000000ec000000|100%| E|CS|TAMS 0x00000000ebf00000, 0x00000000ebf00000| Complete 
| 192|0x00000000ec000000, 0x00000000ec100000, 0x00000000ec100000|100%| E|CS|TAMS 0x00000000ec000000, 0x00000000ec000000| Complete 
| 193|0x00000000ec100000, 0x00000000ec200000, 0x00000000ec200000|100%| E|CS|TAMS 0x00000000ec100000, 0x00000000ec100000| Complete 
| 194|0x00000000ec200000, 0x00000000ec300000, 0x00000000ec300000|100%| E|CS|TAMS 0x00000000ec200000, 0x00000000ec200000| Complete 
| 195|0x00000000ec300000, 0x00000000ec400000, 0x00000000ec400000|100%| E|CS|TAMS 0x00000000ec300000, 0x00000000ec300000| Complete 
| 196|0x00000000ec400000, 0x00000000ec500000, 0x00000000ec500000|100%| E|CS|TAMS 0x00000000ec400000, 0x00000000ec400000| Complete 
| 197|0x00000000ec500000, 0x00000000ec600000, 0x00000000ec600000|100%| E|CS|TAMS 0x00000000ec500000, 0x00000000ec500000| Complete 
| 198|0x00000000ec600000, 0x00000000ec700000, 0x00000000ec700000|100%| E|CS|TAMS 0x00000000ec600000, 0x00000000ec600000| Complete 
| 199|0x00000000ec700000, 0x00000000ec800000, 0x00000000ec800000|100%| E|CS|TAMS 0x00000000ec700000, 0x00000000ec700000| Complete 
| 200|0x00000000ec800000, 0x00000000ec900000, 0x00000000ec900000|100%| E|CS|TAMS 0x00000000ec800000, 0x00000000ec800000| Complete 
| 201|0x00000000ec900000, 0x00000000eca00000, 0x00000000eca00000|100%| E|CS|TAMS 0x00000000ec900000, 0x00000000ec900000| Complete 
| 202|0x00000000eca00000, 0x00000000ecb00000, 0x00000000ecb00000|100%| E|CS|TAMS 0x00000000eca00000, 0x00000000eca00000| Complete 
| 203|0x00000000ecb00000, 0x00000000ecc00000, 0x00000000ecc00000|100%| E|CS|TAMS 0x00000000ecb00000, 0x00000000ecb00000| Complete 
| 204|0x00000000ecc00000, 0x00000000ecd00000, 0x00000000ecd00000|100%| E|CS|TAMS 0x00000000ecc00000, 0x00000000ecc00000| Complete 
| 205|0x00000000ecd00000, 0x00000000ece00000, 0x00000000ece00000|100%| E|CS|TAMS 0x00000000ecd00000, 0x00000000ecd00000| Complete 
| 206|0x00000000ece00000, 0x00000000ecf00000, 0x00000000ecf00000|100%| E|CS|TAMS 0x00000000ece00000, 0x00000000ece00000| Complete 
| 207|0x00000000ecf00000, 0x00000000ed000000, 0x00000000ed000000|100%| E|CS|TAMS 0x00000000ecf00000, 0x00000000ecf00000| Complete 
| 208|0x00000000ed000000, 0x00000000ed100000, 0x00000000ed100000|100%| E|CS|TAMS 0x00000000ed000000, 0x00000000ed000000| Complete 
| 209|0x00000000ed100000, 0x00000000ed200000, 0x00000000ed200000|100%| E|CS|TAMS 0x00000000ed100000, 0x00000000ed100000| Complete 
| 210|0x00000000ed200000, 0x00000000ed300000, 0x00000000ed300000|100%| E|CS|TAMS 0x00000000ed200000, 0x00000000ed200000| Complete 
| 211|0x00000000ed300000, 0x00000000ed400000, 0x00000000ed400000|100%| E|CS|TAMS 0x00000000ed300000, 0x00000000ed300000| Complete 
| 212|0x00000000ed400000, 0x00000000ed500000, 0x00000000ed500000|100%| E|CS|TAMS 0x00000000ed400000, 0x00000000ed400000| Complete 
| 213|0x00000000ed500000, 0x00000000ed600000, 0x00000000ed600000|100%| E|CS|TAMS 0x00000000ed500000, 0x00000000ed500000| Complete 
| 214|0x00000000ed600000, 0x00000000ed700000, 0x00000000ed700000|100%| E|CS|TAMS 0x00000000ed600000, 0x00000000ed600000| Complete 
| 215|0x00000000ed700000, 0x00000000ed800000, 0x00000000ed800000|100%| E|CS|TAMS 0x00000000ed700000, 0x00000000ed700000| Complete 
| 216|0x00000000ed800000, 0x00000000ed900000, 0x00000000ed900000|100%| E|CS|TAMS 0x00000000ed800000, 0x00000000ed800000| Complete 
| 217|0x00000000ed900000, 0x00000000eda00000, 0x00000000eda00000|100%| E|CS|TAMS 0x00000000ed900000, 0x00000000ed900000| Complete 
| 218|0x00000000eda00000, 0x00000000edb00000, 0x00000000edb00000|100%| E|CS|TAMS 0x00000000eda00000, 0x00000000eda00000| Complete 
| 219|0x00000000edb00000, 0x00000000edc00000, 0x00000000edc00000|100%| E|CS|TAMS 0x00000000edb00000, 0x00000000edb00000| Complete 
| 220|0x00000000edc00000, 0x00000000edd00000, 0x00000000edd00000|100%| E|CS|TAMS 0x00000000edc00000, 0x00000000edc00000| Complete 
| 221|0x00000000edd00000, 0x00000000ede00000, 0x00000000ede00000|100%| E|CS|TAMS 0x00000000edd00000, 0x00000000edd00000| Complete 
| 222|0x00000000ede00000, 0x00000000edf00000, 0x00000000edf00000|100%| E|CS|TAMS 0x00000000ede00000, 0x00000000ede00000| Complete 
| 223|0x00000000edf00000, 0x00000000ee000000, 0x00000000ee000000|100%| E|CS|TAMS 0x00000000edf00000, 0x00000000edf00000| Complete 
| 224|0x00000000ee000000, 0x00000000ee100000, 0x00000000ee100000|100%| E|CS|TAMS 0x00000000ee000000, 0x00000000ee000000| Complete 
| 225|0x00000000ee100000, 0x00000000ee200000, 0x00000000ee200000|100%| E|CS|TAMS 0x00000000ee100000, 0x00000000ee100000| Complete 
| 226|0x00000000ee200000, 0x00000000ee300000, 0x00000000ee300000|100%| E|CS|TAMS 0x00000000ee200000, 0x00000000ee200000| Complete 
| 227|0x00000000ee300000, 0x00000000ee400000, 0x00000000ee400000|100%| E|CS|TAMS 0x00000000ee300000, 0x00000000ee300000| Complete 
| 228|0x00000000ee400000, 0x00000000ee500000, 0x00000000ee500000|100%| E|CS|TAMS 0x00000000ee400000, 0x00000000ee400000| Complete 
| 229|0x00000000ee500000, 0x00000000ee600000, 0x00000000ee600000|100%| E|  |TAMS 0x00000000ee500000, 0x00000000ee500000| Complete 
| 230|0x00000000ee600000, 0x00000000ee700000, 0x00000000ee700000|100%| E|CS|TAMS 0x00000000ee600000, 0x00000000ee600000| Complete 
| 231|0x00000000ee700000, 0x00000000ee800000, 0x00000000ee800000|100%| E|CS|TAMS 0x00000000ee700000, 0x00000000ee700000| Complete 
| 232|0x00000000ee800000, 0x00000000ee900000, 0x00000000ee900000|100%| E|CS|TAMS 0x00000000ee800000, 0x00000000ee800000| Complete 
| 233|0x00000000ee900000, 0x00000000eea00000, 0x00000000eea00000|100%| E|CS|TAMS 0x00000000ee900000, 0x00000000ee900000| Complete 
| 234|0x00000000eea00000, 0x00000000eeb00000, 0x00000000eeb00000|100%| E|CS|TAMS 0x00000000eea00000, 0x00000000eea00000| Complete 
| 235|0x00000000eeb00000, 0x00000000eec00000, 0x00000000eec00000|100%| E|CS|TAMS 0x00000000eeb00000, 0x00000000eeb00000| Complete 
| 236|0x00000000eec00000, 0x00000000eed00000, 0x00000000eed00000|100%| E|CS|TAMS 0x00000000eec00000, 0x00000000eec00000| Complete 
| 237|0x00000000eed00000, 0x00000000eee00000, 0x00000000eee00000|100%| E|CS|TAMS 0x00000000eed00000, 0x00000000eed00000| Complete 
| 238|0x00000000eee00000, 0x00000000eef00000, 0x00000000eef00000|100%| E|CS|TAMS 0x00000000eee00000, 0x00000000eee00000| Complete 
| 239|0x00000000eef00000, 0x00000000ef000000, 0x00000000ef000000|100%| E|CS|TAMS 0x00000000eef00000, 0x00000000eef00000| Complete 
| 240|0x00000000ef000000, 0x00000000ef100000, 0x00000000ef100000|100%| E|CS|TAMS 0x00000000ef000000, 0x00000000ef000000| Complete 
| 241|0x00000000ef100000, 0x00000000ef200000, 0x00000000ef200000|100%| E|CS|TAMS 0x00000000ef100000, 0x00000000ef100000| Complete 
| 242|0x00000000ef200000, 0x00000000ef300000, 0x00000000ef300000|100%| E|CS|TAMS 0x00000000ef200000, 0x00000000ef200000| Complete 
| 243|0x00000000ef300000, 0x00000000ef400000, 0x00000000ef400000|100%| E|CS|TAMS 0x00000000ef300000, 0x00000000ef300000| Complete 
| 244|0x00000000ef400000, 0x00000000ef500000, 0x00000000ef500000|100%| E|CS|TAMS 0x00000000ef400000, 0x00000000ef400000| Complete 
| 245|0x00000000ef500000, 0x00000000ef600000, 0x00000000ef600000|100%| E|CS|TAMS 0x00000000ef500000, 0x00000000ef500000| Complete 
| 246|0x00000000ef600000, 0x00000000ef700000, 0x00000000ef700000|100%| E|CS|TAMS 0x00000000ef600000, 0x00000000ef600000| Complete 
| 247|0x00000000ef700000, 0x00000000ef800000, 0x00000000ef800000|100%| E|CS|TAMS 0x00000000ef700000, 0x00000000ef700000| Complete 
| 248|0x00000000ef800000, 0x00000000ef900000, 0x00000000ef900000|100%| E|CS|TAMS 0x00000000ef800000, 0x00000000ef800000| Complete 
| 249|0x00000000ef900000, 0x00000000efa00000, 0x00000000efa00000|100%| E|CS|TAMS 0x00000000ef900000, 0x00000000ef900000| Complete 
| 250|0x00000000efa00000, 0x00000000efb00000, 0x00000000efb00000|100%| E|CS|TAMS 0x00000000efa00000, 0x00000000efa00000| Complete 
| 251|0x00000000efb00000, 0x00000000efc00000, 0x00000000efc00000|100%| E|CS|TAMS 0x00000000efb00000, 0x00000000efb00000| Complete 
| 252|0x00000000efc00000, 0x00000000efd00000, 0x00000000efd00000|100%| E|CS|TAMS 0x00000000efc00000, 0x00000000efc00000| Complete 
| 253|0x00000000efd00000, 0x00000000efe00000, 0x00000000efe00000|100%| E|CS|TAMS 0x00000000efd00000, 0x00000000efd00000| Complete 
| 254|0x00000000efe00000, 0x00000000eff00000, 0x00000000eff00000|100%| E|CS|TAMS 0x00000000efe00000, 0x00000000efe00000| Complete 
| 255|0x00000000eff00000, 0x00000000f0000000, 0x00000000f0000000|100%| E|CS|TAMS 0x00000000eff00000, 0x00000000eff00000| Complete 

Card table byte_map: [0x0000024432a80000,0x0000024432b80000] _byte_map_base: 0x0000024432380000

Marking Bits (Prev, Next): (CMBitMap*) 0x000002441b919e50, (CMBitMap*) 0x000002441b919e10
 Prev Bits: [0x0000024433480000, 0x0000024433c80000)
 Next Bits: [0x0000024432c80000, 0x0000024433480000)

Polling page: 0x00000244196a0000

Metaspace:

Usage:
  Non-class:     28.08 MB used.
      Class:      4.44 MB used.
       Both:     32.53 MB used.

Virtual space:
  Non-class space:       64.00 MB reserved,      28.25 MB ( 44%) committed,  1 nodes.
      Class space:      320.00 MB reserved,       4.62 MB (  1%) committed,  1 nodes.
             Both:      384.00 MB reserved,      32.88 MB (  9%) committed. 

Chunk freelists:
   Non-Class:  2.88 MB
       Class:  11.30 MB
        Both:  14.17 MB

MaxMetaspaceSize: 384.00 MB
CompressedClassSpaceSize: 320.00 MB
Initial GC threshold: 21.00 MB
Current GC threshold: 35.25 MB
CDS: on
MetaspaceReclaimPolicy: balanced
 - commit_granule_bytes: 65536.
 - commit_granule_words: 8192.
 - virtual_space_node_default_size: 8388608.
 - enlarge_chunks_in_place: 1.
 - new_chunks_are_fully_committed: 0.
 - uncommit_free_chunks: 1.
 - use_allocation_guard: 0.
 - handle_deallocations: 1.


Internal statistics:

num_allocs_failed_limit: 3.
num_arena_births: 410.
num_arena_deaths: 0.
num_vsnodes_births: 2.
num_vsnodes_deaths: 0.
num_space_committed: 526.
num_space_uncommitted: 0.
num_chunks_returned_to_freelist: 3.
num_chunks_taken_from_freelist: 1604.
num_chunk_merges: 3.
num_chunk_splits: 1079.
num_chunks_enlarged: 768.
num_inconsistent_stats: 0.

CodeHeap 'non-profiled nmethods': size=120000Kb used=2942Kb max_used=2942Kb free=117057Kb
 bounds [0x000002442aef0000, 0x000002442b1d0000, 0x0000024432420000]
CodeHeap 'profiled nmethods': size=120000Kb used=9229Kb max_used=9229Kb free=110770Kb
 bounds [0x0000024423420000, 0x0000024423d30000, 0x000002442a950000]
CodeHeap 'non-nmethods': size=5760Kb used=2291Kb max_used=2339Kb free=3469Kb
 bounds [0x000002442a950000, 0x000002442abc0000, 0x000002442aef0000]
 total_blobs=5438 nmethods=4640 adapters=710
 compilation: enabled
              stopped_count=0, restarted_count=0
 full_count=0

Compilation events (20 events):
Event: 477.954 Thread 0x000002443691ea50 nmethod 4639 0x0000024423d1e290 code [0x0000024423d1e460, 0x0000024423d1e998]
Event: 477.956 Thread 0x000002443691ea50 4641       1       org.gradle.internal.reflect.MutablePropertyDetails::getBackingField (5 bytes)
Event: 477.958 Thread 0x000002443691ea50 nmethod 4641 0x000002442b1cf090 code [0x000002442b1cf220, 0x000002442b1cf2f8]
Event: 477.969 Thread 0x00000244368eeed0 4642       4       java.util.LinkedHashMap$LinkedValueIterator::next (8 bytes)
Event: 477.971 Thread 0x00000244368eeed0 nmethod 4642 0x000002442b1cf390 code [0x000002442b1cf500, 0x000002442b1cf778]
Event: 477.984 Thread 0x000002443691ea50 4643       3       org.gradle.internal.instantiation.generator.AbstractClassGenerator$PropertyMetadata::isReadableWithoutSetterOfPropertyType (36 bytes)
Event: 477.984 Thread 0x00000244368eeed0 4646       4       java.util.Collections$UnmodifiableCollection$1::next (10 bytes)
Event: 477.985 Thread 0x00000244368eeed0 nmethod 4646 0x000002442b1cf890 code [0x000002442b1cfa00, 0x000002442b1cfa98]
Event: 477.991 Thread 0x000002443691ea50 nmethod 4643 0x0000024423d1eb10 code [0x0000024423d1ed60, 0x0000024423d1f818]
Event: 477.991 Thread 0x000002443691ea50 4644       3       org.gradle.internal.instantiation.generator.AbstractClassGenerator$PropertyMetadata$$Lambda$132/0x00000244381b70b8::<init> (10 bytes)
Event: 477.991 Thread 0x000002443691ea50 nmethod 4644 0x0000024423d1fb90 code [0x0000024423d1fd20, 0x0000024423d1fed8]
Event: 477.991 Thread 0x000002443691ea50 4645       3       java.util.stream.ReferencePipeline::noneMatch (18 bytes)
Event: 477.992 Thread 0x000002443691ea50 nmethod 4645 0x0000024423d1ff90 code [0x0000024423d20140, 0x0000024423d203d8]
Event: 478.448 Thread 0x00000244368eeed0 4647       4       org.codehaus.groovy.runtime.metaclass.MetaMethodIndex::addMethodToList (128 bytes)
Event: 478.450 Thread 0x000002443691ea50 4648       3       org.codehaus.groovy.reflection.CachedClass$CachedMethodComparatorWithString::compare (37 bytes)
Event: 478.470 Thread 0x000002443691ea50 nmethod 4648 0x0000024423d20510 code [0x0000024423d20720, 0x0000024423d20f18]
Event: 478.606 Thread 0x000002443691ea50 4649       3       org.codehaus.groovy.reflection.CachedClass::getMethods (11 bytes)
Event: 478.606 Thread 0x000002443691ea50 nmethod 4649 0x0000024423d21190 code [0x0000024423d21340, 0x0000024423d21608]
Event: 478.609 Thread 0x000002443691ea50 4650       3       groovy.lang.MetaClassImpl::establishStaticMetaProperty (262 bytes)
Event: 478.616 Thread 0x000002443691ea50 nmethod 4650 0x0000024423d21710 code [0x0000024423d219c0, 0x0000024423d231b8]

GC Heap History (8 events):
Event: 7.803 GC heap before
{Heap before GC invocations=0 (full 0):
 garbage-first heap   total 262144K, used 22528K [0x00000000e0000000, 0x0000000100000000)
  region size 1024K, 23 young (23552K), 0 survivors (0K)
 Metaspace       used 1086K, committed 1216K, reserved 393216K
  class space    used 73K, committed 128K, reserved 327680K
}
Event: 8.785 GC heap after
{Heap after GC invocations=1 (full 0):
 garbage-first heap   total 262144K, used 3837K [0x00000000e0000000, 0x0000000100000000)
  region size 1024K, 3 young (3072K), 3 survivors (3072K)
 Metaspace       used 1086K, committed 1216K, reserved 393216K
  class space    used 73K, committed 128K, reserved 327680K
}
Event: 14.832 GC heap before
{Heap before GC invocations=1 (full 0):
 garbage-first heap   total 262144K, used 39677K [0x00000000e0000000, 0x0000000100000000)
  region size 1024K, 36 young (36864K), 3 survivors (3072K)
 Metaspace       used 4395K, committed 4544K, reserved 393216K
  class space    used 546K, committed 640K, reserved 327680K
}
Event: 14.836 GC heap after
{Heap after GC invocations=2 (full 0):
 garbage-first heap   total 262144K, used 11026K [0x00000000e0000000, 0x0000000100000000)
  region size 1024K, 5 young (5120K), 5 survivors (5120K)
 Metaspace       used 4395K, committed 4544K, reserved 393216K
  class space    used 546K, committed 640K, reserved 327680K
}
Event: 20.552 GC heap before
{Heap before GC invocations=2 (full 0):
 garbage-first heap   total 262144K, used 60178K [0x00000000e0000000, 0x0000000100000000)
  region size 1024K, 52 young (53248K), 5 survivors (5120K)
 Metaspace       used 5193K, committed 5376K, reserved 393216K
  class space    used 687K, committed 768K, reserved 327680K
}
Event: 20.557 GC heap after
{Heap after GC invocations=3 (full 0):
 garbage-first heap   total 262144K, used 17087K [0x00000000e0000000, 0x0000000100000000)
  region size 1024K, 5 young (5120K), 5 survivors (5120K)
 Metaspace       used 5193K, committed 5376K, reserved 393216K
  class space    used 687K, committed 768K, reserved 327680K
}
Event: 95.694 GC heap before
{Heap before GC invocations=3 (full 0):
 garbage-first heap   total 262144K, used 126655K [0x00000000e0000000, 0x0000000100000000)
  region size 1024K, 113 young (115712K), 5 survivors (5120K)
 Metaspace       used 21174K, committed 21504K, reserved 393216K
  class space    used 3085K, committed 3264K, reserved 327680K
}
Event: 95.733 GC heap after
{Heap after GC invocations=4 (full 0):
 garbage-first heap   total 262144K, used 23983K [0x00000000e0000000, 0x0000000100000000)
  region size 1024K, 12 young (12288K), 12 survivors (12288K)
 Metaspace       used 21174K, committed 21504K, reserved 393216K
  class space    used 3085K, committed 3264K, reserved 327680K
}

Dll operation events (15 events):
Event: 0.876 Loaded shared library C:\Program Files\Microsoft\jdk-17.0.13.11-hotspot\bin\java.dll
Event: 1.541 Loaded shared library C:\Program Files\Microsoft\jdk-17.0.13.11-hotspot\bin\jsvml.dll
Event: 2.782 Loaded shared library C:\Program Files\Microsoft\jdk-17.0.13.11-hotspot\bin\zip.dll
Event: 2.785 Loaded shared library C:\Program Files\Microsoft\jdk-17.0.13.11-hotspot\bin\instrument.dll
Event: 2.929 Loaded shared library C:\Program Files\Microsoft\jdk-17.0.13.11-hotspot\bin\net.dll
Event: 2.947 Loaded shared library C:\Program Files\Microsoft\jdk-17.0.13.11-hotspot\bin\nio.dll
Event: 2.996 Loaded shared library C:\Program Files\Microsoft\jdk-17.0.13.11-hotspot\bin\zip.dll
Event: 7.141 Loaded shared library C:\Program Files\Microsoft\jdk-17.0.13.11-hotspot\bin\jimage.dll
Event: 8.978 Loaded shared library C:\Program Files\Microsoft\jdk-17.0.13.11-hotspot\bin\verify.dll
Event: 10.146 Loaded shared library C:\Users\DLCH\.gradle\native\1def1411415f61bf3af743bc5b6707747c0891f09f0c88961ee8f79bc544acac\windows-amd64\native-platform.dll
Event: 10.158 Loaded shared library C:\Users\DLCH\.gradle\native\0.2.6\x86_64-windows-gnu\gradle-fileevents.dll
Event: 21.882 Loaded shared library C:\Program Files\Microsoft\jdk-17.0.13.11-hotspot\bin\management.dll
Event: 21.892 Loaded shared library C:\Program Files\Microsoft\jdk-17.0.13.11-hotspot\bin\management_ext.dll
Event: 25.008 Loaded shared library C:\Program Files\Microsoft\jdk-17.0.13.11-hotspot\bin\extnet.dll
Event: 27.966 Loaded shared library C:\Program Files\Microsoft\jdk-17.0.13.11-hotspot\bin\sunmscapi.dll

Deoptimization events (20 events):
Event: 296.528 Thread 0x0000024436a0b820 Uncommon trap: trap_request=0xffffffc6 fr.pc=0x000002442b10b690 relative=0x0000000000005af0
Event: 296.528 Thread 0x0000024436a0b820 Uncommon trap: reason=bimorphic_or_optimized_type_check action=maybe_recompile pc=0x000002442b10b690 method=java.lang.ClassLoader.loadClass(Ljava/lang/String;Z)Ljava/lang/Class; @ 69 c2
Event: 296.528 Thread 0x0000024436a0b820 DEOPT PACKING pc=0x000002442b10b690 sp=0x000000bba10f8d60
Event: 296.528 Thread 0x0000024436a0b820 DEOPT UNPACKING pc=0x000002442a9a69a3 sp=0x000000bba10f8de0 mode 2
Event: 296.747 Thread 0x0000024436a0b820 Uncommon trap: trap_request=0xffffffde fr.pc=0x000002442b16fbe0 relative=0x0000000000000400
Event: 296.747 Thread 0x0000024436a0b820 Uncommon trap: reason=class_check action=maybe_recompile pc=0x000002442b16fbe0 method=java.util.regex.Pattern$Start.match(Ljava/util/regex/Matcher;ILjava/lang/CharSequence;)Z @ 44 c2
Event: 296.747 Thread 0x0000024436a0b820 DEOPT PACKING pc=0x000002442b16fbe0 sp=0x000000bba10f91f0
Event: 296.747 Thread 0x0000024436a0b820 DEOPT UNPACKING pc=0x000002442a9a69a3 sp=0x000000bba10f90b8 mode 2
Event: 296.747 Thread 0x0000024436a0b820 Uncommon trap: trap_request=0xffffffde fr.pc=0x000002442b16fbe0 relative=0x0000000000000400
Event: 296.747 Thread 0x0000024436a0b820 Uncommon trap: reason=class_check action=maybe_recompile pc=0x000002442b16fbe0 method=java.util.regex.Pattern$Start.match(Ljava/util/regex/Matcher;ILjava/lang/CharSequence;)Z @ 44 c2
Event: 296.747 Thread 0x0000024436a0b820 DEOPT PACKING pc=0x000002442b16fbe0 sp=0x000000bba10f91f0
Event: 296.747 Thread 0x0000024436a0b820 DEOPT UNPACKING pc=0x000002442a9a69a3 sp=0x000000bba10f90b8 mode 2
Event: 296.748 Thread 0x0000024436a0b820 Uncommon trap: trap_request=0xffffffde fr.pc=0x000002442b165140 relative=0x00000000000003e0
Event: 296.748 Thread 0x0000024436a0b820 Uncommon trap: reason=class_check action=maybe_recompile pc=0x000002442b165140 method=java.util.regex.Pattern$Start.match(Ljava/util/regex/Matcher;ILjava/lang/CharSequence;)Z @ 44 c2
Event: 296.748 Thread 0x0000024436a0b820 DEOPT PACKING pc=0x000002442b165140 sp=0x000000bba10f9180
Event: 296.748 Thread 0x0000024436a0b820 DEOPT UNPACKING pc=0x000002442a9a69a3 sp=0x000000bba10f90c0 mode 2
Event: 296.748 Thread 0x0000024436a0b820 Uncommon trap: trap_request=0xffffffde fr.pc=0x000002442b16781c relative=0x00000000000002dc
Event: 296.748 Thread 0x0000024436a0b820 Uncommon trap: reason=class_check action=maybe_recompile pc=0x000002442b16781c method=java.util.regex.Pattern$Start.match(Ljava/util/regex/Matcher;ILjava/lang/CharSequence;)Z @ 44 c2
Event: 296.748 Thread 0x0000024436a0b820 DEOPT PACKING pc=0x000002442b16781c sp=0x000000bba10f9100
Event: 296.748 Thread 0x0000024436a0b820 DEOPT UNPACKING pc=0x000002442a9a69a3 sp=0x000000bba10f90c0 mode 2

Classes loaded (20 events):
Event: 295.821 Loading class java/util/WeakHashMap$KeyIterator
Event: 295.821 Loading class java/util/WeakHashMap$HashIterator
Event: 295.821 Loading class java/util/WeakHashMap$HashIterator done
Event: 295.821 Loading class java/util/WeakHashMap$KeyIterator done
Event: 296.565 Loading class jdk/internal/reflect/UnsafeObjectFieldAccessorImpl
Event: 296.565 Loading class jdk/internal/reflect/UnsafeObjectFieldAccessorImpl done
Event: 296.645 Loading class sun/reflect/MagicAccessorImpl
Event: 296.645 Loading class sun/reflect/MagicAccessorImpl done
Event: 296.746 Loading class sun/reflect/generics/tree/IntSignature
Event: 296.747 Loading class sun/reflect/generics/tree/IntSignature done
Event: 296.747 Loading class sun/reflect/generics/tree/ArrayTypeSignature
Event: 296.747 Loading class sun/reflect/generics/tree/ArrayTypeSignature done
Event: 296.752 Loading class com/sun/beans/finder/MethodFinder
Event: 296.752 Loading class com/sun/beans/finder/AbstractFinder
Event: 296.752 Loading class com/sun/beans/finder/AbstractFinder done
Event: 296.752 Loading class com/sun/beans/finder/MethodFinder done
Event: 296.752 Loading class com/sun/beans/finder/MethodFinder$1
Event: 296.752 Loading class com/sun/beans/finder/MethodFinder$1 done
Event: 296.753 Loading class com/sun/beans/finder/FinderUtils
Event: 296.753 Loading class com/sun/beans/finder/FinderUtils done

Classes unloaded (0 events):
No events

Classes redefined (0 events):
No events

Internal exceptions (20 events):
Event: 295.979 Thread 0x0000024436a0b820 Exception <a 'java/lang/ClassNotFoundException'{0x00000000e9e01170}: org/gradle/initialization/InitScriptCustomizer> (0x00000000e9e01170) 
thrown [s\src\hotspot\share\classfile\systemDictionary.cpp, line 256]
Event: 295.985 Thread 0x0000024436a0b820 Exception <a 'java/lang/ClassNotFoundException'{0x00000000e9e0fd28}: ijMapper1_28n1iktaosdj2ney5fa724br7Customizer> (0x00000000e9e0fd28) 
thrown [s\src\hotspot\share\classfile\systemDictionary.cpp, line 256]
Event: 296.079 Thread 0x0000024436a0b820 Exception <a 'java/lang/ClassNotFoundException'{0x00000000e9ee8fa8}: org/gradle/internal/extensibility/DefaultExtraPropertiesExtensionBeanInfo> (0x00000000e9ee8fa8) 
thrown [s\src\hotspot\share\classfile\systemDictionary.cpp, line 256]
Event: 296.081 Thread 0x0000024436a0b820 Exception <a 'java/lang/ClassNotFoundException'{0x00000000e9ef3410}: org/gradle/internal/extensibility/DefaultExtraPropertiesExtensionCustomizer> (0x00000000e9ef3410) 
thrown [s\src\hotspot\share\classfile\systemDictionary.cpp, line 256]
Event: 296.270 Thread 0x0000024436a0b820 Exception <a 'java/lang/NoSuchMethodError'{0x00000000e9c5c708}: 'java.lang.Object java.lang.invoke.DirectMethodHandle$Holder.invokeSpecialIFC(java.lang.Object, java.lang.Object, java.lang.Object, java.lang.Object)'> (0x00000000e9c5c708) 
thrown [s\src\hotspot\share\interpreter\linkResolver.cpp, line 759]
Event: 296.306 Thread 0x0000024436a0b820 Exception <a 'java/lang/NoSuchMethodError'{0x00000000e9cba968}: 'java.lang.Object java.lang.invoke.DirectMethodHandle$Holder.newInvokeSpecial(java.lang.Object, java.lang.Object, java.lang.Object, java.lang.Object, java.lang.Object, java.lang.Object, java.lang.Object, java.lang.Object, java.lang.Object, java.lang.Object)'> (0x00000000e9cba968) 
thrown [s\src\hotspot\share\interpreter\linkResolver.cpp, line 759]
Event: 296.307 Thread 0x0000024436a0b820 Exception <a 'java/lang/NoSuchMethodError'{0x00000000e9cbf5a8}: 'java.lang.Object java.lang.invoke.Invokers$Holder.linkToTargetMethod(java.lang.Object, java.lang.Object, java.lang.Object, java.lang.Object, java.lang.Object, java.lang.Object, java.lang.Object, java.lang.Object, java.lang.Object, java.lang.Object)'> (0x00000000e9cbf5a8) 
thrown [s\src\hotspot\share\interpreter\linkResolver.cpp, line 759]
Event: 296.451 Thread 0x0000024436a0b820 Exception <a 'java/lang/NoSuchMethodError'{0x00000000e9ac5d50}: 'void java.lang.invoke.Invokers$Holder.invoke_MT(java.lang.Object, java.lang.Object, java.lang.Object, java.lang.Object)'> (0x00000000e9ac5d50) 
thrown [s\src\hotspot\share\interpreter\linkResolver.cpp, line 759]
Event: 296.525 Thread 0x0000024436a0b820 Exception <a 'java/lang/ClassNotFoundException'{0x00000000e9841b48}: org/gradle/invocation/DefaultGradle_DecoratedBeanInfo> (0x00000000e9841b48) 
thrown [s\src\hotspot\share\classfile\systemDictionary.cpp, line 256]
Event: 296.529 Thread 0x0000024436a0b820 Exception <a 'java/lang/ClassNotFoundException'{0x00000000e9850630}: org/gradle/invocation/DefaultGradleBeanInfo> (0x00000000e9850630) 
thrown [s\src\hotspot\share\classfile\systemDictionary.cpp, line 256]
Event: 296.531 Thread 0x0000024436a0b820 Exception <a 'java/lang/ClassNotFoundException'{0x00000000e985f790}: org/gradle/api/internal/project/AbstractPluginAwareBeanInfo> (0x00000000e985f790) 
thrown [s\src\hotspot\share\classfile\systemDictionary.cpp, line 256]
Event: 296.532 Thread 0x0000024436a0b820 Exception <a 'java/lang/ClassNotFoundException'{0x00000000e986e940}: org/gradle/api/internal/project/AbstractPluginAwareCustomizer> (0x00000000e986e940) 
thrown [s\src\hotspot\share\classfile\systemDictionary.cpp, line 256]
Event: 296.535 Thread 0x0000024436a0b820 Exception <a 'java/lang/ClassNotFoundException'{0x00000000e9883238}: org/gradle/invocation/DefaultGradleCustomizer> (0x00000000e9883238) 
thrown [s\src\hotspot\share\classfile\systemDictionary.cpp, line 256]
Event: 296.540 Thread 0x0000024436a0b820 Exception <a 'java/lang/ClassNotFoundException'{0x00000000e98c3e40}: org/gradle/invocation/DefaultGradle_DecoratedCustomizer> (0x00000000e98c3e40) 
thrown [s\src\hotspot\share\classfile\systemDictionary.cpp, line 256]
Event: 296.739 Thread 0x0000024436a0b820 Exception <a 'java/lang/ClassNotFoundException'{0x00000000e94968f0}: groovy/lang/Closure$1BeanInfo> (0x00000000e94968f0) 
thrown [s\src\hotspot\share\classfile\systemDictionary.cpp, line 256]
Event: 296.742 Thread 0x0000024436a0b820 Exception <a 'java/lang/ClassNotFoundException'{0x00000000e94b2908}: groovy/lang/ClosureBeanInfo> (0x00000000e94b2908) 
thrown [s\src\hotspot\share\classfile\systemDictionary.cpp, line 256]
Event: 296.745 Thread 0x0000024436a0b820 Exception <a 'java/lang/ClassNotFoundException'{0x00000000e94ce828}: groovy/lang/ClosureCustomizer> (0x00000000e94ce828) 
thrown [s\src\hotspot\share\classfile\systemDictionary.cpp, line 256]
Event: 296.752 Thread 0x0000024436a0b820 Exception <a 'java/lang/ClassNotFoundException'{0x00000000e930e590}: groovy/lang/Closure$1Customizer> (0x00000000e930e590) 
thrown [s\src\hotspot\share\classfile\systemDictionary.cpp, line 256]
Event: 478.483 Thread 0x0000024436a0b820 Exception <a 'java/lang/ClassNotFoundException'{0x00000000e6e0fd88}: ijresolvers1_1q9uo6ks659jpoao3cfip2gwdBeanInfo> (0x00000000e6e0fd88) 
thrown [s\src\hotspot\share\classfile\systemDictionary.cpp, line 256]
Event: 478.501 Thread 0x0000024436a0b820 Exception <a 'java/lang/ClassNotFoundException'{0x00000000e6e16530}: ijresolvers1_1q9uo6ks659jpoao3cfip2gwdCustomizer> (0x00000000e6e16530) 
thrown [s\src\hotspot\share\classfile\systemDictionary.cpp, line 256]

VM Operations (20 events):
Event: 348.042 Executing VM operation: Cleanup
Event: 348.042 Executing VM operation: Cleanup done
Event: 375.277 Executing VM operation: Cleanup
Event: 375.277 Executing VM operation: Cleanup done
Event: 399.507 Executing VM operation: Cleanup
Event: 399.508 Executing VM operation: Cleanup done
Event: 401.529 Executing VM operation: Cleanup
Event: 401.529 Executing VM operation: Cleanup done
Event: 406.578 Executing VM operation: Cleanup
Event: 406.578 Executing VM operation: Cleanup done
Event: 408.594 Executing VM operation: Cleanup
Event: 408.594 Executing VM operation: Cleanup done
Event: 443.925 Executing VM operation: Cleanup
Event: 443.925 Executing VM operation: Cleanup done
Event: 445.945 Executing VM operation: Cleanup
Event: 445.945 Executing VM operation: Cleanup done
Event: 475.230 Executing VM operation: Cleanup
Event: 475.230 Executing VM operation: Cleanup done
Event: 478.256 Executing VM operation: Cleanup
Event: 478.257 Executing VM operation: Cleanup done

Memory protections (0 events):
No events

Nmethod flushes (0 events):
No events

Events (20 events):
Event: 106.792 Thread 0x0000024451c64fc0 Thread added: 0x0000024451c64ab0
Event: 106.871 Thread 0x0000024451c64ab0 Thread exited: 0x0000024451c64ab0
Event: 122.416 Thread 0x0000024436a0b820 Thread added: 0x0000024451c64ab0
Event: 166.980 Thread 0x0000024451c64fc0 Thread exited: 0x0000024451c64fc0
Event: 189.037 Thread 0x0000024436a0bd30 Thread exited: 0x0000024436a0bd30
Event: 290.262 Thread 0x0000024436a0e5b0 Thread added: 0x0000024451c63b80
Event: 290.367 Thread 0x0000024436a0b820 Thread added: 0x0000024451c64fc0
Event: 290.986 Thread 0x000002443691ea50 Thread added: 0x0000024451eea540
Event: 291.697 Thread 0x0000024451eea540 Thread exited: 0x0000024451eea540
Event: 291.790 Thread 0x00000244368eeed0 Thread added: 0x0000024451eea540
Event: 291.998 Thread 0x0000024451eea540 Thread exited: 0x0000024451eea540
Event: 295.774 Thread 0x000002443691ea50 Thread added: 0x0000024454a2a8b0
Event: 296.118 Thread 0x0000024454a2a8b0 Thread exited: 0x0000024454a2a8b0
Event: 296.204 Thread 0x0000024436a0b820 Thread added: 0x0000024451c66400
Event: 296.343 Thread 0x0000024436a0b820 Thread added: 0x0000024451c63670
Event: 296.547 Thread 0x000002443691ea50 Thread added: 0x0000024454444030
Event: 297.688 Thread 0x0000024454444030 Thread exited: 0x0000024454444030
Event: 374.875 Thread 0x0000024451c63b80 Thread exited: 0x0000024451c63b80
Event: 474.859 Thread 0x0000024436a0e5b0 Thread added: 0x0000024451c63160
Event: 474.999 Thread 0x0000024436a0b820 Thread added: 0x0000024451c659e0


Dynamic libraries:
0x00007ff7a2210000 - 0x00007ff7a221e000 	C:\Program Files\Microsoft\jdk-17.0.13.11-hotspot\bin\java.exe
0x00007ffd43f80000 - 0x00007ffd441e3000 	C:\WINDOWS\SYSTEM32\ntdll.dll
0x00007ffd42f00000 - 0x00007ffd42fc7000 	C:\WINDOWS\System32\KERNEL32.DLL
0x00007ffd41660000 - 0x00007ffd41a27000 	C:\WINDOWS\System32\KERNELBASE.dll
0x00007ffd41bb0000 - 0x00007ffd41cfc000 	C:\WINDOWS\System32\ucrtbase.dll
0x00007ffd23dd0000 - 0x00007ffd23de7000 	C:\Program Files\Microsoft\jdk-17.0.13.11-hotspot\bin\jli.dll
0x00007ffd42d10000 - 0x00007ffd42ed9000 	C:\WINDOWS\System32\USER32.dll
0x00007ffd41320000 - 0x00007ffd41347000 	C:\WINDOWS\System32\win32u.dll
0x00007ffd29440000 - 0x00007ffd296d0000 	C:\WINDOWS\WinSxS\amd64_microsoft.windows.common-controls_6595b64144ccf1df_6.0.26100.3037_none_3e09262ce333c378\COMCTL32.dll
0x00007ffd43d30000 - 0x00007ffd43dd9000 	C:\WINDOWS\System32\msvcrt.dll
0x00007ffd41e50000 - 0x00007ffd41e7a000 	C:\WINDOWS\System32\GDI32.dll
0x00007ffd41350000 - 0x00007ffd4147b000 	C:\WINDOWS\System32\gdi32full.dll
0x00007ffd41480000 - 0x00007ffd41523000 	C:\WINDOWS\System32\msvcp_win.dll
0x00007ffd17ed0000 - 0x00007ffd17eed000 	C:\Program Files\Microsoft\jdk-17.0.13.11-hotspot\bin\VCRUNTIME140.dll
0x00007ffd42590000 - 0x00007ffd425bf000 	C:\WINDOWS\System32\IMM32.DLL
0x00007ffd3c510000 - 0x00007ffd3c51c000 	C:\Program Files\Microsoft\jdk-17.0.13.11-hotspot\bin\vcruntime140_1.dll
0x00007ffd0de50000 - 0x00007ffd0dedd000 	C:\Program Files\Microsoft\jdk-17.0.13.11-hotspot\bin\msvcp140.dll
0x00007ffcabfa0000 - 0x00007ffcacc11000 	C:\Program Files\Microsoft\jdk-17.0.13.11-hotspot\bin\server\jvm.dll
0x00007ffd43230000 - 0x00007ffd432e4000 	C:\WINDOWS\System32\ADVAPI32.dll
0x00007ffd42970000 - 0x00007ffd42a16000 	C:\WINDOWS\System32\sechost.dll
0x00007ffd42740000 - 0x00007ffd42856000 	C:\WINDOWS\System32\RPCRT4.dll
0x00007ffd41dd0000 - 0x00007ffd41e44000 	C:\WINDOWS\System32\WS2_32.dll
0x00007ffd3ffe0000 - 0x00007ffd4002e000 	C:\WINDOWS\SYSTEM32\POWRPROF.dll
0x00007ffd30780000 - 0x00007ffd307b6000 	C:\WINDOWS\SYSTEM32\WINMM.dll
0x00007ffd39100000 - 0x00007ffd3910b000 	C:\WINDOWS\SYSTEM32\VERSION.dll
0x00007ffd3ffc0000 - 0x00007ffd3ffd4000 	C:\WINDOWS\SYSTEM32\UMPDC.dll
0x00007ffd40260000 - 0x00007ffd4027a000 	C:\WINDOWS\SYSTEM32\kernel.appcore.dll
0x00007ffd3b520000 - 0x00007ffd3b52a000 	C:\Program Files\Microsoft\jdk-17.0.13.11-hotspot\bin\jimage.dll
0x00007ffd3ec60000 - 0x00007ffd3eea1000 	C:\WINDOWS\SYSTEM32\DBGHELP.DLL
0x00007ffd432f0000 - 0x00007ffd4366e000 	C:\WINDOWS\System32\combase.dll
0x00007ffd42860000 - 0x00007ffd42936000 	C:\WINDOWS\System32\OLEAUT32.dll
0x00007ffd1e760000 - 0x00007ffd1e799000 	C:\WINDOWS\SYSTEM32\dbgcore.DLL
0x00007ffd41530000 - 0x00007ffd415c9000 	C:\WINDOWS\System32\bcryptPrimitives.dll
0x00007ffd3b1e0000 - 0x00007ffd3b1ee000 	C:\Program Files\Microsoft\jdk-17.0.13.11-hotspot\bin\instrument.dll
0x00007ffd163d0000 - 0x00007ffd163f5000 	C:\Program Files\Microsoft\jdk-17.0.13.11-hotspot\bin\java.dll
0x00007ffcf6880000 - 0x00007ffcf6957000 	C:\Program Files\Microsoft\jdk-17.0.13.11-hotspot\bin\jsvml.dll
0x00007ffd41e80000 - 0x00007ffd42584000 	C:\WINDOWS\System32\SHELL32.dll
0x00007ffd3f080000 - 0x00007ffd3f8b7000 	C:\WINDOWS\SYSTEM32\windows.storage.dll
0x00007ffd425d0000 - 0x00007ffd426b9000 	C:\WINDOWS\System32\SHCORE.dll
0x00007ffd42b00000 - 0x00007ffd42b5d000 	C:\WINDOWS\System32\shlwapi.dll
0x00007ffd41230000 - 0x00007ffd4125e000 	C:\WINDOWS\SYSTEM32\profapi.dll
0x00007ffd17eb0000 - 0x00007ffd17ec8000 	C:\Program Files\Microsoft\jdk-17.0.13.11-hotspot\bin\zip.dll
0x00007ffd14bf0000 - 0x00007ffd14c0a000 	C:\Program Files\Microsoft\jdk-17.0.13.11-hotspot\bin\net.dll
0x00007ffd3b9b0000 - 0x00007ffd3bace000 	C:\WINDOWS\SYSTEM32\WINHTTP.dll
0x00007ffd40770000 - 0x00007ffd407da000 	C:\WINDOWS\system32\mswsock.dll
0x00007ffd14bd0000 - 0x00007ffd14be6000 	C:\Program Files\Microsoft\jdk-17.0.13.11-hotspot\bin\nio.dll
0x00007ffd3b170000 - 0x00007ffd3b180000 	C:\Program Files\Microsoft\jdk-17.0.13.11-hotspot\bin\verify.dll
0x00007ffd38230000 - 0x00007ffd38257000 	C:\Users\DLCH\.gradle\native\1def1411415f61bf3af743bc5b6707747c0891f09f0c88961ee8f79bc544acac\windows-amd64\native-platform.dll
0x00007ffd0ddd0000 - 0x00007ffd0de48000 	C:\Users\DLCH\.gradle\native\0.2.6\x86_64-windows-gnu\gradle-fileevents.dll
0x00007ffd396b0000 - 0x00007ffd396ba000 	C:\Program Files\Microsoft\jdk-17.0.13.11-hotspot\bin\management.dll
0x00007ffd39670000 - 0x00007ffd3967b000 	C:\Program Files\Microsoft\jdk-17.0.13.11-hotspot\bin\management_ext.dll
0x00007ffd43780000 - 0x00007ffd43788000 	C:\WINDOWS\System32\PSAPI.DLL
0x00007ffd3fc70000 - 0x00007ffd3fca2000 	C:\WINDOWS\SYSTEM32\IPHLPAPI.DLL
0x00007ffd43840000 - 0x00007ffd4384a000 	C:\WINDOWS\System32\NSI.dll
0x00007ffd3b7a0000 - 0x00007ffd3b7bf000 	C:\WINDOWS\SYSTEM32\dhcpcsvc6.DLL
0x00007ffd3b770000 - 0x00007ffd3b795000 	C:\WINDOWS\SYSTEM32\dhcpcsvc.DLL
0x00007ffd3fd10000 - 0x00007ffd3fe35000 	C:\WINDOWS\SYSTEM32\DNSAPI.dll
0x00007ffd395c0000 - 0x00007ffd395c9000 	C:\Program Files\Microsoft\jdk-17.0.13.11-hotspot\bin\extnet.dll
0x00007ffd40a10000 - 0x00007ffd40a2c000 	C:\WINDOWS\SYSTEM32\CRYPTSP.dll
0x00007ffd401c0000 - 0x00007ffd401f8000 	C:\WINDOWS\system32\rsaenh.dll
0x00007ffd40810000 - 0x00007ffd4083b000 	C:\WINDOWS\SYSTEM32\USERENV.dll
0x00007ffd40c50000 - 0x00007ffd40c76000 	C:\WINDOWS\SYSTEM32\bcrypt.dll
0x00007ffd40a30000 - 0x00007ffd40a3c000 	C:\WINDOWS\SYSTEM32\CRYPTBASE.dll
0x00007ffd383a0000 - 0x00007ffd383ae000 	C:\Program Files\Microsoft\jdk-17.0.13.11-hotspot\bin\sunmscapi.dll
0x00007ffd41a30000 - 0x00007ffd41ba6000 	C:\WINDOWS\System32\CRYPT32.dll
0x00007ffd40c10000 - 0x00007ffd40c40000 	C:\WINDOWS\SYSTEM32\ncrypt.dll
0x00007ffd40bc0000 - 0x00007ffd40bff000 	C:\WINDOWS\SYSTEM32\NTASN1.dll
0x00007ffd03970000 - 0x00007ffd03978000 	C:\WINDOWS\system32\wshunix.dll

dbghelp: loaded successfully - version: 4.0.5 - missing functions: none
symbol engine: initialized successfully - sym options: 0x614 - pdb path: .;C:\Program Files\Microsoft\jdk-17.0.13.11-hotspot\bin;C:\WINDOWS\SYSTEM32;C:\WINDOWS\WinSxS\amd64_microsoft.windows.common-controls_6595b64144ccf1df_6.0.26100.3037_none_3e09262ce333c378;C:\Program Files\Microsoft\jdk-17.0.13.11-hotspot\bin\server;C:\Users\DLCH\.gradle\native\1def1411415f61bf3af743bc5b6707747c0891f09f0c88961ee8f79bc544acac\windows-amd64;C:\Users\DLCH\.gradle\native\0.2.6\x86_64-windows-gnu

VM Arguments:
jvm_args: --add-opens=java.base/java.lang=ALL-UNNAMED --add-opens=java.base/java.lang.invoke=ALL-UNNAMED --add-opens=java.base/java.util=ALL-UNNAMED --add-opens=java.prefs/java.util.prefs=ALL-UNNAMED --add-exports=jdk.compiler/com.sun.tools.javac.api=ALL-UNNAMED --add-exports=jdk.compiler/com.sun.tools.javac.util=ALL-UNNAMED --add-opens=java.base/java.util=ALL-UNNAMED --add-opens=java.prefs/java.util.prefs=ALL-UNNAMED --add-opens=java.base/java.nio.charset=ALL-UNNAMED --add-opens=java.base/java.net=ALL-UNNAMED --add-opens=java.base/java.util.concurrent.atomic=ALL-UNNAMED --add-opens=java.xml/javax.xml.namespace=ALL-UNNAMED -XX:MaxMetaspaceSize=384m -XX:+HeapDumpOnOutOfMemoryError -Xms256m -Xmx512m -Dfile.encoding=UTF-8 -Duser.country=US -Duser.language=en -Duser.variant -javaagent:C:\Users\DLCH\.gradle\wrapper\dists\gradle-8.12.1-bin\eumc4uhoysa37zql93vfjkxy0\gradle-8.12.1\lib\agents\gradle-instrumentation-agent-8.12.1.jar 
java_command: org.gradle.launcher.daemon.bootstrap.GradleDaemon 8.12.1
java_class_path (initial): C:\Users\DLCH\.gradle\wrapper\dists\gradle-8.12.1-bin\eumc4uhoysa37zql93vfjkxy0\gradle-8.12.1\lib\gradle-daemon-main-8.12.1.jar
Launcher Type: SUN_STANDARD

[Global flags]
     intx CICompilerCount                          = 4                                         {product} {ergonomic}
   size_t CompressedClassSpaceSize                 = 335544320                                 {product} {ergonomic}
     uint ConcGCThreads                            = 3                                         {product} {ergonomic}
     uint G1ConcRefinementThreads                  = 10                                        {product} {ergonomic}
   size_t G1HeapRegionSize                         = 1048576                                   {product} {ergonomic}
    uintx GCDrainStackTargetSize                   = 64                                        {product} {ergonomic}
     bool HeapDumpOnOutOfMemoryError               = true                                   {manageable} {command line}
   size_t InitialHeapSize                          = 268435456                                 {product} {command line}
   size_t MarkStackSize                            = 4194304                                   {product} {ergonomic}
   size_t MaxHeapSize                              = 536870912                                 {product} {command line}
   size_t MaxMetaspaceSize                         = 402653184                                 {product} {command line}
   size_t MaxNewSize                               = 321912832                                 {product} {ergonomic}
   size_t MinHeapDeltaBytes                        = 1048576                                   {product} {ergonomic}
   size_t MinHeapSize                              = 268435456                                 {product} {command line}
    uintx NonNMethodCodeHeapSize                   = 5839372                                {pd product} {ergonomic}
    uintx NonProfiledCodeHeapSize                  = 122909434                              {pd product} {ergonomic}
    uintx ProfiledCodeHeapSize                     = 122909434                              {pd product} {ergonomic}
    uintx ReservedCodeCacheSize                    = 251658240                              {pd product} {ergonomic}
     bool SegmentedCodeCache                       = true                                      {product} {ergonomic}
   size_t SoftMaxHeapSize                          = 536870912                              {manageable} {ergonomic}
     bool UseCompressedClassPointers               = true                           {product lp64_product} {ergonomic}
     bool UseCompressedOops                        = true                           {product lp64_product} {ergonomic}
     bool UseG1GC                                  = true                                      {product} {ergonomic}
     bool UseLargePagesIndividualAllocation        = false                                  {pd product} {ergonomic}

Logging:
Log output configuration:
 #0: stdout all=warning uptime,level,tags
 #1: stderr all=off uptime,level,tags

Environment Variables:
JAVA_HOME=C:\Program Files\Microsoft\jdk-17.0.13.11-hotspot\
PATH=C:\Program Files\Microsoft\jdk-17.0.13.11-hotspot\bin;C:\Program Files\Microsoft\jdk-17.0.13.11-hotspot\\bin;C:\Program Files\Common Files\Oracle\Java\javapath;C:\WINDOWS\system32;C:\WINDOWS;C:\WINDOWS\System32\Wbem;C:\WINDOWS\System32\WindowsPowerShell\v1.0\;C:\WINDOWS\System32\OpenSSH\;C:\Program Files\Git\cmd;C:\ProgramData\chocolatey\bin;C:\Program Files\nodejs\;C:\Program Files\Amazon\AWSCLIV2\;C:\Users\DLCH\AppData\Local\Android\Sdk\platform-tools;C:\Users\DLCH\AppData\Local\Android\Sdk\tools;C:\Users\DLCH\AppData\Local\Android\Sdk\cmdline-tools\latest\bin;C:\Users\DLCH\AppData\Local\Programs\Python\Python310\Scripts;C:\Users\DLCH\AppData\Local\Programs\Python\Python310;C:\Users\DLCH\AppData\Local\Programs\Python\Launcher\;C:\Users\DLCH\AppData\Local\Microsoft\WindowsApps;C:\Users\DLCH\AppData\Local\Programs\Microsoft VS Code\bin;C:\Winutils\bin;C:\SPARK\spark-3.4.4-bin-hadoop3\bin;C:\Users\DLCH\AppData\Roaming\npm;C:\Program Files\nodejs\;
USERNAME=DLCH
OS=Windows_NT
PROCESSOR_IDENTIFIER=AMD64 Family 23 Model 96 Stepping 1, AuthenticAMD
TMP=C:\Users\DLCH\AppData\Local\Temp
TEMP=C:\Users\DLCH\AppData\Local\Temp



Periodic native trim disabled


---------------  S Y S T E M  ---------------

OS:
 Windows 11 , 64 bit Build 26100 (10.0.26100.3037)
OS uptime: 0 days 2:18 hours

CPU: total 12 (initial active 12) (12 cores per cpu, 2 threads per core) family 23 model 96 stepping 1 microcode 0x8600106, cx8, cmov, fxsr, ht, mmx, 3dnowpref, sse, sse2, sse3, ssse3, sse4a, sse4.1, sse4.2, popcnt, lzcnt, tsc, tscinvbit, avx, avx2, aes, clmul, bmi1, bmi2, adx, sha, fma, vzeroupper, clflush, clflushopt
Processor Information for the first 12 processors :
  Max Mhz: 3000, Current Mhz: 3000, Mhz Limit: 3000

Memory: 4k page, system-wide physical 15741M (3M free)
TotalPageFile size 64893M (AvailPageFile size 3M)
current process WorkingSet (physical memory assigned to process): 61M, peak: 181M
current process commit charge ("private bytes"): 440M, peak: 460M

vm_info: OpenJDK 64-Bit Server VM (17.0.13+11-LTS) for windows-amd64 JRE (17.0.13+11-LTS), built on Oct 11 2024 23:25:05 by "MicrosoftCorporation" with unknown MS VC++:1939

END.
